2021-06-05T16:03:32.841+0800	controller/handler.go:24	[GoAdmin] [37;44m 200 [0m [37;104m GET   [0m /admin/login
2021-06-05T16:03:32.858+0800	controller/handler.go:24	[GoAdmin] [37;44m 200 [0m [37;104m GET   [0m /admin/assets/login/dist/all.min.css
2021-06-05T16:03:32.858+0800	controller/handler.go:24	[GoAdmin] [37;44m 200 [0m [37;104m GET   [0m /admin/assets/login/dist/all.min.js
2021-06-05T16:03:38.071+0800	controller/handler.go:24	[GoAdmin] [37;44m 200 [0m [37;104m POST   [0m /admin/signin
2021-06-05T16:03:38.112+0800	controller/handler.go:24	[GoAdmin] [37;44m 200 [0m [37;104m GET   [0m /admin/assets/dist/js/all.min.8425540791.js
2021-06-05T16:03:38.118+0800	controller/handler.go:24	[GoAdmin] [37;44m 200 [0m [37;104m GET   [0m /admin/assets/dist/css/all.min.79250b7051.css
2021-06-05T16:03:38.129+0800	controller/handler.go:24	[GoAdmin] [37;44m 200 [0m [37;104m GET   [0m /admin/assets/dist/js/datatable.min.581cdc109b.js
2021-06-05T16:03:38.162+0800	controller/handler.go:24	[GoAdmin] [37;44m 200 [0m [37;104m GET   [0m /admin/assets/dist/js/tree.min.e1faf8b7de.js
2021-06-05T16:03:38.163+0800	controller/handler.go:24	[GoAdmin] [37;44m 200 [0m [37;104m GET   [0m /admin/assets/dist/js/form.min.f8678914e9.js
2021-06-05T16:03:38.163+0800	controller/handler.go:24	[GoAdmin] [37;44m 200 [0m [37;104m GET   [0m /admin/assets/dist/js/treeview.min.7780d3bb0f.js
2021-06-05T16:03:38.164+0800	controller/handler.go:24	[GoAdmin] [37;44m 200 [0m [37;104m GET   [0m /admin/assets/dist/img/avatar04.png
2021-06-05T16:03:38.165+0800	controller/handler.go:24	[GoAdmin] [37;44m 200 [0m [37;104m GET   [0m /admin/assets/dist/js/all_2.min.38a2a946b0.js
2021-06-05T16:03:38.166+0800	controller/handler.go:24	[GoAdmin] [37;44m 200 [0m [37;104m GET   [0m /admin/assets/chart.min.js
2021-06-05T16:03:38.202+0800	controller/handler.go:24	[GoAdmin] [37;44m 200 [0m [37;104m GET   [0m /admin/assets/dist/fonts/fontawesome-webfont.woff2
2021-06-05T16:03:38.379+0800	controller/handler.go:24	[GoAdmin] [37;44m 200 [0m [37;104m GET   [0m /admin/assets/dist/css/fonts/6xK3dSBYKcSV-LCoeQqfX1RYOo3qOK7g.ttf
2021-06-05T16:03:38.439+0800	controller/handler.go:24	[GoAdmin] [37;44m 200 [0m [37;104m GET   [0m /admin/assets/dist/css/fonts/6xKydSBYKcSV-LCoeQqfX1RYOo3i54rwlxdr.ttf
2021-06-05T16:03:44.880+0800	controller/handler.go:24	[GoAdmin] [37;44m 200 [0m [37;104m GET   [0m /admin/info/generate/new
2021-06-05T16:04:15.571+0800	controller/handler.go:24	[GoAdmin] [37;44m 302 [0m [37;104m GET   [0m /admin/logout
2021-06-05T16:04:15.573+0800	controller/handler.go:24	[GoAdmin] [37;44m 200 [0m [37;104m GET   [0m /admin/login
2021-06-05T16:04:26.412+0800	controller/handler.go:24	[GoAdmin] [37;44m 200 [0m [37;104m GET   [0m /admin/login
2021-06-05T16:04:26.425+0800	controller/handler.go:24	[GoAdmin] [37;44m 200 [0m [37;104m GET   [0m /admin/assets/login/dist/all.min.css
2021-06-05T16:04:26.426+0800	controller/handler.go:24	[GoAdmin] [37;44m 200 [0m [37;104m GET   [0m /admin/assets/login/dist/all.min.js
2021-06-05T16:05:12.487+0800	controller/handler.go:24	[GoAdmin] [37;44m 200 [0m [37;104m GET   [0m /admin/login
2021-06-05T16:05:13.494+0800	controller/handler.go:24	[GoAdmin] [37;44m 200 [0m [37;104m GET   [0m /admin/login
2021-06-05T16:05:14.704+0800	controller/handler.go:24	[GoAdmin] [37;44m 200 [0m [37;104m GET   [0m /admin/login
2021-06-05T16:05:14.723+0800	controller/handler.go:24	[GoAdmin] [37;44m 200 [0m [37;104m GET   [0m /admin/assets/login/dist/all.min.css
2021-06-05T16:05:14.723+0800	controller/handler.go:24	[GoAdmin] [37;44m 200 [0m [37;104m GET   [0m /admin/assets/login/dist/all.min.js
2021-06-05T16:06:10.076+0800	controller/handler.go:24	[GoAdmin] [37;44m 200 [0m [37;104m GET   [0m /admin/login
2021-06-05T16:06:10.092+0800	controller/handler.go:24	[GoAdmin] [37;44m 200 [0m [37;104m GET   [0m /admin/assets/login/dist/all.min.css
2021-06-05T16:06:10.092+0800	controller/handler.go:24	[GoAdmin] [37;44m 200 [0m [37;104m GET   [0m /admin/assets/login/dist/all.min.js
2021-06-05T16:06:14.411+0800	controller/handler.go:24	[GoAdmin] [37;44m 200 [0m [37;104m POST   [0m /admin/signin
2021-06-05T16:06:14.463+0800	controller/handler.go:24	[GoAdmin] [37;44m 200 [0m [37;104m GET   [0m /admin/assets/dist/js/all.min.8425540791.js
2021-06-05T16:06:14.468+0800	controller/handler.go:24	[GoAdmin] [37;44m 200 [0m [37;104m GET   [0m /admin/assets/dist/css/all.min.79250b7051.css
2021-06-05T16:06:14.508+0800	controller/handler.go:24	[GoAdmin] [37;44m 200 [0m [37;104m GET   [0m /admin/assets/dist/js/tree.min.e1faf8b7de.js
2021-06-05T16:06:14.511+0800	controller/handler.go:24	[GoAdmin] [37;44m 200 [0m [37;104m GET   [0m /admin/assets/dist/js/treeview.min.7780d3bb0f.js
2021-06-05T16:06:14.515+0800	controller/handler.go:24	[GoAdmin] [37;44m 200 [0m [37;104m GET   [0m /admin/assets/dist/js/datatable.min.581cdc109b.js
2021-06-05T16:06:14.543+0800	controller/handler.go:24	[GoAdmin] [37;44m 200 [0m [37;104m GET   [0m /admin/assets/chart.min.js
2021-06-05T16:06:14.568+0800	controller/handler.go:24	[GoAdmin] [37;44m 200 [0m [37;104m GET   [0m /admin/assets/dist/js/all_2.min.38a2a946b0.js
2021-06-05T16:06:14.568+0800	controller/handler.go:24	[GoAdmin] [37;44m 200 [0m [37;104m GET   [0m /admin/assets/dist/img/avatar04.png
2021-06-05T16:06:14.571+0800	controller/handler.go:24	[GoAdmin] [37;44m 200 [0m [37;104m GET   [0m /admin/assets/dist/js/form.min.f8678914e9.js
2021-06-05T16:06:14.573+0800	controller/handler.go:24	[GoAdmin] [37;44m 200 [0m [37;104m GET   [0m /admin/assets/dist/fonts/fontawesome-webfont.woff2
2021-06-05T16:06:14.684+0800	controller/handler.go:24	[GoAdmin] [37;44m 200 [0m [37;104m GET   [0m /admin/assets/dist/css/fonts/6xK3dSBYKcSV-LCoeQqfX1RYOo3qOK7g.ttf
2021-06-05T16:06:14.701+0800	controller/handler.go:24	[GoAdmin] [37;44m 200 [0m [37;104m GET   [0m /admin/assets/dist/css/fonts/6xKydSBYKcSV-LCoeQqfX1RYOo3i54rwlxdr.ttf
2021-06-05T16:06:59.407+0800	controller/handler.go:24	[GoAdmin] [37;44m 302 [0m [37;104m GET   [0m /admin/logout
2021-06-05T16:06:59.410+0800	controller/handler.go:24	[GoAdmin] [37;44m 200 [0m [37;104m GET   [0m /admin/login
2021-06-05T16:08:08.161+0800	controller/handler.go:24	[GoAdmin] [37;44m 200 [0m [37;104m GET   [0m /admin/login
2021-06-05T16:08:11.095+0800	controller/handler.go:24	[GoAdmin] [37;44m 200 [0m [37;104m GET   [0m /admin/login
2021-06-05T16:08:11.108+0800	controller/handler.go:24	[GoAdmin] [37;44m 200 [0m [37;104m GET   [0m /admin/assets/login/dist/all.min.css
2021-06-05T16:08:11.109+0800	controller/handler.go:24	[GoAdmin] [37;44m 200 [0m [37;104m GET   [0m /admin/assets/login/dist/all.min.js
2021-06-05T16:08:41.356+0800	controller/handler.go:24	[GoAdmin] [37;44m 200 [0m [37;104m POST   [0m /admin/signin
2021-06-05T16:08:41.389+0800	controller/handler.go:24	[GoAdmin] [37;44m 200 [0m [37;104m GET   [0m /admin/assets/dist/js/all.min.8425540791.js
2021-06-05T16:08:41.391+0800	controller/handler.go:24	[GoAdmin] [37;44m 200 [0m [37;104m GET   [0m /admin/assets/dist/css/all.min.79250b7051.css
2021-06-05T16:08:41.429+0800	controller/handler.go:24	[GoAdmin] [37;44m 200 [0m [37;104m GET   [0m /admin/assets/dist/js/datatable.min.581cdc109b.js
2021-06-05T16:08:41.441+0800	controller/handler.go:24	[GoAdmin] [37;44m 200 [0m [37;104m GET   [0m /admin/assets/dist/js/form.min.f8678914e9.js
2021-06-05T16:08:41.466+0800	controller/handler.go:24	[GoAdmin] [37;44m 200 [0m [37;104m GET   [0m /admin/assets/dist/js/tree.min.e1faf8b7de.js
2021-06-05T16:08:41.466+0800	controller/handler.go:24	[GoAdmin] [37;44m 200 [0m [37;104m GET   [0m /admin/assets/dist/js/treeview.min.7780d3bb0f.js
2021-06-05T16:08:41.466+0800	controller/handler.go:24	[GoAdmin] [37;44m 200 [0m [37;104m GET   [0m /admin/assets/dist/img/avatar04.png
2021-06-05T16:08:41.467+0800	controller/handler.go:24	[GoAdmin] [37;44m 200 [0m [37;104m GET   [0m /admin/assets/dist/js/all_2.min.38a2a946b0.js
2021-06-05T16:08:41.470+0800	controller/handler.go:24	[GoAdmin] [37;44m 200 [0m [37;104m GET   [0m /admin/assets/chart.min.js
2021-06-05T16:08:41.502+0800	controller/handler.go:24	[GoAdmin] [37;44m 200 [0m [37;104m GET   [0m /admin/assets/dist/fonts/fontawesome-webfont.woff2
2021-06-05T16:08:41.586+0800	controller/handler.go:24	[GoAdmin] [37;44m 200 [0m [37;104m GET   [0m /admin/assets/dist/css/fonts/6xK3dSBYKcSV-LCoeQqfX1RYOo3qOK7g.ttf
2021-06-05T16:08:41.603+0800	controller/handler.go:24	[GoAdmin] [37;44m 200 [0m [37;104m GET   [0m /admin/assets/dist/css/fonts/6xKydSBYKcSV-LCoeQqfX1RYOo3i54rwlxdr.ttf
2021-06-05T16:08:44.639+0800	controller/handler.go:24	[GoAdmin] [37;44m 200 [0m [37;104m GET   [0m /admin/info/generate/new
2021-06-05T16:43:47.100+0800	controller/handler.go:24	[GoAdmin] [37;44m 200 [0m [37;104m POST   [0m /admin/operation/_tool_choose_conn
2021-06-05T16:43:51.252+0800	controller/handler.go:24	[GoAdmin] [37;44m 200 [0m [37;104m POST   [0m /admin/operation/_tool_choose_table
2021-06-05T16:45:20.561+0800	controller/handler.go:24	[GoAdmin] [37;44m 200 [0m [37;104m GET   [0m /admin/assets/dist/css/blue.png
2021-06-05T16:47:54.586+0800	controller/handler.go:24	[GoAdmin] [37;44m 200 [0m [37;104m POST   [0m /admin/new/generate
2021-06-05T16:51:13.558+0800	controller/handler.go:24	[GoAdmin] [37;44m 200 [0m [37;104m GET   [0m /admin/info/manager
2021-06-05T16:51:15.781+0800	controller/handler.go:24	[GoAdmin] [37;44m 200 [0m [37;104m GET   [0m /admin/info/transfer
2021-06-05T16:53:13.880+0800	controller/handler.go:24	[GoAdmin] [37;44m 200 [0m [37;104m POST   [0m /admin/new/generate
2021-06-05T16:53:36.227+0800	controller/handler.go:24	[GoAdmin] [37;44m 200 [0m [37;104m GET   [0m /admin/info/transfer
2021-06-05T16:53:41.720+0800	controller/handler.go:24	[GoAdmin] [37;44m 200 [0m [37;104m GET   [0m /admin/info/transfer
2021-06-05T16:53:47.007+0800	controller/handler.go:24	[GoAdmin] [37;44m 200 [0m [37;104m GET   [0m /admin/info/transfer
2021-06-05T16:53:47.034+0800	controller/handler.go:24	[GoAdmin] [37;44m 200 [0m [37;104m GET   [0m /admin/assets/dist/css/all.min.79250b7051.css
2021-06-05T16:53:47.037+0800	controller/handler.go:24	[GoAdmin] [37;44m 200 [0m [37;104m GET   [0m /admin/assets/dist/js/all.min.8425540791.js
2021-06-05T16:53:47.071+0800	controller/handler.go:24	[GoAdmin] [37;44m 200 [0m [37;104m GET   [0m /admin/assets/dist/js/datatable.min.581cdc109b.js
2021-06-05T16:53:47.098+0800	controller/handler.go:24	[GoAdmin] [37;44m 200 [0m [37;104m GET   [0m /admin/assets/dist/js/form.min.f8678914e9.js
2021-06-05T16:53:47.109+0800	controller/handler.go:24	[GoAdmin] [37;44m 200 [0m [37;104m GET   [0m /admin/assets/dist/js/tree.min.e1faf8b7de.js
2021-06-05T16:53:47.111+0800	controller/handler.go:24	[GoAdmin] [37;44m 200 [0m [37;104m GET   [0m /admin/assets/dist/js/treeview.min.7780d3bb0f.js
2021-06-05T16:53:47.113+0800	controller/handler.go:24	[GoAdmin] [37;44m 200 [0m [37;104m GET   [0m /admin/assets/dist/js/all_2.min.38a2a946b0.js
2021-06-05T16:53:47.113+0800	controller/handler.go:24	[GoAdmin] [37;44m 200 [0m [37;104m GET   [0m /admin/assets/dist/img/avatar04.png
2021-06-05T16:53:47.114+0800	controller/handler.go:24	[GoAdmin] [37;44m 200 [0m [37;104m GET   [0m /admin/assets/chart.min.js
2021-06-05T16:53:47.137+0800	controller/handler.go:24	[GoAdmin] [37;44m 200 [0m [37;104m GET   [0m /admin/assets/dist/fonts/fontawesome-webfont.woff2
2021-06-05T16:53:47.218+0800	controller/handler.go:24	[GoAdmin] [37;44m 200 [0m [37;104m GET   [0m /admin/assets/dist/css/fonts/6xKydSBYKcSV-LCoeQqfX1RYOo3i54rwlxdr.ttf
2021-06-05T16:53:47.219+0800	controller/handler.go:24	[GoAdmin] [37;44m 200 [0m [37;104m GET   [0m /admin/assets/dist/css/fonts/6xK3dSBYKcSV-LCoeQqfX1RYOo3qOK7g.ttf
2021-06-05T16:54:37.315+0800	controller/handler.go:24	[GoAdmin] [37;44m 200 [0m [37;104m GET   [0m /admin/info/generate/new
2021-06-05T16:54:39.525+0800	controller/handler.go:24	[GoAdmin] [37;44m 200 [0m [37;104m POST   [0m /admin/operation/_tool_choose_conn
2021-06-05T16:54:42.399+0800	controller/handler.go:24	[GoAdmin] [37;44m 200 [0m [37;104m GET   [0m /admin/assets/dist/css/blue.png
2021-06-05T16:55:13.699+0800	controller/handler.go:24	[GoAdmin] [37;44m 200 [0m [37;104m POST   [0m /admin/new/generate
2021-06-05T16:58:19.905+0800	controller/handler.go:24	[GoAdmin] [37;44m 200 [0m [37;104m GET   [0m /admin/info/transfer
2021-06-05T17:03:56.511+0800	controller/handler.go:24	[GoAdmin] [37;44m 200 [0m [37;104m GET   [0m /admin/info/transfer
2021-06-05T17:04:36.826+0800	controller/handler.go:24	[GoAdmin] [37;44m 200 [0m [37;104m GET   [0m /admin/info/transfer
2021-06-05T17:05:32.466+0800	controller/handler.go:24	[GoAdmin] [37;44m 200 [0m [37;104m GET   [0m /admin/menu
2021-06-05T17:05:34.415+0800	controller/handler.go:24	[GoAdmin] [37;44m 200 [0m [37;104m GET   [0m /admin/menu
2021-06-05T17:10:53.893+0800	controller/handler.go:24	[GoAdmin] [37;44m 200 [0m [37;104m POST   [0m /admin/menu/new
2021-06-05T17:10:56.781+0800	controller/handler.go:24	[GoAdmin] [37;44m 200 [0m [37;104m GET   [0m /admin/menu
2021-06-05T17:10:58.178+0800	controller/handler.go:24	[GoAdmin] [37;44m 200 [0m [37;104m GET   [0m /admin/info/transfer
2021-06-05T17:10:59.317+0800	controller/handler.go:24	[GoAdmin] [37;44m 200 [0m [37;104m GET   [0m /admin/info/transfer
2021-06-05T17:11:07.640+0800	controller/handler.go:24	[GoAdmin] [37;44m 200 [0m [37;104m GET   [0m /admin/menu
2021-06-05T17:11:32.199+0800	controller/handler.go:24	[GoAdmin] [37;44m 200 [0m [37;104m POST   [0m /admin/menu/new
2021-06-05T17:11:34.817+0800	controller/handler.go:24	[GoAdmin] [37;44m 200 [0m [37;104m GET   [0m /admin/menu/edit/show
2021-06-05T17:11:41.501+0800	controller/handler.go:24	[GoAdmin] [37;44m 200 [0m [37;104m POST   [0m /admin/menu/edit
2021-06-05T17:11:43.439+0800	controller/handler.go:24	[GoAdmin] [37;44m 200 [0m [37;104m GET   [0m /admin/menu
2021-06-05T17:11:45.779+0800	controller/handler.go:24	[GoAdmin] [37;44m 200 [0m [37;104m GET   [0m /admin/info/transfer
2021-06-05T17:11:47.646+0800	controller/handler.go:24	[GoAdmin] [37;44m 200 [0m [37;104m GET   [0m /admin/info/transfer
2021-06-05T17:13:55.840+0800	controller/handler.go:24	[GoAdmin] [37;44m 200 [0m [37;104m GET   [0m /admin/info/transfer
2021-06-05T17:13:57.262+0800	controller/handler.go:24	[GoAdmin] [37;44m 200 [0m [37;104m GET   [0m /admin/info/transfer
2021-06-05T17:14:03.108+0800	controller/handler.go:24	[GoAdmin] [37;44m 200 [0m [37;104m GET   [0m /admin/info/transfer/edit
2021-06-05T17:14:15.650+0800	controller/handler.go:24	[GoAdmin] [37;44m 200 [0m [37;104m GET   [0m /admin/info/transfer
2021-06-05T17:14:37.055+0800	controller/handler.go:24	[GoAdmin] [37;44m 200 [0m [37;104m GET   [0m /admin/info/transfer
2021-06-05T17:20:08.141+0800	controller/handler.go:24	[GoAdmin] [37;44m 200 [0m [37;104m GET   [0m /admin/info/transfer
2021-06-05T17:21:08.356+0800	controller/handler.go:24	[GoAdmin] [37;44m 200 [0m [37;104m GET   [0m /admin/info/transfer
2021-06-05T17:21:09.624+0800	controller/handler.go:24	[GoAdmin] [37;44m 200 [0m [37;104m GET   [0m /admin/info/transfer
2021-06-05T17:21:11.214+0800	controller/handler.go:24	[GoAdmin] [37;44m 200 [0m [37;104m GET   [0m /admin/info/transfer
2021-06-05T17:21:11.241+0800	controller/handler.go:24	[GoAdmin] [37;44m 200 [0m [37;104m GET   [0m /admin/assets/dist/css/all.min.79250b7051.css
2021-06-05T17:21:11.247+0800	controller/handler.go:24	[GoAdmin] [37;44m 200 [0m [37;104m GET   [0m /admin/assets/dist/js/all.min.8425540791.js
2021-06-05T17:21:11.276+0800	controller/handler.go:24	[GoAdmin] [37;44m 200 [0m [37;104m GET   [0m /admin/assets/dist/js/datatable.min.581cdc109b.js
2021-06-05T17:21:11.281+0800	controller/handler.go:24	[GoAdmin] [37;44m 200 [0m [37;104m GET   [0m /admin/assets/dist/js/tree.min.e1faf8b7de.js
2021-06-05T17:21:11.310+0800	controller/handler.go:24	[GoAdmin] [37;44m 200 [0m [37;104m GET   [0m /admin/assets/dist/js/treeview.min.7780d3bb0f.js
2021-06-05T17:21:11.312+0800	controller/handler.go:24	[GoAdmin] [37;44m 200 [0m [37;104m GET   [0m /admin/assets/dist/js/all_2.min.38a2a946b0.js
2021-06-05T17:21:11.314+0800	controller/handler.go:24	[GoAdmin] [37;44m 200 [0m [37;104m GET   [0m /admin/assets/chart.min.js
2021-06-05T17:21:11.335+0800	controller/handler.go:24	[GoAdmin] [37;44m 200 [0m [37;104m GET   [0m /admin/assets/dist/img/avatar04.png
2021-06-05T17:21:11.337+0800	controller/handler.go:24	[GoAdmin] [37;44m 200 [0m [37;104m GET   [0m /admin/assets/dist/fonts/fontawesome-webfont.woff2
2021-06-05T17:21:11.340+0800	controller/handler.go:24	[GoAdmin] [37;44m 200 [0m [37;104m GET   [0m /admin/assets/dist/js/form.min.f8678914e9.js
2021-06-05T17:21:11.429+0800	controller/handler.go:24	[GoAdmin] [37;44m 200 [0m [37;104m GET   [0m /admin/assets/dist/css/fonts/6xK3dSBYKcSV-LCoeQqfX1RYOo3qOK7g.ttf
2021-06-05T17:21:11.460+0800	controller/handler.go:24	[GoAdmin] [37;44m 200 [0m [37;104m GET   [0m /admin/assets/dist/css/blue.png
2021-06-05T17:21:29.323+0800	controller/handler.go:24	[GoAdmin] [37;44m 200 [0m [37;104m GET   [0m /admin/info/transfer
2021-06-05T17:21:30.373+0800	controller/handler.go:24	[GoAdmin] [37;44m 200 [0m [37;104m GET   [0m /admin/info/transfer
2021-06-05T17:21:44.986+0800	controller/handler.go:24	[GoAdmin] [37;44m 200 [0m [37;104m GET   [0m /admin/info/transfer
2021-06-05T17:21:45.168+0800	controller/handler.go:24	[GoAdmin] [37;44m 200 [0m [37;104m GET   [0m /admin/assets/dist/css/fonts/6xKydSBYKcSV-LCoeQqfX1RYOo3i54rwlxdr.ttf
2021-06-05T17:21:51.601+0800	controller/handler.go:24	[GoAdmin] [37;44m 200 [0m [37;104m GET   [0m /admin/info/transfer
2021-06-05T17:21:53.090+0800	controller/handler.go:24	[GoAdmin] [37;44m 200 [0m [37;104m GET   [0m /admin/info/transfer
2021-06-05T17:22:00.986+0800	controller/handler.go:24	[GoAdmin] [37;44m 200 [0m [37;104m GET   [0m /admin/info/transfer
2021-06-05T17:22:29.686+0800	controller/handler.go:24	[GoAdmin] [37;44m 200 [0m [37;104m GET   [0m /admin/info/transfer
2021-06-05T17:22:43.219+0800	controller/handler.go:24	[GoAdmin] [37;44m 200 [0m [37;104m GET   [0m /admin/info/transfer
2021-06-05T17:27:00.506+0800	controller/handler.go:24	[GoAdmin] [37;44m 200 [0m [37;104m GET   [0m /admin/info/transfer
2021-06-05T17:27:40.600+0800	controller/handler.go:24	[GoAdmin] [37;44m 200 [0m [37;104m GET   [0m /admin/info/transfer
2021-06-05T17:28:24.393+0800	controller/handler.go:24	[GoAdmin] [37;44m 200 [0m [37;104m GET   [0m /admin/info/transfer
2021-06-05T17:28:25.637+0800	controller/handler.go:24	[GoAdmin] [37;44m 200 [0m [37;104m GET   [0m /admin/info/transfer
2021-06-05T17:28:25.663+0800	controller/handler.go:24	[GoAdmin] [37;44m 200 [0m [37;104m GET   [0m /admin/assets/dist/css/all.min.79250b7051.css
2021-06-05T17:28:25.667+0800	controller/handler.go:24	[GoAdmin] [37;44m 200 [0m [37;104m GET   [0m /admin/assets/dist/js/all.min.8425540791.js
2021-06-05T17:28:25.706+0800	controller/handler.go:24	[GoAdmin] [37;44m 200 [0m [37;104m GET   [0m /admin/assets/dist/js/tree.min.e1faf8b7de.js
2021-06-05T17:28:25.712+0800	controller/handler.go:24	[GoAdmin] [37;44m 200 [0m [37;104m GET   [0m /admin/assets/dist/js/datatable.min.581cdc109b.js
2021-06-05T17:28:25.715+0800	controller/handler.go:24	[GoAdmin] [37;44m 200 [0m [37;104m GET   [0m /admin/assets/dist/js/treeview.min.7780d3bb0f.js
2021-06-05T17:28:25.753+0800	controller/handler.go:24	[GoAdmin] [37;44m 200 [0m [37;104m GET   [0m /admin/assets/chart.min.js
2021-06-05T17:28:25.776+0800	controller/handler.go:24	[GoAdmin] [37;44m 200 [0m [37;104m GET   [0m /admin/assets/dist/js/all_2.min.38a2a946b0.js
2021-06-05T17:28:25.776+0800	controller/handler.go:24	[GoAdmin] [37;44m 200 [0m [37;104m GET   [0m /admin/assets/dist/img/avatar04.png
2021-06-05T17:28:25.778+0800	controller/handler.go:24	[GoAdmin] [37;44m 200 [0m [37;104m GET   [0m /admin/assets/dist/fonts/fontawesome-webfont.woff2
2021-06-05T17:28:25.779+0800	controller/handler.go:24	[GoAdmin] [37;44m 200 [0m [37;104m GET   [0m /admin/assets/dist/js/form.min.f8678914e9.js
2021-06-05T17:28:25.861+0800	controller/handler.go:24	[GoAdmin] [37;44m 200 [0m [37;104m GET   [0m /admin/assets/dist/css/fonts/6xK3dSBYKcSV-LCoeQqfX1RYOo3qOK7g.ttf
2021-06-05T17:28:25.889+0800	controller/handler.go:24	[GoAdmin] [37;44m 200 [0m [37;104m GET   [0m /admin/assets/dist/css/blue.png
2021-06-05T17:30:06.272+0800	controller/handler.go:24	[GoAdmin] [37;44m 200 [0m [37;104m GET   [0m /admin/info/transfer
2021-06-05T17:32:24.693+0800	controller/handler.go:24	[GoAdmin] [37;44m 200 [0m [37;104m GET   [0m /admin/info/transfer
2021-06-05T17:36:16.684+0800	controller/handler.go:24	[GoAdmin] [37;44m 200 [0m [37;104m GET   [0m /admin/info/transfer
2021-06-05T17:41:26.066+0800	controller/handler.go:24	[GoAdmin] [37;44m 200 [0m [37;104m GET   [0m /admin/info/transfer
2021-06-05T17:41:29.554+0800	controller/handler.go:24	[GoAdmin] [37;44m 200 [0m [37;104m GET   [0m /admin/info/transfer
2021-06-05T17:41:31.695+0800	controller/handler.go:24	[GoAdmin] [37;44m 200 [0m [37;104m GET   [0m /admin/info/transfer/edit
2021-06-05T17:41:31.744+0800	controller/handler.go:24	[GoAdmin] [37;44m 200 [0m [37;104m GET   [0m /admin/assets/dist/css/fonts/6xKydSBYKcSV-LCoeQqfX1RYOo3i54rwlxdr.ttf
2021-06-05T17:42:06.429+0800	controller/handler.go:24	[GoAdmin] [37;44m 200 [0m [37;104m GET   [0m /admin/info/transfer
2021-06-05T17:42:07.321+0800	controller/handler.go:24	[GoAdmin] [37;44m 200 [0m [37;104m GET   [0m /admin/info/transfer
2021-06-05T17:42:09.038+0800	controller/handler.go:24	[GoAdmin] [37;44m 200 [0m [37;104m GET   [0m /admin/info/transfer/edit
2021-06-05T17:42:09.069+0800	controller/handler.go:24	[GoAdmin] [37;44m 200 [0m [37;104m GET   [0m /admin/info/transfer/edit
2021-06-05T17:43:16.477+0800	controller/handler.go:24	[GoAdmin] [37;44m 200 [0m [37;104m GET   [0m /admin/info/transfer
2021-06-05T17:43:18.653+0800	controller/handler.go:24	[GoAdmin] [37;44m 200 [0m [37;104m GET   [0m /admin/info/transfer/detail
2021-06-05T17:44:37.871+0800	controller/handler.go:24	[GoAdmin] [37;44m 200 [0m [37;104m GET   [0m /admin/info/transfer
2021-06-05T17:44:39.055+0800	controller/handler.go:24	[GoAdmin] [37;44m 200 [0m [37;104m GET   [0m /admin/info/transfer
2021-06-05T17:44:39.990+0800	controller/handler.go:24	[GoAdmin] [37;44m 200 [0m [37;104m GET   [0m /admin/info/transfer
2021-06-05T17:48:23.942+0800	controller/handler.go:24	[GoAdmin] [37;44m 200 [0m [37;104m GET   [0m /admin/info/transfer
2021-06-05T17:48:25.825+0800	controller/handler.go:24	[GoAdmin] [37;44m 200 [0m [37;104m GET   [0m /admin/info/transfer/detail
2021-06-05T17:48:51.716+0800	controller/handler.go:24	[GoAdmin] [37;44m 200 [0m [37;104m GET   [0m /admin/info/transfer/detail
2021-06-05T17:48:52.921+0800	controller/handler.go:24	[GoAdmin] [37;44m 200 [0m [37;104m GET   [0m /admin/info/transfer
2021-06-05T17:48:54.264+0800	controller/handler.go:24	[GoAdmin] [37;44m 200 [0m [37;104m GET   [0m /admin/info/transfer
2021-06-05T17:48:55.993+0800	controller/handler.go:24	[GoAdmin] [37;44m 200 [0m [37;104m GET   [0m /admin/info/transfer/detail
2021-06-05T17:51:34.334+0800	controller/handler.go:24	[GoAdmin] [37;44m 200 [0m [37;104m GET   [0m /admin/info/transfer
2021-06-05T17:51:39.653+0800	controller/handler.go:24	[GoAdmin] [37;44m 200 [0m [37;104m GET   [0m /admin/info/transfer
2021-06-05T17:51:50.122+0800	controller/handler.go:24	[GoAdmin] [37;44m 200 [0m [37;104m GET   [0m /admin/info/transfer
2021-06-05T17:51:53.557+0800	controller/handler.go:24	[GoAdmin] [37;44m 200 [0m [37;104m GET   [0m /admin/info/transfer
2021-06-05T17:52:43.524+0800	controller/handler.go:24	[GoAdmin] [37;44m 200 [0m [37;104m GET   [0m /admin/info/transfer
2021-06-05T17:52:45.365+0800	controller/handler.go:24	[GoAdmin] [37;44m 200 [0m [37;104m GET   [0m /admin/info/transfer
2021-06-05T17:52:55.504+0800	controller/handler.go:24	[GoAdmin] [37;44m 200 [0m [37;104m GET   [0m /admin/info/transfer
2021-06-05T17:53:29.159+0800	controller/handler.go:24	[GoAdmin] [37;44m 200 [0m [37;104m GET   [0m /admin/info/transfer
2021-06-05T17:53:38.677+0800	controller/handler.go:24	[GoAdmin] [37;44m 200 [0m [37;104m GET   [0m /admin/info/transfer
2021-06-05T17:53:42.845+0800	controller/handler.go:24	[GoAdmin] [37;44m 200 [0m [37;104m GET   [0m /admin/info/transfer
2021-06-05T17:53:45.214+0800	controller/handler.go:24	[GoAdmin] [37;44m 200 [0m [37;104m GET   [0m /admin/info/transfer
2021-06-05T17:53:48.623+0800	controller/handler.go:24	[GoAdmin] [37;44m 200 [0m [37;104m GET   [0m /admin/info/transfer
2021-06-05T17:53:53.607+0800	controller/handler.go:24	[GoAdmin] [37;44m 200 [0m [37;104m GET   [0m /admin/info/transfer
2021-06-05T17:55:21.194+0800	controller/handler.go:24	[GoAdmin] [37;44m 200 [0m [37;104m GET   [0m /admin/info/transfer
2021-06-05T17:55:24.577+0800	controller/handler.go:24	[GoAdmin] [37;44m 200 [0m [37;104m GET   [0m /admin/info/transfer
2021-06-05T17:56:07.800+0800	controller/handler.go:24	[GoAdmin] [37;44m 200 [0m [37;104m GET   [0m /admin/info/transfer
2021-06-05T17:56:34.743+0800	controller/handler.go:24	[GoAdmin] [37;44m 200 [0m [37;104m GET   [0m /admin/info/transfer
2021-06-05T17:56:39.232+0800	controller/handler.go:24	[GoAdmin] [37;44m 200 [0m [37;104m GET   [0m /admin/info/transfer
2021-06-05T17:57:22.559+0800	controller/handler.go:24	[GoAdmin] [37;44m 200 [0m [37;104m GET   [0m /admin/info/transfer
2021-06-05T17:57:24.322+0800	controller/handler.go:24	[GoAdmin] [37;44m 200 [0m [37;104m GET   [0m /admin/info/transfer
2021-06-05T17:57:36.386+0800	controller/handler.go:24	[GoAdmin] [37;44m 200 [0m [37;104m GET   [0m /admin/info/transfer
2021-06-05T17:57:53.049+0800	controller/handler.go:24	[GoAdmin] [37;44m 200 [0m [37;104m GET   [0m /admin/info/transfer
2021-06-05T17:57:59.564+0800	controller/handler.go:24	[GoAdmin] [37;44m 200 [0m [37;104m GET   [0m /admin/info/transfer
2021-06-05T17:59:20.824+0800	controller/handler.go:24	[GoAdmin] [37;44m 200 [0m [37;104m GET   [0m /admin/info/transfer
2021-06-05T17:59:22.716+0800	controller/handler.go:24	[GoAdmin] [37;44m 200 [0m [37;104m GET   [0m /admin/info/transfer/detail
2021-06-05T17:59:37.483+0800	controller/handler.go:24	[GoAdmin] [37;44m 200 [0m [37;104m GET   [0m /admin/info/transfer/detail
2021-06-05T18:00:57.124+0800	controller/handler.go:24	[GoAdmin] [37;44m 200 [0m [37;104m GET   [0m /admin/info/transfer/detail
2021-06-05T18:00:57.154+0800	controller/handler.go:24	[GoAdmin] [37;44m 200 [0m [37;104m GET   [0m /admin/assets/dist/css/all.min.79250b7051.css
2021-06-05T18:00:57.157+0800	controller/handler.go:24	[GoAdmin] [37;44m 200 [0m [37;104m GET   [0m /admin/assets/dist/js/all.min.8425540791.js
2021-06-05T18:00:57.197+0800	controller/handler.go:24	[GoAdmin] [37;44m 200 [0m [37;104m GET   [0m /admin/assets/dist/js/treeview.min.7780d3bb0f.js
2021-06-05T18:00:57.218+0800	controller/handler.go:24	[GoAdmin] [37;44m 200 [0m [37;104m GET   [0m /admin/assets/dist/js/tree.min.e1faf8b7de.js
2021-06-05T18:00:57.224+0800	controller/handler.go:24	[GoAdmin] [37;44m 200 [0m [37;104m GET   [0m /admin/assets/dist/js/form.min.f8678914e9.js
2021-06-05T18:00:57.247+0800	controller/handler.go:24	[GoAdmin] [37;44m 200 [0m [37;104m GET   [0m /admin/assets/chart.min.js
2021-06-05T18:00:57.248+0800	controller/handler.go:24	[GoAdmin] [37;44m 200 [0m [37;104m GET   [0m /admin/assets/dist/js/datatable.min.581cdc109b.js
2021-06-05T18:00:57.249+0800	controller/handler.go:24	[GoAdmin] [37;44m 200 [0m [37;104m GET   [0m /admin/assets/dist/js/all_2.min.38a2a946b0.js
2021-06-05T18:00:57.249+0800	controller/handler.go:24	[GoAdmin] [37;44m 200 [0m [37;104m GET   [0m /admin/assets/dist/img/avatar04.png
2021-06-05T18:00:57.253+0800	controller/handler.go:24	[GoAdmin] [37;44m 200 [0m [37;104m GET   [0m /admin/assets/dist/fonts/fontawesome-webfont.woff2
2021-06-05T18:00:57.376+0800	controller/handler.go:24	[GoAdmin] [37;44m 200 [0m [37;104m GET   [0m /admin/assets/dist/css/fonts/6xKydSBYKcSV-LCoeQqfX1RYOo3i54rwlxdr.ttf
2021-06-05T18:00:57.378+0800	controller/handler.go:24	[GoAdmin] [37;44m 200 [0m [37;104m GET   [0m /admin/assets/dist/css/fonts/6xK3dSBYKcSV-LCoeQqfX1RYOo3qOK7g.ttf
2021-06-05T18:01:56.569+0800	controller/handler.go:24	[GoAdmin] [37;44m 200 [0m [37;104m GET   [0m /admin/info/transfer
2021-06-05T18:01:56.594+0800	controller/handler.go:24	[GoAdmin] [37;44m 200 [0m [37;104m GET   [0m /admin/assets/dist/css/blue.png
2021-06-05T18:01:57.623+0800	controller/handler.go:24	[GoAdmin] [37;44m 200 [0m [37;104m GET   [0m /admin/info/transfer
2021-06-05T18:01:58.938+0800	controller/handler.go:24	[GoAdmin] [37;44m 200 [0m [37;104m GET   [0m /admin/info/transfer/detail
2021-06-05T18:02:41.922+0800	controller/handler.go:24	[GoAdmin] [37;44m 200 [0m [37;104m GET   [0m /admin/info/transfer/detail
2021-06-05T18:02:46.200+0800	controller/handler.go:24	[GoAdmin] [37;44m 200 [0m [37;104m GET   [0m /admin/info/transfer
2021-06-05T18:02:52.923+0800	controller/handler.go:24	[GoAdmin] [37;44m 200 [0m [37;104m GET   [0m /admin/info/generate/new
2021-06-05T18:02:56.352+0800	controller/handler.go:24	[GoAdmin] [37;44m 200 [0m [37;104m POST   [0m /admin/operation/_tool_choose_conn
2021-06-05T18:03:00.894+0800	controller/handler.go:24	[GoAdmin] [37;44m 200 [0m [37;104m POST   [0m /admin/operation/_tool_choose_table
2021-06-05T18:06:48.164+0800	controller/handler.go:24	[GoAdmin] [37;44m 200 [0m [37;104m POST   [0m /admin/new/generate
2021-06-05T18:07:23.141+0800	controller/handler.go:24	[GoAdmin] [37;44m 200 [0m [37;104m GET   [0m /admin/info/transfer
2021-06-05T18:07:27.482+0800	controller/handler.go:24	[GoAdmin] [37;44m 200 [0m [37;104m GET   [0m /admin/info/collect
2021-06-05T18:09:33.254+0800	controller/handler.go:24	[GoAdmin] [37;44m 302 [0m [37;104m GET   [0m /admin/info/collect
2021-06-05T18:09:33.255+0800	controller/handler.go:24	[GoAdmin] [37;44m 200 [0m [37;104m GET   [0m /admin/login
2021-06-05T18:09:33.288+0800	controller/handler.go:24	[GoAdmin] [37;44m 200 [0m [37;104m GET   [0m /admin/assets/login/dist/all.min.css
2021-06-05T18:09:33.288+0800	controller/handler.go:24	[GoAdmin] [37;44m 200 [0m [37;104m GET   [0m /admin/assets/login/dist/all.min.js
2021-06-05T18:09:37.625+0800	controller/handler.go:24	[GoAdmin] [37;44m 200 [0m [37;104m POST   [0m /admin/signin
2021-06-05T18:09:45.197+0800	controller/handler.go:24	[GoAdmin] [37;44m 200 [0m [37;104m GET   [0m /admin/info/transfer
2021-06-05T18:09:52.951+0800	controller/handler.go:24	[GoAdmin] [37;44m 200 [0m [37;104m GET   [0m /admin/info/collect
2021-06-05T18:11:06.885+0800	controller/handler.go:24	[GoAdmin] [37;44m 200 [0m [37;104m GET   [0m /admin/info/collect
2021-06-05T18:13:40.922+0800	controller/handler.go:24	[GoAdmin] [37;44m 200 [0m [37;104m GET   [0m /admin/info/collect
2021-06-05T18:14:01.033+0800	controller/handler.go:24	[GoAdmin] [37;44m 200 [0m [37;104m GET   [0m /admin/info/collect
2021-06-05T18:14:46.981+0800	controller/handler.go:24	[GoAdmin] [37;44m 200 [0m [37;104m GET   [0m /admin/info/collect
2021-06-05T18:14:48.723+0800	controller/handler.go:24	[GoAdmin] [37;44m 200 [0m [37;104m GET   [0m /admin/info/collect
2021-06-05T18:14:53.365+0800	controller/handler.go:24	[GoAdmin] [37;44m 200 [0m [37;104m GET   [0m /admin/info/collect
2021-06-05T18:15:02.616+0800	controller/handler.go:24	[GoAdmin] [37;44m 200 [0m [37;104m GET   [0m /admin/menu
2021-06-05T18:16:21.662+0800	controller/handler.go:24	[GoAdmin] [37;44m 200 [0m [37;104m POST   [0m /admin/menu/new
2021-06-05T18:16:23.940+0800	controller/handler.go:24	[GoAdmin] [37;44m 200 [0m [37;104m GET   [0m /admin/menu
2021-06-05T18:16:25.556+0800	controller/handler.go:24	[GoAdmin] [37;44m 200 [0m [37;104m GET   [0m /admin/menu
2021-06-05T18:16:33.235+0800	controller/handler.go:24	[GoAdmin] [37;44m 200 [0m [37;104m GET   [0m /admin/menu
2021-06-05T18:16:40.212+0800	controller/handler.go:24	[GoAdmin] [37;44m 200 [0m [37;104m GET   [0m /admin/menu/edit/show
2021-06-05T18:16:48.675+0800	controller/handler.go:24	[GoAdmin] [37;44m 200 [0m [37;104m POST   [0m /admin/menu/edit
2021-06-05T18:16:50.287+0800	controller/handler.go:24	[GoAdmin] [37;44m 200 [0m [37;104m GET   [0m /admin/menu
2021-06-05T18:16:52.501+0800	controller/handler.go:24	[GoAdmin] [37;44m 200 [0m [37;104m GET   [0m /admin/info/collect
2021-06-05T18:17:20.607+0800	controller/handler.go:24	[GoAdmin] [37;44m 200 [0m [37;104m GET   [0m /admin/info/transfer
2021-06-05T18:17:26.547+0800	controller/handler.go:24	[GoAdmin] [37;44m 200 [0m [37;104m GET   [0m /admin/info/collect
2021-06-05T18:18:05.445+0800	controller/handler.go:24	[GoAdmin] [37;44m 200 [0m [37;104m GET   [0m /admin/info/transfer
2021-06-05T18:18:10.847+0800	controller/handler.go:24	[GoAdmin] [37;44m 200 [0m [37;104m GET   [0m /admin/info/collect
2021-06-05T18:18:21.002+0800	controller/handler.go:24	[GoAdmin] [37;44m 200 [0m [37;104m GET   [0m /admin/info/collect
2021-06-05T18:18:32.477+0800	controller/handler.go:24	[GoAdmin] [37;44m 200 [0m [37;104m GET   [0m /admin/info/collect
2021-06-05T18:18:37.576+0800	controller/handler.go:24	[GoAdmin] [37;44m 200 [0m [37;104m GET   [0m /admin/info/transfer
2021-06-05T18:18:38.840+0800	controller/handler.go:24	[GoAdmin] [37;44m 200 [0m [37;104m GET   [0m /admin/info/collect
2021-06-05T18:18:43.094+0800	controller/handler.go:24	[GoAdmin] [37;44m 200 [0m [37;104m GET   [0m /admin/info/transfer
2021-06-05T18:18:44.533+0800	controller/handler.go:24	[GoAdmin] [37;44m 200 [0m [37;104m GET   [0m /admin/info/collect
2021-06-05T18:19:01.427+0800	controller/handler.go:24	[GoAdmin] [37;44m 200 [0m [37;104m GET   [0m /admin/info/transfer
2021-06-05T18:19:02.639+0800	controller/handler.go:24	[GoAdmin] [37;44m 200 [0m [37;104m GET   [0m /admin/info/collect
2021-06-05T18:20:00.233+0800	controller/handler.go:24	[GoAdmin] [37;44m 200 [0m [37;104m GET   [0m /admin/info/collect
2021-06-05T18:20:01.398+0800	controller/handler.go:24	[GoAdmin] [37;44m 200 [0m [37;104m GET   [0m /admin/info/collect
2021-06-05T18:20:08.250+0800	controller/handler.go:24	[GoAdmin] [37;44m 200 [0m [37;104m GET   [0m /admin/menu
2021-06-05T18:20:11.906+0800	controller/handler.go:24	[GoAdmin] [37;44m 200 [0m [37;104m GET   [0m /admin/menu/edit/show
2021-06-05T18:20:26.464+0800	controller/handler.go:24	[GoAdmin] [37;44m 200 [0m [37;104m GET   [0m /admin/menu
2021-06-05T18:20:29.504+0800	controller/handler.go:24	[GoAdmin] [37;44m 200 [0m [37;104m GET   [0m /admin/menu/edit/show
2021-06-05T18:20:39.511+0800	controller/handler.go:24	[GoAdmin] [37;44m 200 [0m [37;104m GET   [0m /admin/menu
2021-06-05T18:20:40.905+0800	controller/handler.go:24	[GoAdmin] [37;44m 200 [0m [37;104m GET   [0m /admin/menu/edit/show
2021-06-05T18:20:44.622+0800	controller/handler.go:24	[GoAdmin] [37;44m 200 [0m [37;104m GET   [0m /admin/menu/edit/show
2021-06-05T18:20:49.556+0800	controller/handler.go:24	[GoAdmin] [37;44m 200 [0m [37;104m POST   [0m /admin/menu/edit
2021-06-05T18:20:53.667+0800	controller/handler.go:24	[GoAdmin] [37;44m 200 [0m [37;104m GET   [0m /admin/menu
2021-06-05T18:20:53.694+0800	controller/handler.go:24	[GoAdmin] [37;44m 200 [0m [37;104m GET   [0m /admin/assets/dist/js/all.min.8425540791.js
2021-06-05T18:20:53.698+0800	controller/handler.go:24	[GoAdmin] [37;44m 200 [0m [37;104m GET   [0m /admin/assets/dist/css/all.min.79250b7051.css
2021-06-05T18:20:53.730+0800	controller/handler.go:24	[GoAdmin] [37;44m 200 [0m [37;104m GET   [0m /admin/assets/dist/js/datatable.min.581cdc109b.js
2021-06-05T18:20:53.733+0800	controller/handler.go:24	[GoAdmin] [37;44m 200 [0m [37;104m GET   [0m /admin/assets/dist/js/tree.min.e1faf8b7de.js
2021-06-05T18:20:53.763+0800	controller/handler.go:24	[GoAdmin] [37;44m 200 [0m [37;104m GET   [0m /admin/assets/dist/js/treeview.min.7780d3bb0f.js
2021-06-05T18:20:53.764+0800	controller/handler.go:24	[GoAdmin] [37;44m 200 [0m [37;104m GET   [0m /admin/assets/dist/js/all_2.min.38a2a946b0.js
2021-06-05T18:20:53.766+0800	controller/handler.go:24	[GoAdmin] [37;44m 200 [0m [37;104m GET   [0m /admin/assets/chart.min.js
2021-06-05T18:20:53.783+0800	controller/handler.go:24	[GoAdmin] [37;44m 200 [0m [37;104m GET   [0m /admin/assets/dist/img/avatar04.png
2021-06-05T18:20:53.785+0800	controller/handler.go:24	[GoAdmin] [37;44m 200 [0m [37;104m GET   [0m /admin/assets/dist/fonts/fontawesome-webfont.woff2
2021-06-05T18:20:53.787+0800	controller/handler.go:24	[GoAdmin] [37;44m 200 [0m [37;104m GET   [0m /admin/assets/dist/js/form.min.f8678914e9.js
2021-06-05T18:20:53.875+0800	controller/handler.go:24	[GoAdmin] [37;44m 200 [0m [37;104m GET   [0m /admin/assets/dist/css/fonts/6xK3dSBYKcSV-LCoeQqfX1RYOo3qOK7g.ttf
2021-06-05T18:20:57.058+0800	controller/handler.go:24	[GoAdmin] [37;44m 200 [0m [37;104m GET   [0m /admin/info/transfer
2021-06-05T18:20:57.087+0800	controller/handler.go:24	[GoAdmin] [37;44m 200 [0m [37;104m GET   [0m /admin/assets/dist/css/blue.png
2021-06-05T18:20:58.101+0800	controller/handler.go:24	[GoAdmin] [37;44m 200 [0m [37;104m GET   [0m /admin/info/collect
2021-06-05T18:20:59.602+0800	controller/handler.go:24	[GoAdmin] [37;44m 200 [0m [37;104m GET   [0m /admin/info/transfer
2021-06-05T18:21:05.776+0800	controller/handler.go:24	[GoAdmin] [37;44m 200 [0m [37;104m GET   [0m /admin/info/collect
2021-06-05T18:21:11.191+0800	controller/handler.go:24	[GoAdmin] [37;44m 200 [0m [37;104m GET   [0m /admin/info/collect
2021-06-05T18:21:12.376+0800	controller/handler.go:24	[GoAdmin] [37;44m 200 [0m [37;104m GET   [0m /admin/info/collect
2021-06-05T18:21:13.943+0800	controller/handler.go:24	[GoAdmin] [37;44m 200 [0m [37;104m GET   [0m /admin/info/collect
2021-06-05T18:22:02.686+0800	controller/handler.go:24	[GoAdmin] [37;44m 200 [0m [37;104m GET   [0m /admin/info/collect
2021-06-05T18:22:03.725+0800	controller/handler.go:24	[GoAdmin] [37;44m 200 [0m [37;104m GET   [0m /admin/info/transfer
2021-06-05T18:22:04.572+0800	controller/handler.go:24	[GoAdmin] [37;44m 200 [0m [37;104m GET   [0m /admin/info/collect
2021-06-05T18:22:15.909+0800	controller/handler.go:24	[GoAdmin] [37;44m 200 [0m [37;104m GET   [0m /admin/info/transfer
2021-06-05T18:22:17.265+0800	controller/handler.go:24	[GoAdmin] [37;44m 200 [0m [37;104m GET   [0m /admin/info/collect
2021-06-05T18:22:18.660+0800	controller/handler.go:24	[GoAdmin] [37;44m 200 [0m [37;104m GET   [0m /admin/info/transfer
2021-06-05T18:22:20.648+0800	controller/handler.go:24	[GoAdmin] [37;44m 200 [0m [37;104m GET   [0m /admin/info/collect
2021-06-05T18:22:27.713+0800	controller/handler.go:24	[GoAdmin] [37;44m 200 [0m [37;104m GET   [0m /admin/info/transfer
2021-06-05T18:22:33.235+0800	controller/handler.go:24	[GoAdmin] [37;44m 200 [0m [37;104m GET   [0m /admin/assets/dist/css/fonts/6xKydSBYKcSV-LCoeQqfX1RYOo3i54rwlxdr.ttf
2021-06-05T18:22:41.779+0800	controller/handler.go:24	[GoAdmin] [37;44m 200 [0m [37;104m GET   [0m /admin/menu
2021-06-05T18:22:46.080+0800	controller/handler.go:24	[GoAdmin] [37;44m 200 [0m [37;104m GET   [0m /admin/menu/edit/show
2021-06-05T18:22:52.844+0800	controller/handler.go:24	[GoAdmin] [37;44m 200 [0m [37;104m GET   [0m /admin/menu/edit/show
2021-06-05T18:22:56.909+0800	controller/handler.go:24	[GoAdmin] [37;44m 200 [0m [37;104m GET   [0m /admin/menu
2021-06-05T18:23:00.738+0800	controller/handler.go:24	[GoAdmin] [37;44m 200 [0m [37;104m POST   [0m /admin/menu/delete
2021-06-05T18:23:00.764+0800	controller/handler.go:24	[GoAdmin] [37;44m 200 [0m [37;104m GET   [0m /admin/menu
2021-06-05T18:23:03.116+0800	controller/handler.go:24	[GoAdmin] [37;44m 200 [0m [37;104m GET   [0m /admin/menu
2021-06-05T18:23:05.237+0800	controller/handler.go:24	[GoAdmin] [37;44m 200 [0m [37;104m GET   [0m /admin/info/collect
2021-06-05T18:23:10.304+0800	controller/handler.go:24	[GoAdmin] [37;44m 200 [0m [37;104m GET   [0m /admin/menu
2021-06-05T18:23:13.198+0800	controller/handler.go:24	[GoAdmin] [37;44m 200 [0m [37;104m GET   [0m /admin/menu/edit/show
2021-06-05T18:23:35.903+0800	controller/handler.go:24	[GoAdmin] [37;44m 200 [0m [37;104m POST   [0m /admin/menu/edit
2021-06-05T18:23:37.885+0800	controller/handler.go:24	[GoAdmin] [37;44m 200 [0m [37;104m GET   [0m /admin/menu
2021-06-05T18:23:39.981+0800	controller/handler.go:24	[GoAdmin] [37;44m 200 [0m [37;104m GET   [0m /admin/menu
2021-06-05T18:24:08.649+0800	controller/handler.go:24	[GoAdmin] [37;44m 200 [0m [37;104m GET   [0m /admin/info/transfer
2021-06-05T18:24:09.774+0800	controller/handler.go:24	[GoAdmin] [37;44m 200 [0m [37;104m GET   [0m /admin/info/collect
2021-06-05T18:24:11.012+0800	controller/handler.go:24	[GoAdmin] [37;44m 200 [0m [37;104m GET   [0m /admin/info/transfer
2021-06-05T18:24:12.220+0800	controller/handler.go:24	[GoAdmin] [37;44m 200 [0m [37;104m GET   [0m /admin/info/collect
2021-06-05T18:24:19.419+0800	controller/handler.go:24	[GoAdmin] [37;44m 200 [0m [37;104m GET   [0m /admin/info/transfer
2021-06-05T18:26:37.450+0800	controller/handler.go:24	[GoAdmin] [37;44m 200 [0m [37;104m GET   [0m /admin/info/generate/new
2021-06-05T18:26:48.293+0800	controller/handler.go:24	[GoAdmin] [37;44m 200 [0m [37;104m POST   [0m /admin/operation/_tool_choose_conn
2021-06-05T18:26:51.235+0800	controller/handler.go:24	[GoAdmin] [37;44m 200 [0m [37;104m POST   [0m /admin/operation/_tool_choose_table
2021-06-05T18:31:15.653+0800	controller/handler.go:24	[GoAdmin] [37;44m 200 [0m [37;104m POST   [0m /admin/new/generate
2021-06-05T18:32:21.418+0800	controller/handler.go:24	[GoAdmin] [37;44m 200 [0m [37;104m GET   [0m /admin/info/generate/new
2021-06-05T18:32:24.716+0800	controller/handler.go:24	[GoAdmin] [37;44m 200 [0m [37;104m GET   [0m /admin/info/generate/new
2021-06-05T18:32:36.163+0800	controller/handler.go:24	[GoAdmin] [37;44m 200 [0m [37;104m GET   [0m /admin/info/transfer
2021-06-05T18:32:39.410+0800	controller/handler.go:24	[GoAdmin] [37;44m 200 [0m [37;104m GET   [0m /admin/info/address
2021-06-05T18:34:46.530+0800	controller/handler.go:24	[GoAdmin] [37;44m 200 [0m [37;104m GET   [0m /admin/info/address
2021-06-05T18:34:49.787+0800	controller/handler.go:24	[GoAdmin] [37;44m 200 [0m [37;104m GET   [0m /admin/info/address
2021-06-05T18:34:56.914+0800	controller/handler.go:24	[GoAdmin] [37;44m 200 [0m [37;104m GET   [0m /admin/info/address
2021-06-05T18:35:04.062+0800	controller/handler.go:24	[GoAdmin] [37;44m 200 [0m [37;104m GET   [0m /admin/info/address
2021-06-05T18:35:04.910+0800	controller/handler.go:24	[GoAdmin] [37;44m 200 [0m [37;104m GET   [0m /admin/info/address
2021-06-05T18:35:23.671+0800	controller/handler.go:24	[GoAdmin] [37;44m 200 [0m [37;104m POST   [0m /admin/export/address
2021-06-05T18:36:03.276+0800	controller/handler.go:24	[GoAdmin] [37;44m 200 [0m [37;104m GET   [0m /admin/menu
2021-06-05T18:36:55.282+0800	controller/handler.go:24	[GoAdmin] [37;44m 200 [0m [37;104m POST   [0m /admin/menu/new
2021-06-05T18:36:57.284+0800	controller/handler.go:24	[GoAdmin] [37;44m 200 [0m [37;104m GET   [0m /admin/menu
2021-06-05T18:36:59.114+0800	controller/handler.go:24	[GoAdmin] [37;44m 200 [0m [37;104m GET   [0m /admin/menu
2021-06-05T18:37:01.330+0800	controller/handler.go:24	[GoAdmin] [37;44m 200 [0m [37;104m GET   [0m /admin/info/collect
2021-06-05T18:37:02.214+0800	controller/handler.go:24	[GoAdmin] [37;44m 200 [0m [37;104m GET   [0m /admin/info/transfer
2021-06-05T18:37:03.218+0800	controller/handler.go:24	[GoAdmin] [37;44m 200 [0m [37;104m GET   [0m /admin/info/address
2021-06-05T18:37:04.805+0800	controller/handler.go:24	[GoAdmin] [37;44m 200 [0m [37;104m GET   [0m /admin/info/collect
2021-06-05T18:37:06.275+0800	controller/handler.go:24	[GoAdmin] [37;44m 200 [0m [37;104m GET   [0m /admin/info/transfer
2021-06-05T18:37:08.951+0800	controller/handler.go:24	[GoAdmin] [37;44m 200 [0m [37;104m GET   [0m /admin/info/collect
2021-06-05T18:37:10.199+0800	controller/handler.go:24	[GoAdmin] [37;44m 200 [0m [37;104m GET   [0m /admin/info/address
2021-06-05T18:37:12.359+0800	controller/handler.go:24	[GoAdmin] [37;44m 200 [0m [37;104m GET   [0m /admin/info/collect
2021-06-05T18:37:17.320+0800	controller/handler.go:24	[GoAdmin] [37;44m 200 [0m [37;104m GET   [0m /admin/info/address
2021-06-05T18:37:30.278+0800	controller/handler.go:24	[GoAdmin] [37;44m 200 [0m [37;104m GET   [0m /admin/info/collect
2021-06-05T18:37:32.335+0800	controller/handler.go:24	[GoAdmin] [37;44m 200 [0m [37;104m GET   [0m /admin/info/transfer
2021-06-05T18:37:35.167+0800	controller/handler.go:24	[GoAdmin] [37;44m 200 [0m [37;104m GET   [0m /admin/info/transfer/detail
2021-06-05T18:44:47.098+0800	controller/handler.go:24	[GoAdmin] [37;44m 200 [0m [37;104m GET   [0m /admin/info/collect
2021-06-05T18:45:17.075+0800	controller/handler.go:24	[GoAdmin] [37;44m 200 [0m [37;104m GET   [0m /admin/info/transfer
2021-06-05T18:49:27.158+0800	controller/handler.go:24	[GoAdmin] [37;44m 200 [0m [37;104m GET   [0m /admin/info/transfer
2021-06-05T18:49:29.124+0800	controller/handler.go:24	[GoAdmin] [37;44m 200 [0m [37;104m GET   [0m /admin/info/transfer
2021-06-05T18:49:30.607+0800	controller/handler.go:24	[GoAdmin] [37;44m 200 [0m [37;104m GET   [0m /admin/info/collect
2021-06-05T18:49:31.479+0800	controller/handler.go:24	[GoAdmin] [37;44m 200 [0m [37;104m GET   [0m /admin/info/address
2021-06-05T18:49:32.279+0800	controller/handler.go:24	[GoAdmin] [37;44m 200 [0m [37;104m GET   [0m /admin/info/collect
2021-06-05T18:49:33.051+0800	controller/handler.go:24	[GoAdmin] [37;44m 200 [0m [37;104m GET   [0m /admin/info/transfer
2021-06-05T18:49:33.656+0800	controller/handler.go:24	[GoAdmin] [37;44m 200 [0m [37;104m GET   [0m /admin/info/collect
2021-06-05T18:49:34.151+0800	controller/handler.go:24	[GoAdmin] [37;44m 200 [0m [37;104m GET   [0m /admin/info/address
2021-06-05T18:49:35.180+0800	controller/handler.go:24	[GoAdmin] [37;44m 200 [0m [37;104m GET   [0m /admin/info/collect
2021-06-05T18:49:35.858+0800	controller/handler.go:24	[GoAdmin] [37;44m 200 [0m [37;104m GET   [0m /admin/info/transfer
2021-06-05T19:09:35.390+0800	controller/handler.go:24	[GoAdmin] [37;44m 200 [0m [37;104m GET   [0m /admin/info/transfer
2021-06-05T19:12:04.692+0800	controller/handler.go:24	[GoAdmin] [37;44m 200 [0m [37;104m GET   [0m /admin/info/transfer
2021-06-05T19:12:11.266+0800	controller/handler.go:24	[GoAdmin] [37;44m 200 [0m [37;104m GET   [0m /admin/info/transfer/detail
2021-06-05T19:12:50.151+0800	controller/handler.go:24	[GoAdmin] [37;44m 200 [0m [37;104m GET   [0m /admin/info/transfer/detail
2021-06-05T19:13:48.456+0800	controller/handler.go:24	[GoAdmin] [37;44m 200 [0m [37;104m GET   [0m /admin/info/transfer
2021-06-05T19:13:49.431+0800	controller/handler.go:24	[GoAdmin] [37;44m 200 [0m [37;104m GET   [0m /admin/info/transfer
2021-06-05T19:13:51.905+0800	controller/handler.go:24	[GoAdmin] [37;44m 200 [0m [37;104m GET   [0m /admin/info/transfer/detail
2021-06-05T19:14:09.686+0800	controller/handler.go:24	[GoAdmin] [37;44m 200 [0m [37;104m GET   [0m /admin/info/transfer
2021-06-05T19:14:10.361+0800	controller/handler.go:24	[GoAdmin] [37;44m 200 [0m [37;104m GET   [0m /admin/info/transfer
2021-06-05T19:14:22.893+0800	controller/handler.go:24	[GoAdmin] [37;44m 200 [0m [37;104m GET   [0m /admin/info/transfer
2021-06-05T19:14:24.466+0800	controller/handler.go:24	[GoAdmin] [37;44m 200 [0m [37;104m GET   [0m /admin/info/transfer/detail
2021-06-05T19:14:34.057+0800	controller/handler.go:24	[GoAdmin] [37;44m 200 [0m [37;104m GET   [0m /admin/info/transfer
2021-06-05T19:16:26.297+0800	controller/handler.go:24	[GoAdmin] [37;44m 200 [0m [37;104m GET   [0m /admin/info/transfer/detail
2021-06-05T19:21:17.988+0800	controller/handler.go:24	[GoAdmin] [37;44m 200 [0m [37;104m GET   [0m /admin/info/address
2021-06-05T19:21:19.048+0800	controller/handler.go:24	[GoAdmin] [37;44m 200 [0m [37;104m GET   [0m /admin/info/collect
2021-06-05T19:21:19.969+0800	controller/handler.go:24	[GoAdmin] [37;44m 200 [0m [37;104m GET   [0m /admin/info/transfer
2021-06-05T19:21:21.723+0800	controller/handler.go:24	[GoAdmin] [37;44m 200 [0m [37;104m GET   [0m /admin/info/transfer/detail
2021-06-05T19:21:43.704+0800	controller/handler.go:24	[GoAdmin] [37;44m 200 [0m [37;104m GET   [0m /admin/info/transfer/detail
2021-06-05T19:21:45.697+0800	controller/handler.go:24	[GoAdmin] [37;44m 200 [0m [37;104m GET   [0m /admin/info/transfer
2021-06-05T19:21:49.858+0800	controller/handler.go:24	[GoAdmin] [37;44m 200 [0m [37;104m GET   [0m /admin/info/transfer
2021-06-05T19:21:50.680+0800	controller/handler.go:24	[GoAdmin] [37;44m 200 [0m [37;104m GET   [0m /admin/info/transfer
2021-06-05T19:21:53.207+0800	controller/handler.go:24	[GoAdmin] [37;44m 200 [0m [37;104m GET   [0m /admin/info/transfer/detail
2021-06-05T19:22:27.240+0800	controller/handler.go:24	[GoAdmin] [37;44m 200 [0m [37;104m GET   [0m /admin/info/transfer/detail
2021-06-05T19:22:28.909+0800	controller/handler.go:24	[GoAdmin] [37;44m 200 [0m [37;104m GET   [0m /admin/info/transfer
2021-06-05T19:22:30.135+0800	controller/handler.go:24	[GoAdmin] [37;44m 200 [0m [37;104m GET   [0m /admin/info/transfer
2021-06-05T19:22:32.556+0800	controller/handler.go:24	[GoAdmin] [37;44m 200 [0m [37;104m GET   [0m /admin/info/transfer/detail
2021-06-05T19:22:41.564+0800	controller/handler.go:24	[GoAdmin] [37;44m 200 [0m [37;104m GET   [0m /admin/info/transfer/detail
2021-06-05T19:22:41.590+0800	controller/handler.go:24	[GoAdmin] [37;44m 200 [0m [37;104m GET   [0m /admin/assets/dist/css/all.min.79250b7051.css
2021-06-05T19:22:41.594+0800	controller/handler.go:24	[GoAdmin] [37;44m 200 [0m [37;104m GET   [0m /admin/assets/dist/js/all.min.8425540791.js
2021-06-05T19:22:41.634+0800	controller/handler.go:24	[GoAdmin] [37;44m 200 [0m [37;104m GET   [0m /admin/assets/dist/js/datatable.min.581cdc109b.js
2021-06-05T19:22:41.659+0800	controller/handler.go:24	[GoAdmin] [37;44m 200 [0m [37;104m GET   [0m /admin/assets/dist/js/form.min.f8678914e9.js
2021-06-05T19:22:41.678+0800	controller/handler.go:24	[GoAdmin] [37;44m 200 [0m [37;104m GET   [0m /admin/assets/dist/js/tree.min.e1faf8b7de.js
2021-06-05T19:22:41.679+0800	controller/handler.go:24	[GoAdmin] [37;44m 200 [0m [37;104m GET   [0m /admin/assets/dist/js/treeview.min.7780d3bb0f.js
2021-06-05T19:22:41.680+0800	controller/handler.go:24	[GoAdmin] [37;44m 200 [0m [37;104m GET   [0m /admin/assets/dist/img/avatar04.png
2021-06-05T19:22:41.681+0800	controller/handler.go:24	[GoAdmin] [37;44m 200 [0m [37;104m GET   [0m /admin/assets/dist/js/all_2.min.38a2a946b0.js
2021-06-05T19:22:41.682+0800	controller/handler.go:24	[GoAdmin] [37;44m 200 [0m [37;104m GET   [0m /admin/assets/chart.min.js
2021-06-05T19:22:41.685+0800	controller/handler.go:24	[GoAdmin] [37;44m 200 [0m [37;104m GET   [0m /admin/assets/dist/fonts/fontawesome-webfont.woff2
2021-06-05T19:22:41.791+0800	controller/handler.go:24	[GoAdmin] [37;44m 200 [0m [37;104m GET   [0m /admin/assets/dist/css/fonts/6xK3dSBYKcSV-LCoeQqfX1RYOo3qOK7g.ttf
2021-06-05T19:22:44.550+0800	controller/handler.go:24	[GoAdmin] [37;44m 200 [0m [37;104m GET   [0m /admin/info/transfer
2021-06-05T19:22:44.572+0800	controller/handler.go:24	[GoAdmin] [37;44m 200 [0m [37;104m GET   [0m /admin/assets/dist/css/blue.png
2021-06-05T19:22:48.151+0800	controller/handler.go:24	[GoAdmin] [37;44m 200 [0m [37;104m GET   [0m /admin/info/transfer
2021-06-05T19:22:50.195+0800	controller/handler.go:24	[GoAdmin] [37;44m 200 [0m [37;104m GET   [0m /admin/info/transfer/detail
2021-06-05T19:23:18.907+0800	controller/handler.go:24	[GoAdmin] [37;44m 200 [0m [37;104m GET   [0m /admin/info/transfer/detail
2021-06-05T19:23:19.471+0800	controller/handler.go:24	[GoAdmin] [37;44m 200 [0m [37;104m GET   [0m /admin/info/transfer
2021-06-05T19:23:24.215+0800	controller/handler.go:24	[GoAdmin] [37;44m 200 [0m [37;104m GET   [0m /admin/info/transfer
2021-06-05T19:26:26.143+0800	controller/handler.go:24	[GoAdmin] [37;44m 200 [0m [37;104m GET   [0m /admin/info/transfer
2021-06-05T19:26:28.781+0800	controller/handler.go:24	[GoAdmin] [37;44m 200 [0m [37;104m POST   [0m /admin/operation/_see_more_example
2021-06-05T19:26:32.091+0800	controller/handler.go:24	[GoAdmin] [37;44m 200 [0m [37;104m POST   [0m /admin/operation/_see_more_example
2021-06-05T19:26:42.573+0800	controller/handler.go:24	[GoAdmin] [37;44m 200 [0m [37;104m POST   [0m /admin/operation/_see_more_example
2021-06-05T19:26:52.765+0800	controller/handler.go:24	[GoAdmin] [37;44m 200 [0m [37;104m POST   [0m /admin/operation/_see_more_example
2021-06-05T19:27:18.030+0800	controller/handler.go:24	[GoAdmin] [37;44m 200 [0m [37;104m GET   [0m /admin/menu
2021-06-05T19:38:20.643+0800	controller/handler.go:24	[GoAdmin] [37;44m 200 [0m [37;104m GET   [0m /admin/menu
2021-06-05T19:38:23.298+0800	controller/handler.go:24	[GoAdmin] [37;44m 200 [0m [37;104m GET   [0m /admin/info/address
2021-06-05T19:38:24.117+0800	controller/handler.go:24	[GoAdmin] [37;44m 200 [0m [37;104m GET   [0m /admin/info/collect
2021-06-05T19:38:24.801+0800	controller/handler.go:24	[GoAdmin] [37;44m 200 [0m [37;104m GET   [0m /admin/info/transfer
2021-06-05T19:38:27.613+0800	controller/handler.go:24	[GoAdmin] [37;44m 200 [0m [37;104m POST   [0m /admin/operation/_info_callback
2021-06-05T19:38:31.837+0800	controller/handler.go:24	[GoAdmin] [37;44m 200 [0m [37;104m POST   [0m /admin/operation/_info_callback
2021-06-05T19:38:59.019+0800	controller/handler.go:24	[GoAdmin] [37;44m 200 [0m [37;104m GET   [0m /admin/info/transfer/detail
2021-06-05T19:39:02.322+0800	controller/handler.go:24	[GoAdmin] [37;44m 200 [0m [37;104m GET   [0m /admin/info/transfer
2021-06-05T19:39:52.046+0800	controller/handler.go:24	[GoAdmin] [37;44m 200 [0m [37;104m GET   [0m /admin/info/transfer
2021-06-05T19:39:55.480+0800	controller/handler.go:24	[GoAdmin] [37;44m 200 [0m [37;104m POST   [0m /admin/operation/_info_callback
2021-06-05T19:40:25.774+0800	controller/handler.go:24	[GoAdmin] [37;44m 200 [0m [37;104m POST   [0m /admin/operation/_info_callback
2021-06-05T19:42:46.576+0800	controller/handler.go:24	[GoAdmin] [37;44m 200 [0m [37;104m GET   [0m /admin/info/manager
2021-06-05T19:42:52.338+0800	controller/handler.go:24	[GoAdmin] [37;44m 200 [0m [37;104m GET   [0m /admin/info/manager/detail
2021-06-05T19:42:57.751+0800	controller/handler.go:24	[GoAdmin] [37;44m 200 [0m [37;104m GET   [0m /admin/info/roles
2021-06-05T19:43:00.396+0800	controller/handler.go:24	[GoAdmin] [37;44m 200 [0m [37;104m GET   [0m /admin/menu
2021-06-05T19:43:01.299+0800	controller/handler.go:24	[GoAdmin] [37;44m 200 [0m [37;104m GET   [0m /admin/info/permission
2021-06-05T19:43:08.169+0800	controller/handler.go:24	[GoAdmin] [37;44m 200 [0m [37;104m GET   [0m /admin/info/permission/detail
2021-06-05T19:43:12.216+0800	controller/handler.go:24	[GoAdmin] [37;44m 200 [0m [37;104m GET   [0m /admin/menu
2021-06-05T19:43:12.659+0800	controller/handler.go:24	[GoAdmin] [37;44m 200 [0m [37;104m GET   [0m /admin/info/op
2021-06-05T19:43:19.648+0800	controller/handler.go:24	[GoAdmin] [37;44m 200 [0m [37;104m GET   [0m /admin/info/permission
2021-06-05T19:43:21.880+0800	controller/handler.go:24	[GoAdmin] [37;44m 200 [0m [37;104m GET   [0m /admin/menu
2021-06-05T19:43:23.517+0800	controller/handler.go:24	[GoAdmin] [37;44m 200 [0m [37;104m GET   [0m /admin/info/roles
2021-06-05T19:43:26.808+0800	controller/handler.go:24	[GoAdmin] [37;44m 200 [0m [37;104m GET   [0m /admin/info/manager
2021-06-05T19:43:30.711+0800	controller/handler.go:24	[GoAdmin] [37;44m 200 [0m [37;104m GET   [0m /admin/info/roles
2021-06-05T19:43:31.693+0800	controller/handler.go:24	[GoAdmin] [37;44m 200 [0m [37;104m GET   [0m /admin/info/manager
2021-06-05T19:43:32.927+0800	controller/handler.go:24	[GoAdmin] [37;44m 200 [0m [37;104m GET   [0m /admin/info/permission
2021-06-05T19:43:35.455+0800	controller/handler.go:24	[GoAdmin] [37;44m 200 [0m [37;104m GET   [0m /admin/menu
2021-06-05T19:43:36.290+0800	controller/handler.go:24	[GoAdmin] [37;44m 200 [0m [37;104m GET   [0m /admin/info/permission
2021-06-05T19:45:45.756+0800	controller/handler.go:24	[GoAdmin] [37;44m 200 [0m [37;104m GET   [0m /admin/info/permission
2021-06-05T19:45:48.334+0800	controller/handler.go:24	[GoAdmin] [37;44m 200 [0m [37;104m GET   [0m /admin/info/transfer
2021-06-05T19:45:51.603+0800	controller/handler.go:24	[GoAdmin] [37;44m 200 [0m [37;104m POST   [0m /admin/operation/_info_callback
2021-06-05T19:47:49.475+0800	controller/handler.go:24	[GoAdmin] [37;44m 200 [0m [37;104m GET   [0m /admin/info/transfer
2021-06-05T19:47:51.182+0800	controller/handler.go:24	[GoAdmin] [37;44m 200 [0m [37;104m POST   [0m /admin/operation/_info_callback
2021-06-05T19:50:43.589+0800	controller/handler.go:24	[GoAdmin] [37;44m 200 [0m [37;104m GET   [0m /admin/info/transfer
2021-06-05T19:50:45.089+0800	controller/handler.go:24	[GoAdmin] [37;44m 500 [0m [37;104m POST   [0m /admin/operation/_info_callback
2021-06-05T19:57:55.538+0800	controller/handler.go:24	[GoAdmin] [37;44m 200 [0m [37;104m GET   [0m /admin/info/transfer
2021-06-05T19:57:57.489+0800	controller/handler.go:24	[GoAdmin] [37;44m 200 [0m [37;104m POST   [0m /admin/operation/_info_callback
2021-06-05T19:58:17.681+0800	controller/handler.go:24	[GoAdmin] [37;44m 200 [0m [37;104m POST   [0m /admin/operation/_info_callback
2021-06-05T20:12:35.291+0800	controller/handler.go:24	[GoAdmin] [37;44m 302 [0m [37;104m GET   [0m /admin/info/transfer
2021-06-05T20:12:35.295+0800	controller/handler.go:24	[GoAdmin] [37;44m 200 [0m [37;104m GET   [0m /admin/login
2021-06-05T20:12:35.317+0800	controller/handler.go:24	[GoAdmin] [37;44m 200 [0m [37;104m GET   [0m /admin/assets/login/dist/all.min.js
2021-06-05T20:12:35.317+0800	controller/handler.go:24	[GoAdmin] [37;44m 200 [0m [37;104m GET   [0m /admin/assets/login/dist/all.min.css
2021-06-05T20:12:39.364+0800	controller/handler.go:24	[GoAdmin] [37;44m 200 [0m [37;104m POST   [0m /admin/signin
2021-06-05T20:12:39.403+0800	controller/handler.go:24	[GoAdmin] [37;44m 200 [0m [37;104m GET   [0m /admin/info/generate/new
2021-06-05T20:12:55.818+0800	controller/handler.go:24	[GoAdmin] [37;44m 200 [0m [37;104m GET   [0m /admin/info/transfer
2021-06-05T20:12:57.480+0800	controller/handler.go:24	[GoAdmin] [37;44m 200 [0m [37;104m POST   [0m /admin/operation/_info_callback
2021-06-05T20:13:33.254+0800	controller/handler.go:24	[GoAdmin] [37;44m 200 [0m [37;104m GET   [0m /admin/info/transfer
2021-06-05T20:13:35.266+0800	controller/handler.go:24	[GoAdmin] [37;44m 200 [0m [37;104m POST   [0m /admin/operation/_info_callback
2021-06-05T20:13:50.037+0800	controller/handler.go:24	[GoAdmin] [37;44m 200 [0m [37;104m GET   [0m /admin/info/transfer
2021-06-05T20:13:51.353+0800	controller/handler.go:24	[GoAdmin] [37;44m 200 [0m [37;104m POST   [0m /admin/operation/_info_callback
2021-06-05T20:27:18.509+0800	controller/handler.go:24	[GoAdmin] [37;44m 200 [0m [37;104m GET   [0m /admin/info/transfer
2021-06-05T20:27:21.202+0800	controller/handler.go:24	[GoAdmin] [37;44m 500 [0m [37;104m POST   [0m /admin/operation/_info_callback
2021-06-05T20:27:49.697+0800	controller/handler.go:24	[GoAdmin] [37;44m 200 [0m [37;104m GET   [0m /admin/info/transfer
2021-06-05T20:27:50.906+0800	controller/handler.go:24	[GoAdmin] [37;44m 200 [0m [37;104m POST   [0m /admin/operation/_info_callback
2021-06-05T20:28:50.554+0800	controller/handler.go:24	[GoAdmin] [37;44m 200 [0m [37;104m GET   [0m /admin/info/transfer
2021-06-05T20:28:52.780+0800	controller/handler.go:24	[GoAdmin] [37;44m 200 [0m [37;104m POST   [0m /admin/operation/_info_callback
2021-06-05T20:34:27.221+0800	controller/handler.go:24	[GoAdmin] [37;44m 200 [0m [37;104m GET   [0m /admin/info/transfer
2021-06-05T20:34:28.731+0800	controller/handler.go:24	[GoAdmin] [37;44m 200 [0m [37;104m POST   [0m /admin/operation/_info_callback
2021-06-05T20:35:19.470+0800	controller/handler.go:24	[GoAdmin] [37;44m 200 [0m [37;104m GET   [0m /admin/info/transfer
2021-06-05T20:35:20.716+0800	controller/handler.go:24	[GoAdmin] [37;44m 200 [0m [37;104m POST   [0m /admin/operation/_info_callback
2021-06-05T20:35:46.406+0800	controller/handler.go:24	[GoAdmin] [37;44m 200 [0m [37;104m GET   [0m /admin/info/transfer
2021-06-05T20:35:47.621+0800	controller/handler.go:24	[GoAdmin] [37;44m 200 [0m [37;104m POST   [0m /admin/operation/_info_callback
2021-06-05T20:36:03.468+0800	controller/handler.go:24	[GoAdmin] [37;44m 200 [0m [37;104m POST   [0m /admin/operation/_info_callback
2021-06-05T20:36:07.990+0800	controller/handler.go:24	[GoAdmin] [37;44m 200 [0m [37;104m GET   [0m /admin/info/transfer
2021-06-05T20:36:13.024+0800	controller/handler.go:24	[GoAdmin] [37;44m 200 [0m [37;104m GET   [0m /admin/info/transfer/detail
2021-06-05T20:37:15.629+0800	controller/handler.go:24	[GoAdmin] [37;44m 200 [0m [37;104m GET   [0m /admin/info/transfer/detail
2021-06-05T20:39:27.545+0800	controller/handler.go:24	[GoAdmin] [37;44m 200 [0m [37;104m GET   [0m /admin/info/transfer/detail
2021-06-05T20:40:14.667+0800	controller/handler.go:24	[GoAdmin] [37;44m 200 [0m [37;104m GET   [0m /admin/info/transfer
2021-06-05T20:40:17.271+0800	controller/handler.go:24	[GoAdmin] [37;44m 200 [0m [37;104m POST   [0m /admin/operation/_info_callback
2021-06-05T20:40:20.475+0800	controller/handler.go:24	[GoAdmin] [37;44m 200 [0m [37;104m GET   [0m /admin/info/transfer
2021-06-05T20:40:38.748+0800	controller/handler.go:24	[GoAdmin] [37;44m 200 [0m [37;104m GET   [0m /admin/info/transfer/detail
2021-06-05T20:41:08.191+0800	controller/handler.go:24	[GoAdmin] [37;44m 200 [0m [37;104m GET   [0m /admin/info/transfer
2021-06-05T20:41:08.722+0800	controller/handler.go:24	[GoAdmin] [37;44m 200 [0m [37;104m GET   [0m /admin/info/transfer
2021-06-05T20:41:13.815+0800	controller/handler.go:24	[GoAdmin] [37;44m 200 [0m [37;104m GET   [0m /admin/info/transfer/detail
2021-06-05T20:43:11.879+0800	controller/handler.go:24	[GoAdmin] [37;44m 200 [0m [37;104m GET   [0m /admin/info/transfer/detail
2021-06-05T20:43:33.974+0800	controller/handler.go:24	[GoAdmin] [37;44m 200 [0m [37;104m GET   [0m /admin/info/transfer/detail
2021-06-05T20:43:43.772+0800	controller/handler.go:24	[GoAdmin] [37;44m 200 [0m [37;104m GET   [0m /admin/info/transfer/detail
2021-06-05T20:43:45.683+0800	controller/handler.go:24	[GoAdmin] [37;44m 200 [0m [37;104m GET   [0m /admin/info/transfer
2021-06-05T20:43:47.117+0800	controller/handler.go:24	[GoAdmin] [37;44m 200 [0m [37;104m POST   [0m /admin/operation/_info_callback
2021-06-05T20:43:51.494+0800	controller/handler.go:24	[GoAdmin] [37;44m 200 [0m [37;104m GET   [0m /admin/info/transfer/detail
2021-06-05T20:44:14.164+0800	controller/handler.go:24	[GoAdmin] [37;44m 200 [0m [37;104m GET   [0m /admin/info/transfer/detail
2021-06-05T20:44:15.574+0800	controller/handler.go:24	[GoAdmin] [37;44m 200 [0m [37;104m GET   [0m /admin/info/transfer
2021-06-05T20:44:16.770+0800	controller/handler.go:24	[GoAdmin] [37;44m 200 [0m [37;104m GET   [0m /admin/info/transfer
2021-06-05T20:44:20.540+0800	controller/handler.go:24	[GoAdmin] [37;44m 200 [0m [37;104m GET   [0m /admin/info/transfer/edit
2021-06-05T20:44:20.564+0800	controller/handler.go:24	[GoAdmin] [37;44m 200 [0m [37;104m GET   [0m /admin/info/transfer/edit
2021-06-05T20:48:21.628+0800	controller/handler.go:24	[GoAdmin] [37;44m 200 [0m [37;104m GET   [0m /admin/info/transfer
2021-06-05T20:48:25.785+0800	controller/handler.go:24	[GoAdmin] [37;44m 200 [0m [37;104m GET   [0m /admin/info/transfer/edit
2021-06-05T20:48:25.806+0800	controller/handler.go:24	[GoAdmin] [37;44m 200 [0m [37;104m GET   [0m /admin/info/transfer/edit
2021-06-05T20:49:52.471+0800	controller/handler.go:24	[GoAdmin] [37;44m 200 [0m [37;104m GET   [0m /admin/info/transfer
2021-06-05T20:49:55.264+0800	controller/handler.go:24	[GoAdmin] [37;44m 200 [0m [37;104m GET   [0m /admin/info/transfer
2021-06-05T20:49:58.299+0800	controller/handler.go:24	[GoAdmin] [37;44m 200 [0m [37;104m GET   [0m /admin/info/transfer/edit
2021-06-05T20:49:58.327+0800	controller/handler.go:24	[GoAdmin] [37;44m 200 [0m [37;104m GET   [0m /admin/info/transfer/edit
2021-06-05T20:51:19.026+0800	controller/handler.go:24	[GoAdmin] [37;44m 200 [0m [37;104m GET   [0m /admin/info/generate/new
2021-06-05T20:51:25.182+0800	controller/handler.go:24	[GoAdmin] [37;44m 200 [0m [37;104m POST   [0m /admin/operation/_tool_choose_conn
2021-06-05T20:51:27.945+0800	controller/handler.go:24	[GoAdmin] [37;44m 200 [0m [37;104m POST   [0m /admin/operation/_tool_choose_table
2021-06-05T20:52:41.170+0800	controller/handler.go:24	[GoAdmin] [37;44m 200 [0m [37;104m POST   [0m /admin/new/generate
2021-06-05T20:53:23.561+0800	controller/handler.go:24	[GoAdmin] [37;44m 200 [0m [37;104m GET   [0m /admin/assets/dist/css/fonts/6xKydSBYKcSV-LCoeQqfX1RYOo3i54rwlxdr.ttf
2021-06-05T20:53:27.982+0800	controller/handler.go:24	[GoAdmin] [37;44m 200 [0m [37;104m GET   [0m /admin/info/transfer
2021-06-05T20:53:29.975+0800	controller/handler.go:24	[GoAdmin] [37;44m 200 [0m [37;104m GET   [0m /admin/info/transfer/edit
2021-06-05T20:53:38.322+0800	controller/handler.go:24	[GoAdmin] [37;44m 200 [0m [37;104m POST   [0m /admin/edit/transfer
2021-06-05T20:53:40.752+0800	controller/handler.go:24	[GoAdmin] [37;44m 200 [0m [37;104m GET   [0m /admin/info/transfer/detail
2021-06-05T20:53:43.716+0800	controller/handler.go:24	[GoAdmin] [37;44m 200 [0m [37;104m GET   [0m /admin/info/transfer
2021-06-05T20:53:45.959+0800	controller/handler.go:24	[GoAdmin] [37;44m 200 [0m [37;104m GET   [0m /admin/info/transfer/edit
2021-06-05T20:54:36.307+0800	controller/handler.go:24	[GoAdmin] [37;44m 200 [0m [37;104m GET   [0m /admin/menu
2021-06-05T20:55:57.598+0800	controller/handler.go:24	[GoAdmin] [37;44m 200 [0m [37;104m GET   [0m /admin/info/address
2021-06-05T20:55:58.303+0800	controller/handler.go:24	[GoAdmin] [37;44m 200 [0m [37;104m GET   [0m /admin/info/collect
2021-06-05T20:55:59.071+0800	controller/handler.go:24	[GoAdmin] [37;44m 200 [0m [37;104m GET   [0m /admin/info/transfer
2021-06-07T13:44:17.180+0800	controller/handler.go:24	[GoAdmin] [37;44m 200 [0m [37;104m GET   [0m /admin/login
2021-06-07T13:44:17.202+0800	controller/handler.go:24	[GoAdmin] [37;44m 200 [0m [37;104m GET   [0m /admin/assets/login/dist/all.min.js
2021-06-07T13:44:17.202+0800	controller/handler.go:24	[GoAdmin] [37;44m 200 [0m [37;104m GET   [0m /admin/assets/login/dist/all.min.css
2021-06-07T13:44:21.436+0800	controller/handler.go:24	[GoAdmin] [37;44m 200 [0m [37;104m POST   [0m /admin/signin
2021-06-07T13:44:21.478+0800	controller/handler.go:24	[GoAdmin] [37;44m 200 [0m [37;104m GET   [0m /admin/assets/dist/js/all.min.8425540791.js
2021-06-07T13:44:21.484+0800	controller/handler.go:24	[GoAdmin] [37;44m 200 [0m [37;104m GET   [0m /admin/assets/dist/css/all.min.79250b7051.css
2021-06-07T13:44:21.499+0800	controller/handler.go:24	[GoAdmin] [37;44m 200 [0m [37;104m GET   [0m /admin/assets/dist/js/datatable.min.581cdc109b.js
2021-06-07T13:44:21.507+0800	controller/handler.go:24	[GoAdmin] [37;44m 200 [0m [37;104m GET   [0m /admin/assets/dist/js/treeview.min.7780d3bb0f.js
2021-06-07T13:44:21.531+0800	controller/handler.go:24	[GoAdmin] [37;44m 200 [0m [37;104m GET   [0m /admin/assets/dist/js/form.min.f8678914e9.js
2021-06-07T13:44:21.535+0800	controller/handler.go:24	[GoAdmin] [37;44m 200 [0m [37;104m GET   [0m /admin/assets/dist/js/tree.min.e1faf8b7de.js
2021-06-07T13:44:21.536+0800	controller/handler.go:24	[GoAdmin] [37;44m 200 [0m [37;104m GET   [0m /admin/assets/dist/js/all_2.min.38a2a946b0.js
2021-06-07T13:44:21.537+0800	controller/handler.go:24	[GoAdmin] [37;44m 200 [0m [37;104m GET   [0m /admin/assets/dist/img/avatar04.png
2021-06-07T13:44:21.538+0800	controller/handler.go:24	[GoAdmin] [37;44m 200 [0m [37;104m GET   [0m /admin/assets/chart.min.js
2021-06-07T13:44:21.579+0800	controller/handler.go:24	[GoAdmin] [37;44m 200 [0m [37;104m GET   [0m /admin/assets/dist/fonts/fontawesome-webfont.woff2
2021-06-07T13:44:21.736+0800	controller/handler.go:24	[GoAdmin] [37;44m 200 [0m [37;104m GET   [0m /admin/assets/dist/css/fonts/6xK3dSBYKcSV-LCoeQqfX1RYOo3qOK7g.ttf
2021-06-07T13:44:21.800+0800	controller/handler.go:24	[GoAdmin] [37;44m 200 [0m [37;104m GET   [0m /admin/assets/dist/css/fonts/6xKydSBYKcSV-LCoeQqfX1RYOo3i54rwlxdr.ttf
2021-06-07T13:44:25.129+0800	controller/handler.go:24	[GoAdmin] [37;44m 200 [0m [37;104m GET   [0m /admin/info/address
2021-06-07T13:44:25.153+0800	controller/handler.go:24	[GoAdmin] [37;44m 200 [0m [37;104m GET   [0m /admin/assets/dist/css/blue.png
2021-06-07T13:44:26.290+0800	controller/handler.go:24	[GoAdmin] [37;44m 200 [0m [37;104m GET   [0m /admin/info/collect
2021-06-07T13:44:27.683+0800	controller/handler.go:24	[GoAdmin] [37;44m 200 [0m [37;104m GET   [0m /admin/info/transfer
2021-06-07T13:44:30.279+0800	controller/handler.go:24	[GoAdmin] [37;44m 200 [0m [37;104m GET   [0m /admin/info/address
2021-06-07T13:45:43.409+0800	controller/handler.go:24	[GoAdmin] [37;44m 200 [0m [37;104m GET   [0m /admin/info/address
2021-06-07T13:45:48.190+0800	controller/handler.go:24	[GoAdmin] [37;44m 200 [0m [37;104m GET   [0m /admin/info/address
2021-06-07T13:46:01.389+0800	controller/handler.go:24	[GoAdmin] [37;44m 200 [0m [37;104m POST   [0m /admin/operation/queryBalance
2021-06-07T13:48:29.401+0800	controller/handler.go:24	[GoAdmin] [37;44m 200 [0m [37;104m POST   [0m /admin/operation/queryBalance
2021-06-07T13:59:55.150+0800	controller/handler.go:24	[GoAdmin] [37;44m 200 [0m [37;104m GET   [0m /admin/info/address
2021-06-07T14:00:02.687+0800	controller/handler.go:24	[GoAdmin] [37;44m 200 [0m [37;104m POST   [0m /admin/operation/queryBalance
2021-06-07T14:00:06.277+0800	controller/handler.go:24	[GoAdmin] [37;44m 200 [0m [37;104m POST   [0m /admin/operation/queryBalance
2021-06-07T14:00:09.734+0800	controller/handler.go:24	[GoAdmin] [37;44m 200 [0m [37;104m POST   [0m /admin/operation/queryBalance
2021-06-07T14:00:22.815+0800	controller/handler.go:24	[GoAdmin] [37;44m 200 [0m [37;104m POST   [0m /admin/operation/queryBalance
2021-06-07T14:09:44.303+0800	controller/handler.go:24	[GoAdmin] [37;44m 200 [0m [37;104m GET   [0m /admin/info/address
2021-06-07T14:09:49.572+0800	controller/handler.go:24	[GoAdmin] [37;44m 200 [0m [37;104m POST   [0m /admin/operation/queryBalance
2021-06-07T14:10:11.427+0800	controller/handler.go:24	[GoAdmin] [37;44m 200 [0m [37;104m POST   [0m /admin/operation/queryBalance
2021-06-07T14:10:38.590+0800	controller/handler.go:24	[GoAdmin] [37;44m 200 [0m [37;104m GET   [0m /admin/info/address
2021-06-07T14:11:02.229+0800	controller/handler.go:24	[GoAdmin] [37;44m 200 [0m [37;104m POST   [0m /admin/operation/queryBalance
2021-06-07T14:11:48.180+0800	controller/handler.go:24	[GoAdmin] [37;44m 200 [0m [37;104m POST   [0m /admin/operation/queryBalance
2021-06-07T14:12:32.884+0800	controller/handler.go:24	[GoAdmin] [37;44m 200 [0m [37;104m GET   [0m /admin/info/address
2021-06-07T14:12:39.539+0800	controller/handler.go:24	[GoAdmin] [37;44m 200 [0m [37;104m POST   [0m /admin/operation/queryBalance
2021-06-07T14:13:37.808+0800	controller/handler.go:24	[GoAdmin] [37;44m 200 [0m [37;104m GET   [0m /admin/info/address
2021-06-07T14:13:48.718+0800	controller/handler.go:24	[GoAdmin] [37;44m 200 [0m [37;104m POST   [0m /admin/operation/queryBalance
2021-06-07T14:22:30.369+0800	controller/handler.go:24	[GoAdmin] [37;44m 200 [0m [37;104m GET   [0m /admin/info/address
2021-06-07T14:22:34.931+0800	controller/handler.go:24	[GoAdmin] [37;44m 200 [0m [37;104m POST   [0m /admin/operation/queryBalance
2021-06-07T14:26:09.260+0800	controller/handler.go:24	[GoAdmin] [37;44m 200 [0m [37;104m GET   [0m /admin/info/address
2021-06-07T14:26:59.143+0800	controller/handler.go:24	[GoAdmin] [37;44m 200 [0m [37;104m POST   [0m /admin/operation/queryBalance
2021-06-07T14:27:24.346+0800	controller/handler.go:24	[GoAdmin] [37;44m 200 [0m [37;104m POST   [0m /admin/operation/queryBalance
2021-06-07T14:27:39.106+0800	controller/handler.go:24	[GoAdmin] [37;44m 200 [0m [37;104m GET   [0m /admin/info/collect
2021-06-07T14:27:40.090+0800	controller/handler.go:24	[GoAdmin] [37;44m 200 [0m [37;104m GET   [0m /admin/info/address
2021-06-07T18:25:08.021+0800	controller/handler.go:24	[GoAdmin] [37;44m 302 [0m [37;104m GET   [0m /admin/info/address
2021-06-07T18:25:08.023+0800	controller/handler.go:24	[GoAdmin] [37;44m 200 [0m [37;104m GET   [0m /admin/login
2021-06-07T18:34:19.633+0800	controller/handler.go:24	[GoAdmin] [37;44m 200 [0m [37;104m POST   [0m /admin/signin
2021-06-07T18:34:19.672+0800	controller/handler.go:24	[GoAdmin] [37;44m 200 [0m [37;104m GET   [0m /admin/info/address
2021-06-07T18:34:28.841+0800	controller/handler.go:24	[GoAdmin] [37;44m 200 [0m [37;104m POST   [0m /admin/operation/queryBalance
2021-06-07T18:34:33.402+0800	controller/handler.go:24	[GoAdmin] [37;44m 200 [0m [37;104m GET   [0m /admin/info/address
2021-06-07T18:34:37.902+0800	controller/handler.go:24	[GoAdmin] [37;44m 200 [0m [37;104m GET   [0m /admin/info/roles
2021-06-07T18:34:43.212+0800	controller/handler.go:24	[GoAdmin] [37;44m 200 [0m [37;104m GET   [0m /admin/info/address
2021-06-07T18:34:47.460+0800	controller/handler.go:24	[GoAdmin] [37;44m 200 [0m [37;104m GET   [0m /admin/info/collect
2021-06-07T18:34:49.362+0800	controller/handler.go:24	[GoAdmin] [37;44m 200 [0m [37;104m GET   [0m /admin/info/address
2021-06-07T18:35:02.353+0800	controller/handler.go:24	[GoAdmin] [37;44m 200 [0m [37;104m GET   [0m /admin/info/transfer
2021-06-07T18:35:07.727+0800	controller/handler.go:24	[GoAdmin] [37;44m 200 [0m [37;104m GET   [0m /admin/info/collect
2021-06-07T18:35:09.727+0800	controller/handler.go:24	[GoAdmin] [37;44m 200 [0m [37;104m GET   [0m /admin/info/transfer
2021-06-07T18:35:11.787+0800	controller/handler.go:24	[GoAdmin] [37;44m 200 [0m [37;104m GET   [0m /admin/info/transfer
2021-06-07T18:37:48.435+0800	controller/handler.go:24	[GoAdmin] [37;44m 200 [0m [37;104m GET   [0m /admin/info/address
2021-06-07T18:37:50.174+0800	controller/handler.go:24	[GoAdmin] [37;44m 200 [0m [37;104m GET   [0m /admin/info/address
2021-06-07T18:38:17.933+0800	controller/handler.go:24	[GoAdmin] [37;44m 200 [0m [37;104m GET   [0m /admin/info/transfer
2021-06-07T18:39:13.833+0800	controller/handler.go:24	[GoAdmin] [37;44m 200 [0m [37;104m GET   [0m /admin/info/transfer
2021-06-07T18:39:45.766+0800	controller/handler.go:24	[GoAdmin] [37;44m 200 [0m [37;104m GET   [0m /admin/info/transfer
2021-06-07T18:40:27.399+0800	controller/handler.go:24	[GoAdmin] [37;44m 200 [0m [37;104m GET   [0m /admin/info/transfer
2021-06-07T18:40:46.713+0800	controller/handler.go:24	[GoAdmin] [37;44m 200 [0m [37;104m GET   [0m /admin/info/transfer
2021-06-07T18:41:45.952+0800	controller/handler.go:24	[GoAdmin] [37;44m 200 [0m [37;104m GET   [0m /admin/info/transfer
2021-06-07T18:42:12.719+0800	controller/handler.go:24	[GoAdmin] [37;44m 200 [0m [37;104m GET   [0m /admin/info/transfer
2021-06-07T18:43:39.853+0800	controller/handler.go:24	[GoAdmin] [37;44m 200 [0m [37;104m GET   [0m /admin/info/transfer
2021-06-07T18:43:39.880+0800	controller/handler.go:24	[GoAdmin] [37;44m 200 [0m [37;104m GET   [0m /admin/info/<a target=
2021-06-07T18:44:10.363+0800	controller/handler.go:24	[GoAdmin] [37;44m 200 [0m [37;104m GET   [0m /admin/info/transfer
2021-06-07T18:44:10.388+0800	controller/handler.go:24	[GoAdmin] [37;44m 200 [0m [37;104m GET   [0m /admin/info/TCiUAp1XsVBnB1CiTrydYNB14ztGvQcDvM
2021-06-07T18:48:16.104+0800	controller/handler.go:24	[GoAdmin] [37;44m 200 [0m [37;104m GET   [0m /admin/info/transfer
2021-06-07T18:49:30.449+0800	controller/handler.go:24	[GoAdmin] [37;44m 200 [0m [37;104m GET   [0m /admin/info/transfer
2021-06-07T18:50:32.546+0800	controller/handler.go:24	[GoAdmin] [37;44m 200 [0m [37;104m GET   [0m /admin/info/transfer
2021-06-07T18:50:33.831+0800	controller/handler.go:24	[GoAdmin] [37;44m 200 [0m [37;104m GET   [0m /admin/info/transfer
2021-06-07T18:50:48.844+0800	controller/handler.go:24	[GoAdmin] [37;44m 200 [0m [37;104m GET   [0m /admin/info/transfer
2021-06-07T21:24:11.682+0800	controller/handler.go:24	[GoAdmin] [37;44m 302 [0m [37;104m GET   [0m /admin/info/transfer
2021-06-07T21:24:11.684+0800	controller/handler.go:24	[GoAdmin] [37;44m 200 [0m [37;104m GET   [0m /admin/login
2021-06-07T21:24:16.899+0800	controller/handler.go:24	[GoAdmin] [37;44m 200 [0m [37;104m POST   [0m /admin/signin
2021-06-07T21:24:16.945+0800	controller/handler.go:24	[GoAdmin] [37;44m 200 [0m [37;104m GET   [0m /admin/info/address
2021-06-07T21:50:58.647+0800	controller/handler.go:24	[GoAdmin] [37;44m 200 [0m [37;104m GET   [0m /admin/info/address
2021-06-07T21:51:02.850+0800	controller/handler.go:24	[GoAdmin] [37;44m 200 [0m [37;104m GET   [0m /admin/info/collect
2021-06-07T21:51:03.950+0800	controller/handler.go:24	[GoAdmin] [37;44m 200 [0m [37;104m GET   [0m /admin/info/transfer
2021-06-08T13:40:20.807+0800	controller/handler.go:24	[GoAdmin] [37;44m 200 [0m [37;104m GET   [0m /admin/login
2021-06-08T13:40:24.765+0800	controller/handler.go:24	[GoAdmin] [37;44m 200 [0m [37;104m POST   [0m /admin/signin
2021-06-08T13:40:30.615+0800	controller/handler.go:24	[GoAdmin] [37;44m 200 [0m [37;104m GET   [0m /admin/info/address
2021-06-08T13:40:31.942+0800	controller/handler.go:24	[GoAdmin] [37;44m 200 [0m [37;104m GET   [0m /admin/info/transfer
2021-06-08T13:41:19.845+0800	controller/handler.go:24	[GoAdmin] [37;44m 200 [0m [37;104m GET   [0m /admin/info/transfer
2021-06-08T13:42:34.862+0800	controller/handler.go:24	[GoAdmin] [37;44m 200 [0m [37;104m GET   [0m /admin/info/transfer
2021-06-08T13:42:59.735+0800	controller/handler.go:24	[GoAdmin] [37;44m 200 [0m [37;104m GET   [0m /admin/info/transfer
2021-06-08T13:43:42.123+0800	controller/handler.go:24	[GoAdmin] [37;44m 200 [0m [37;104m GET   [0m /admin/info/transfer
2021-06-08T13:43:46.889+0800	controller/handler.go:24	[GoAdmin] [37;44m 200 [0m [37;104m GET   [0m /admin/info/transfer
2021-06-08T13:43:50.834+0800	controller/handler.go:24	[GoAdmin] [37;44m 200 [0m [37;104m GET   [0m /admin/info/transfer
2021-06-08T13:44:00.030+0800	controller/handler.go:24	[GoAdmin] [37;44m 200 [0m [37;104m GET   [0m /admin/info/transfer
2021-06-08T13:44:19.497+0800	controller/handler.go:24	[GoAdmin] [37;44m 200 [0m [37;104m GET   [0m /admin/info/transfer
2021-06-08T13:44:44.986+0800	controller/handler.go:24	[GoAdmin] [37;44m 200 [0m [37;104m GET   [0m /admin/info/transfer
2021-06-08T13:45:46.399+0800	controller/handler.go:24	[GoAdmin] [37;44m 200 [0m [37;104m GET   [0m /admin/info/transfer
2021-06-08T13:46:45.948+0800	controller/handler.go:24	[GoAdmin] [37;44m 200 [0m [37;104m GET   [0m /admin/info/transfer
2021-06-08T13:47:20.846+0800	controller/handler.go:24	[GoAdmin] [37;44m 200 [0m [37;104m GET   [0m /admin/info/transfer
2021-06-08T13:48:19.293+0800	controller/handler.go:24	[GoAdmin] [37;44m 200 [0m [37;104m GET   [0m /admin/info/transfer
2021-06-08T13:56:07.837+0800	controller/handler.go:24	[GoAdmin] [37;44m 200 [0m [37;104m GET   [0m /admin/info/transfer
2021-06-08T13:56:28.881+0800	controller/handler.go:24	[GoAdmin] [37;44m 200 [0m [37;104m GET   [0m /admin/info/transfer
2021-06-08T14:15:56.271+0800	controller/handler.go:24	[GoAdmin] [37;44m 200 [0m [37;104m GET   [0m /admin/info/transfer
2021-06-08T14:17:24.730+0800	controller/handler.go:24	[GoAdmin] [37;44m 200 [0m [37;104m GET   [0m /admin/info/transfer
2021-06-08T14:18:18.272+0800	controller/handler.go:24	[GoAdmin] [37;44m 200 [0m [37;104m GET   [0m /admin/info/transfer
2021-06-08T14:19:02.838+0800	controller/handler.go:24	[GoAdmin] [37;44m 200 [0m [37;104m GET   [0m /admin/info/transfer
2021-06-08T14:24:35.667+0800	controller/handler.go:24	[GoAdmin] [37;44m 200 [0m [37;104m GET   [0m /admin/info/transfer
2021-06-08T14:25:02.539+0800	controller/handler.go:24	[GoAdmin] [37;44m 200 [0m [37;104m GET   [0m /admin/info/transfer
2021-06-08T14:25:45.495+0800	controller/handler.go:24	[GoAdmin] [37;44m 200 [0m [37;104m GET   [0m /admin/info/transfer
2021-06-08T14:26:29.562+0800	controller/handler.go:24	[GoAdmin] [37;44m 200 [0m [37;104m GET   [0m /admin/info/transfer
2021-06-08T14:27:01.773+0800	controller/handler.go:24	[GoAdmin] [37;44m 200 [0m [37;104m GET   [0m /admin/info/transfer
2021-06-08T14:27:03.227+0800	controller/handler.go:24	[GoAdmin] [37;44m 200 [0m [37;104m GET   [0m /admin/info/transfer
2021-06-08T14:29:15.173+0800	controller/handler.go:24	[GoAdmin] [37;44m 200 [0m [37;104m GET   [0m /admin/info/transfer
2021-06-08T14:29:20.009+0800	controller/handler.go:24	[GoAdmin] [37;44m 200 [0m [37;104m GET   [0m /admin/info/transfer
2021-06-08T14:30:26.943+0800	controller/handler.go:24	[GoAdmin] [37;44m 200 [0m [37;104m GET   [0m /admin/info/transfer
2021-06-08T14:30:32.668+0800	controller/handler.go:24	[GoAdmin] [37;44m 200 [0m [37;104m GET   [0m /admin/info/transfer
2021-06-08T14:30:43.471+0800	controller/handler.go:24	[GoAdmin] [37;44m 200 [0m [37;104m GET   [0m /admin/info/transfer
2021-06-08T14:31:03.423+0800	controller/handler.go:24	[GoAdmin] [37;44m 200 [0m [37;104m GET   [0m /admin/info/transfer
2021-06-08T14:32:05.294+0800	controller/handler.go:24	[GoAdmin] [37;44m 200 [0m [37;104m GET   [0m /admin/info/transfer
2021-06-08T14:34:30.207+0800	controller/handler.go:24	[GoAdmin] [37;44m 200 [0m [37;104m GET   [0m /admin/info/transfer
2021-06-08T14:35:20.015+0800	controller/handler.go:24	[GoAdmin] [37;44m 200 [0m [37;104m GET   [0m /admin/info/transfer
2021-06-08T14:40:34.256+0800	controller/handler.go:24	[GoAdmin] [37;44m 200 [0m [37;104m GET   [0m /admin/info/transfer
2021-06-08T14:41:08.979+0800	controller/handler.go:24	[GoAdmin] [37;44m 200 [0m [37;104m GET   [0m /admin/info/transfer
2021-06-08T14:41:13.442+0800	controller/handler.go:24	[GoAdmin] [37;44m 200 [0m [37;104m GET   [0m /admin/info/transfer
2021-06-08T14:41:28.572+0800	controller/handler.go:24	[GoAdmin] [37;44m 200 [0m [37;104m GET   [0m /admin/info/transfer
2021-06-08T14:41:52.532+0800	controller/handler.go:24	[GoAdmin] [37;44m 200 [0m [37;104m GET   [0m /admin/info/transfer
2021-06-08T14:42:04.092+0800	controller/handler.go:24	[GoAdmin] [37;44m 200 [0m [37;104m GET   [0m /admin/info/transfer
2021-06-08T14:42:10.700+0800	controller/handler.go:24	[GoAdmin] [37;44m 200 [0m [37;104m GET   [0m /admin/info/transfer
2021-06-08T14:42:10.735+0800	controller/handler.go:24	[GoAdmin] [37;44m 200 [0m [37;104m GET   [0m /admin/assets/dist/css/all.min.79250b7051.css
2021-06-08T14:42:10.743+0800	controller/handler.go:24	[GoAdmin] [37;44m 200 [0m [37;104m GET   [0m /admin/assets/dist/js/all.min.8425540791.js
2021-06-08T14:42:10.775+0800	controller/handler.go:24	[GoAdmin] [37;44m 200 [0m [37;104m GET   [0m /admin/assets/dist/js/datatable.min.581cdc109b.js
2021-06-08T14:42:10.809+0800	controller/handler.go:24	[GoAdmin] [37;44m 200 [0m [37;104m GET   [0m /admin/assets/dist/js/tree.min.e1faf8b7de.js
2021-06-08T14:42:10.811+0800	controller/handler.go:24	[GoAdmin] [37;44m 200 [0m [37;104m GET   [0m /admin/assets/chart.min.js
2021-06-08T14:42:10.811+0800	controller/handler.go:24	[GoAdmin] [37;44m 200 [0m [37;104m GET   [0m /admin/assets/dist/js/all_2.min.38a2a946b0.js
2021-06-08T14:42:10.811+0800	controller/handler.go:24	[GoAdmin] [37;44m 200 [0m [37;104m GET   [0m /admin/assets/dist/js/treeview.min.7780d3bb0f.js
2021-06-08T14:42:10.814+0800	controller/handler.go:24	[GoAdmin] [37;44m 200 [0m [37;104m GET   [0m /admin/assets/dist/img/avatar04.png
2021-06-08T14:42:10.816+0800	controller/handler.go:24	[GoAdmin] [37;44m 200 [0m [37;104m GET   [0m /admin/assets/dist/js/form.min.f8678914e9.js
2021-06-08T14:42:10.817+0800	controller/handler.go:24	[GoAdmin] [37;44m 200 [0m [37;104m GET   [0m /admin/assets/dist/fonts/fontawesome-webfont.woff2
2021-06-08T14:42:10.922+0800	controller/handler.go:24	[GoAdmin] [37;44m 200 [0m [37;104m GET   [0m /admin/assets/dist/css/fonts/6xK3dSBYKcSV-LCoeQqfX1RYOo3qOK7g.ttf
2021-06-08T14:42:10.947+0800	controller/handler.go:24	[GoAdmin] [37;44m 200 [0m [37;104m GET   [0m /admin/assets/dist/css/blue.png
2021-06-08T14:42:20.744+0800	controller/handler.go:24	[GoAdmin] [37;44m 200 [0m [37;104m GET   [0m /admin/info/transfer
2021-06-08T14:43:55.816+0800	controller/handler.go:24	[GoAdmin] [37;44m 200 [0m [37;104m GET   [0m /admin/info/transfer
2021-06-08T14:44:06.934+0800	controller/handler.go:24	[GoAdmin] [37;44m 200 [0m [37;104m GET   [0m /admin/info/transfer
2021-06-08T14:47:00.441+0800	controller/handler.go:24	[GoAdmin] [37;44m 200 [0m [37;104m GET   [0m /admin/info/transfer
2021-06-08T14:47:28.988+0800	controller/handler.go:24	[GoAdmin] [37;44m 200 [0m [37;104m GET   [0m /admin/info/transfer
2021-06-08T14:54:08.075+0800	controller/handler.go:24	[GoAdmin] [37;44m 200 [0m [37;104m POST   [0m /admin/export/transfer
2021-06-08T15:07:05.763+0800	controller/handler.go:24	[GoAdmin] [37;44m 200 [0m [37;104m GET   [0m /admin/info/roles
2021-06-08T15:07:12.471+0800	controller/handler.go:24	[GoAdmin] [37;44m 200 [0m [37;104m GET   [0m /admin/info/manager
2021-06-08T15:07:26.666+0800	controller/handler.go:24	[GoAdmin] [37;44m 200 [0m [37;104m GET   [0m /admin/info/manager
2021-06-08T15:07:31.173+0800	controller/handler.go:24	[GoAdmin] [37;44m 200 [0m [37;104m GET   [0m /admin/info/roles
2021-06-08T15:07:31.695+0800	controller/handler.go:24	[GoAdmin] [37;44m 200 [0m [37;104m GET   [0m /admin/menu
2021-06-08T15:07:34.034+0800	controller/handler.go:24	[GoAdmin] [37;44m 200 [0m [37;104m GET   [0m /admin/info/permission
2021-06-08T15:07:37.523+0800	controller/handler.go:24	[GoAdmin] [37;44m 200 [0m [37;104m GET   [0m /admin/menu
2021-06-08T15:12:29.138+0800	controller/handler.go:24	[GoAdmin] [37;44m 200 [0m [37;104m GET   [0m /admin/menu
2021-06-08T15:12:31.743+0800	controller/handler.go:24	[GoAdmin] [37;44m 200 [0m [37;104m GET   [0m /admin/info/collect
2021-06-08T15:12:33.160+0800	controller/handler.go:24	[GoAdmin] [37;44m 200 [0m [37;104m GET   [0m /admin/info/transfer
2021-06-08T15:12:34.271+0800	controller/handler.go:24	[GoAdmin] [37;44m 200 [0m [37;104m GET   [0m /admin/info/address
2021-06-08T15:12:34.936+0800	controller/handler.go:24	[GoAdmin] [37;44m 200 [0m [37;104m GET   [0m /admin/info/transfer
2021-06-08T15:12:54.037+0800	controller/handler.go:24	[GoAdmin] [37;44m 200 [0m [37;104m GET   [0m /admin/info/transfer
2021-06-08T15:12:58.695+0800	controller/handler.go:24	[GoAdmin] [37;44m 200 [0m [37;104m GET   [0m /admin/info/transfer
2021-06-08T15:13:00.192+0800	controller/handler.go:24	[GoAdmin] [37;44m 200 [0m [37;104m GET   [0m /admin/info/transfer
2021-06-08T15:13:02.573+0800	controller/handler.go:24	[GoAdmin] [37;44m 200 [0m [37;104m GET   [0m /admin/info/transfer
2021-06-08T15:13:05.065+0800	controller/handler.go:24	[GoAdmin] [37;44m 200 [0m [37;104m GET   [0m /admin/info/transfer
2021-06-08T15:13:07.278+0800	controller/handler.go:24	[GoAdmin] [37;44m 200 [0m [37;104m GET   [0m /admin/info/transfer
2021-06-08T15:13:09.176+0800	controller/handler.go:24	[GoAdmin] [37;44m 200 [0m [37;104m GET   [0m /admin/info/transfer
2021-06-08T15:13:22.349+0800	controller/handler.go:24	[GoAdmin] [37;44m 200 [0m [37;104m GET   [0m /admin/info/transfer
2021-06-08T15:13:24.426+0800	controller/handler.go:24	[GoAdmin] [37;44m 200 [0m [37;104m GET   [0m /admin/info/transfer
2021-06-08T15:19:29.786+0800	controller/handler.go:24	[GoAdmin] [37;44m 200 [0m [37;104m GET   [0m /admin/info/transfer
2021-06-08T15:19:44.299+0800	controller/handler.go:24	[GoAdmin] [37;44m 200 [0m [37;104m GET   [0m /admin/info/transfer
2021-06-08T15:19:44.332+0800	controller/handler.go:24	[GoAdmin] [37;44m 200 [0m [37;104m GET   [0m /admin/assets/dist/css/all.min.79250b7051.css
2021-06-08T15:19:44.341+0800	controller/handler.go:24	[GoAdmin] [37;44m 200 [0m [37;104m GET   [0m /admin/assets/dist/js/all.min.8425540791.js
2021-06-08T15:19:44.402+0800	controller/handler.go:24	[GoAdmin] [37;44m 200 [0m [37;104m GET   [0m /admin/assets/dist/js/tree.min.e1faf8b7de.js
2021-06-08T15:19:44.405+0800	controller/handler.go:24	[GoAdmin] [37;44m 200 [0m [37;104m GET   [0m /admin/assets/dist/js/treeview.min.7780d3bb0f.js
2021-06-08T15:19:44.406+0800	controller/handler.go:24	[GoAdmin] [37;44m 200 [0m [37;104m GET   [0m /admin/assets/dist/js/form.min.f8678914e9.js
2021-06-08T15:19:44.410+0800	controller/handler.go:24	[GoAdmin] [37;44m 200 [0m [37;104m GET   [0m /admin/assets/dist/js/all_2.min.38a2a946b0.js
2021-06-08T15:19:44.410+0800	controller/handler.go:24	[GoAdmin] [37;44m 200 [0m [37;104m GET   [0m /admin/assets/dist/img/avatar04.png
2021-06-08T15:19:44.413+0800	controller/handler.go:24	[GoAdmin] [37;44m 200 [0m [37;104m GET   [0m /admin/assets/chart.min.js
2021-06-08T15:19:44.415+0800	controller/handler.go:24	[GoAdmin] [37;44m 200 [0m [37;104m GET   [0m /admin/assets/dist/js/datatable.min.581cdc109b.js
2021-06-08T15:19:44.417+0800	controller/handler.go:24	[GoAdmin] [37;44m 200 [0m [37;104m GET   [0m /admin/assets/dist/fonts/fontawesome-webfont.woff2
2021-06-08T15:19:44.527+0800	controller/handler.go:24	[GoAdmin] [37;44m 200 [0m [37;104m GET   [0m /admin/assets/dist/css/fonts/6xK3dSBYKcSV-LCoeQqfX1RYOo3qOK7g.ttf
2021-06-08T15:19:44.607+0800	controller/handler.go:24	[GoAdmin] [37;44m 200 [0m [37;104m GET   [0m /admin/assets/dist/css/blue.png
2021-06-08T15:19:51.439+0800	controller/handler.go:24	[GoAdmin] [37;44m 200 [0m [37;104m GET   [0m /admin/info/transfer
2021-06-08T15:20:38.853+0800	controller/handler.go:24	[GoAdmin] [37;44m 200 [0m [37;104m GET   [0m /admin/info/transfer
2021-06-08T15:20:38.883+0800	controller/handler.go:24	[GoAdmin] [37;44m 200 [0m [37;104m GET   [0m /admin/assets/dist/js/all.min.8425540791.js
2021-06-08T15:20:38.885+0800	controller/handler.go:24	[GoAdmin] [37;44m 200 [0m [37;104m GET   [0m /admin/assets/dist/css/all.min.79250b7051.css
2021-06-08T15:20:38.924+0800	controller/handler.go:24	[GoAdmin] [37;44m 200 [0m [37;104m GET   [0m /admin/assets/dist/js/tree.min.e1faf8b7de.js
2021-06-08T15:20:38.928+0800	controller/handler.go:24	[GoAdmin] [37;44m 200 [0m [37;104m GET   [0m /admin/assets/dist/js/treeview.min.7780d3bb0f.js
2021-06-08T15:20:38.931+0800	controller/handler.go:24	[GoAdmin] [37;44m 200 [0m [37;104m GET   [0m /admin/assets/dist/js/datatable.min.581cdc109b.js
2021-06-08T15:20:38.939+0800	controller/handler.go:24	[GoAdmin] [37;44m 200 [0m [37;104m GET   [0m /admin/assets/dist/js/form.min.f8678914e9.js
2021-06-08T15:20:38.966+0800	controller/handler.go:24	[GoAdmin] [37;44m 200 [0m [37;104m GET   [0m /admin/assets/dist/img/avatar04.png
2021-06-08T15:20:38.966+0800	controller/handler.go:24	[GoAdmin] [37;44m 200 [0m [37;104m GET   [0m /admin/assets/dist/js/all_2.min.38a2a946b0.js
2021-06-08T15:20:38.971+0800	controller/handler.go:24	[GoAdmin] [37;44m 200 [0m [37;104m GET   [0m /admin/assets/chart.min.js
2021-06-08T15:20:38.972+0800	controller/handler.go:24	[GoAdmin] [37;44m 200 [0m [37;104m GET   [0m /admin/assets/dist/fonts/fontawesome-webfont.woff2
2021-06-08T15:20:39.081+0800	controller/handler.go:24	[GoAdmin] [37;44m 200 [0m [37;104m GET   [0m /admin/assets/dist/css/fonts/6xK3dSBYKcSV-LCoeQqfX1RYOo3qOK7g.ttf
2021-06-08T15:20:39.157+0800	controller/handler.go:24	[GoAdmin] [37;44m 200 [0m [37;104m GET   [0m /admin/assets/dist/css/blue.png
2021-06-08T15:25:01.228+0800	controller/handler.go:24	[GoAdmin] [37;44m 200 [0m [37;104m GET   [0m /admin/info/transfer
2021-06-08T15:25:41.944+0800	controller/handler.go:24	[GoAdmin] [37;44m 200 [0m [37;104m GET   [0m /admin/info/transfer
2021-06-08T15:25:58.582+0800	controller/handler.go:24	[GoAdmin] [37;44m 200 [0m [37;104m GET   [0m /admin/info/transfer
2021-06-08T15:26:30.432+0800	controller/handler.go:24	[GoAdmin] [37;44m 200 [0m [37;104m GET   [0m /admin/info/transfer
2021-06-08T15:27:03.034+0800	controller/handler.go:24	[GoAdmin] [37;44m 200 [0m [37;104m GET   [0m /admin/info/transfer
2021-06-08T15:27:07.493+0800	controller/handler.go:24	[GoAdmin] [37;44m 200 [0m [37;104m GET   [0m /admin/info/transfer
2021-06-08T15:27:11.004+0800	controller/handler.go:24	[GoAdmin] [37;44m 200 [0m [37;104m GET   [0m /admin/info/transfer
2021-06-08T15:41:45.260+0800	controller/handler.go:24	[GoAdmin] [37;44m 302 [0m [37;104m GET   [0m /admin/info/transfer
2021-06-08T15:41:45.262+0800	controller/handler.go:24	[GoAdmin] [37;44m 200 [0m [37;104m GET   [0m /admin/login
2021-06-08T15:41:45.282+0800	controller/handler.go:24	[GoAdmin] [37;44m 200 [0m [37;104m GET   [0m /admin/assets/login/dist/all.min.css
2021-06-08T15:41:45.282+0800	controller/handler.go:24	[GoAdmin] [37;44m 200 [0m [37;104m GET   [0m /admin/assets/login/dist/all.min.js
2021-06-08T15:41:50.677+0800	controller/handler.go:24	[GoAdmin] [37;44m 200 [0m [37;104m POST   [0m /admin/signin
2021-06-08T15:41:55.779+0800	controller/handler.go:24	[GoAdmin] [37;44m 200 [0m [37;104m GET   [0m /admin/info/transfer
2021-06-08T15:42:35.856+0800	controller/handler.go:24	[GoAdmin] [37;44m 200 [0m [37;104m GET   [0m /admin/info/transfer
2021-06-08T15:43:26.288+0800	controller/handler.go:24	[GoAdmin] [37;44m 200 [0m [37;104m GET   [0m /admin/info/transfer
2021-06-08T15:43:44.222+0800	controller/handler.go:24	[GoAdmin] [37;44m 200 [0m [37;104m GET   [0m /admin/info/transfer
2021-06-08T15:44:02.779+0800	controller/handler.go:24	[GoAdmin] [37;44m 200 [0m [37;104m GET   [0m /admin/info/transfer
2021-06-08T15:44:49.966+0800	controller/handler.go:24	[GoAdmin] [37;44m 200 [0m [37;104m GET   [0m /admin/info/transfer
2021-06-08T15:45:25.557+0800	controller/handler.go:24	[GoAdmin] [37;44m 200 [0m [37;104m GET   [0m /admin/info/transfer
2021-06-08T15:45:46.081+0800	controller/handler.go:24	[GoAdmin] [37;44m 200 [0m [37;104m GET   [0m /admin/info/transfer
2021-06-08T15:52:32.996+0800	controller/handler.go:24	[GoAdmin] [37;44m 200 [0m [37;104m GET   [0m /admin/info/transfer
2021-06-08T15:53:17.397+0800	controller/handler.go:24	[GoAdmin] [37;44m 200 [0m [37;104m GET   [0m /admin/info/transfer
2021-06-08T15:53:18.273+0800	controller/handler.go:24	[GoAdmin] [37;44m 200 [0m [37;104m GET   [0m /admin/info/transfer
2021-06-08T15:53:38.747+0800	controller/handler.go:24	[GoAdmin] [37;44m 200 [0m [37;104m GET   [0m /admin/info/transfer
2021-06-08T15:56:44.808+0800	controller/handler.go:24	[GoAdmin] [37;44m 200 [0m [37;104m GET   [0m /admin/info/transfer
2021-06-08T15:57:00.080+0800	controller/handler.go:24	[GoAdmin] [37;44m 200 [0m [37;104m GET   [0m /admin/info/transfer
2021-06-08T15:59:46.275+0800	controller/handler.go:24	[GoAdmin] [37;44m 200 [0m [37;104m GET   [0m /admin/info/transfer
2021-06-08T15:59:54.542+0800	controller/handler.go:24	[GoAdmin] [37;44m 200 [0m [37;104m GET   [0m /admin/info/transfer
2021-06-08T16:05:37.337+0800	controller/handler.go:24	[GoAdmin] [37;44m 200 [0m [37;104m GET   [0m /admin/info/transfer
2021-06-08T16:05:57.573+0800	controller/handler.go:24	[GoAdmin] [37;44m 200 [0m [37;104m GET   [0m /admin/info/transfer
2021-06-08T16:13:54.517+0800	controller/handler.go:24	[GoAdmin] [37;44m 200 [0m [37;104m GET   [0m /admin/info/transfer
2021-06-08T16:14:05.591+0800	controller/handler.go:24	[GoAdmin] [37;44m 200 [0m [37;104m GET   [0m /admin/info/transfer
2021-06-08T16:14:15.822+0800	controller/handler.go:24	[GoAdmin] [37;44m 200 [0m [37;104m GET   [0m /admin/info/transfer
2021-06-08T16:14:31.097+0800	controller/handler.go:24	[GoAdmin] [37;44m 200 [0m [37;104m GET   [0m /admin/info/transfer
2021-06-08T16:18:31.890+0800	controller/handler.go:24	[GoAdmin] [37;44m 200 [0m [37;104m GET   [0m /admin/info/transfer
2021-06-08T16:18:51.033+0800	controller/handler.go:24	[GoAdmin] [37;44m 200 [0m [37;104m GET   [0m /admin/info/transfer
2021-06-08T16:18:58.418+0800	controller/handler.go:24	[GoAdmin] [37;44m 200 [0m [37;104m GET   [0m /admin/info/transfer
2021-06-08T16:22:40.045+0800	controller/handler.go:24	[GoAdmin] [37;44m 200 [0m [37;104m GET   [0m /admin/info/transfer
2021-06-08T16:24:21.136+0800	controller/handler.go:24	[GoAdmin] [37;44m 200 [0m [37;104m GET   [0m /admin/info/transfer
2021-06-08T16:28:02.457+0800	controller/handler.go:24	[GoAdmin] [37;44m 200 [0m [37;104m GET   [0m /admin/info/transfer
