2021-06-05T16:51:15.782+0800	[31mERROR[0m	controller/handler.go:31	pq: column transfers.id does not exist
github.com/GoAdminGroup/go-admin/modules/logger.Error
	/home/phantom/public/go-path/pkg/mod/github.com/!go!admin!group/go-admin@v1.2.23/modules/logger/logger.go:285
github.com/GoAdminGroup/go-admin/plugins/admin/controller.(*Handler).GlobalDeferHandler
	/home/phantom/public/go-path/pkg/mod/github.com/!go!admin!group/go-admin@v1.2.23/plugins/admin/controller/handler.go:31
runtime.gopanic
	/usr/local/go/src/runtime/panic.go:965
github.com/GoAdminGroup/go-admin/modules/db.CommonQuery
	/home/phantom/public/go-path/pkg/mod/github.com/!go!admin!group/go-admin@v1.2.23/modules/db/performer.go:20
github.com/GoAdminGroup/go-admin/modules/db.(*Postgresql).QueryWithConnection
	/home/phantom/public/go-path/pkg/mod/github.com/!go!admin!group/go-admin@v1.2.23/modules/db/postgresql.go:51
github.com/GoAdminGroup/go-admin/plugins/admin/modules/table.(*DefaultTable).getDataFromDatabase
	/home/phantom/public/go-path/pkg/mod/github.com/!go!admin!group/go-admin@v1.2.23/plugins/admin/modules/table/default.go:565
github.com/GoAdminGroup/go-admin/plugins/admin/modules/table.(*DefaultTable).GetData
	/home/phantom/public/go-path/pkg/mod/github.com/!go!admin!group/go-admin@v1.2.23/plugins/admin/modules/table/default.go:148
github.com/GoAdminGroup/go-admin/plugins/admin/controller.(*Handler).showTableData
	/home/phantom/public/go-path/pkg/mod/github.com/!go!admin!group/go-admin@v1.2.23/plugins/admin/controller/show.go:70
github.com/GoAdminGroup/go-admin/plugins/admin/controller.(*Handler).showTable
	/home/phantom/public/go-path/pkg/mod/github.com/!go!admin!group/go-admin@v1.2.23/plugins/admin/controller/show.go:102
github.com/GoAdminGroup/go-admin/plugins/admin/controller.(*Handler).ShowInfo
	/home/phantom/public/go-path/pkg/mod/github.com/!go!admin!group/go-admin@v1.2.23/plugins/admin/controller/show.go:60
github.com/GoAdminGroup/go-admin/context.(*Context).Next
	/home/phantom/public/go-path/pkg/mod/github.com/!go!admin!group/go-admin@v1.2.23/context/context.go:101
github.com/GoAdminGroup/go-admin/plugins/admin/modules/guard.(*Guard).CheckPrefix
	/home/phantom/public/go-path/pkg/mod/github.com/!go!admin!group/go-admin@v1.2.23/plugins/admin/modules/guard/guard.go:51
github.com/GoAdminGroup/go-admin/context.(*Context).Next
	/home/phantom/public/go-path/pkg/mod/github.com/!go!admin!group/go-admin@v1.2.23/context/context.go:101
github.com/GoAdminGroup/go-admin/modules/auth.(*Invoker).Middleware.func1
	/home/phantom/public/go-path/pkg/mod/github.com/!go!admin!group/go-admin@v1.2.23/modules/auth/middleware.go:132
github.com/GoAdminGroup/go-admin/context.(*Context).Next
	/home/phantom/public/go-path/pkg/mod/github.com/!go!admin!group/go-admin@v1.2.23/context/context.go:101
github.com/GoAdminGroup/go-admin/plugins/admin.(*Admin).globalErrorHandler
	/home/phantom/public/go-path/pkg/mod/github.com/!go!admin!group/go-admin@v1.2.23/plugins/admin/router.go:106
github.com/GoAdminGroup/go-admin/context.(*Context).Next
	/home/phantom/public/go-path/pkg/mod/github.com/!go!admin!group/go-admin@v1.2.23/context/context.go:101
github.com/GoAdminGroup/go-admin/adapter/gin.(*Gin).AddHandler.func1
	/home/phantom/public/go-path/pkg/mod/github.com/!go!admin!group/go-admin@v1.2.23/adapter/gin/gin.go:91
github.com/gin-gonic/gin.(*Context).Next
	/home/phantom/public/go-path/pkg/mod/github.com/gin-gonic/gin@v1.7.2/context.go:165
github.com/gin-gonic/gin.CustomRecoveryWithWriter.func1
	/home/phantom/public/go-path/pkg/mod/github.com/gin-gonic/gin@v1.7.2/recovery.go:99
github.com/gin-gonic/gin.(*Context).Next
	/home/phantom/public/go-path/pkg/mod/github.com/gin-gonic/gin@v1.7.2/context.go:165
github.com/gin-gonic/gin.LoggerWithConfig.func1
	/home/phantom/public/go-path/pkg/mod/github.com/gin-gonic/gin@v1.7.2/logger.go:241
github.com/gin-gonic/gin.(*Context).Next
	/home/phantom/public/go-path/pkg/mod/github.com/gin-gonic/gin@v1.7.2/context.go:165
github.com/gin-gonic/gin.(*Engine).handleHTTPRequest
	/home/phantom/public/go-path/pkg/mod/github.com/gin-gonic/gin@v1.7.2/gin.go:489
github.com/gin-gonic/gin.(*Engine).ServeHTTP
	/home/phantom/public/go-path/pkg/mod/github.com/gin-gonic/gin@v1.7.2/gin.go:445
net/http.serverHandler.ServeHTTP
	/usr/local/go/src/net/http/server.go:2887
net/http.(*conn).serve
	/usr/local/go/src/net/http/server.go:1952
2021-06-05T16:53:36.232+0800	[31mERROR[0m	controller/handler.go:31	pq: column transfers.id does not exist
github.com/GoAdminGroup/go-admin/modules/logger.Error
	/home/phantom/public/go-path/pkg/mod/github.com/!go!admin!group/go-admin@v1.2.23/modules/logger/logger.go:285
github.com/GoAdminGroup/go-admin/plugins/admin/controller.(*Handler).GlobalDeferHandler
	/home/phantom/public/go-path/pkg/mod/github.com/!go!admin!group/go-admin@v1.2.23/plugins/admin/controller/handler.go:31
runtime.gopanic
	/usr/local/go/src/runtime/panic.go:965
github.com/GoAdminGroup/go-admin/modules/db.CommonQuery
	/home/phantom/public/go-path/pkg/mod/github.com/!go!admin!group/go-admin@v1.2.23/modules/db/performer.go:20
github.com/GoAdminGroup/go-admin/modules/db.(*Postgresql).QueryWithConnection
	/home/phantom/public/go-path/pkg/mod/github.com/!go!admin!group/go-admin@v1.2.23/modules/db/postgresql.go:51
github.com/GoAdminGroup/go-admin/plugins/admin/modules/table.(*DefaultTable).getDataFromDatabase
	/home/phantom/public/go-path/pkg/mod/github.com/!go!admin!group/go-admin@v1.2.23/plugins/admin/modules/table/default.go:565
github.com/GoAdminGroup/go-admin/plugins/admin/modules/table.(*DefaultTable).GetData
	/home/phantom/public/go-path/pkg/mod/github.com/!go!admin!group/go-admin@v1.2.23/plugins/admin/modules/table/default.go:148
github.com/GoAdminGroup/go-admin/plugins/admin/controller.(*Handler).showTableData
	/home/phantom/public/go-path/pkg/mod/github.com/!go!admin!group/go-admin@v1.2.23/plugins/admin/controller/show.go:70
github.com/GoAdminGroup/go-admin/plugins/admin/controller.(*Handler).showTable
	/home/phantom/public/go-path/pkg/mod/github.com/!go!admin!group/go-admin@v1.2.23/plugins/admin/controller/show.go:102
github.com/GoAdminGroup/go-admin/plugins/admin/controller.(*Handler).ShowInfo
	/home/phantom/public/go-path/pkg/mod/github.com/!go!admin!group/go-admin@v1.2.23/plugins/admin/controller/show.go:60
github.com/GoAdminGroup/go-admin/context.(*Context).Next
	/home/phantom/public/go-path/pkg/mod/github.com/!go!admin!group/go-admin@v1.2.23/context/context.go:101
github.com/GoAdminGroup/go-admin/plugins/admin/modules/guard.(*Guard).CheckPrefix
	/home/phantom/public/go-path/pkg/mod/github.com/!go!admin!group/go-admin@v1.2.23/plugins/admin/modules/guard/guard.go:51
github.com/GoAdminGroup/go-admin/context.(*Context).Next
	/home/phantom/public/go-path/pkg/mod/github.com/!go!admin!group/go-admin@v1.2.23/context/context.go:101
github.com/GoAdminGroup/go-admin/modules/auth.(*Invoker).Middleware.func1
	/home/phantom/public/go-path/pkg/mod/github.com/!go!admin!group/go-admin@v1.2.23/modules/auth/middleware.go:132
github.com/GoAdminGroup/go-admin/context.(*Context).Next
	/home/phantom/public/go-path/pkg/mod/github.com/!go!admin!group/go-admin@v1.2.23/context/context.go:101
github.com/GoAdminGroup/go-admin/plugins/admin.(*Admin).globalErrorHandler
	/home/phantom/public/go-path/pkg/mod/github.com/!go!admin!group/go-admin@v1.2.23/plugins/admin/router.go:106
github.com/GoAdminGroup/go-admin/context.(*Context).Next
	/home/phantom/public/go-path/pkg/mod/github.com/!go!admin!group/go-admin@v1.2.23/context/context.go:101
github.com/GoAdminGroup/go-admin/adapter/gin.(*Gin).AddHandler.func1
	/home/phantom/public/go-path/pkg/mod/github.com/!go!admin!group/go-admin@v1.2.23/adapter/gin/gin.go:91
github.com/gin-gonic/gin.(*Context).Next
	/home/phantom/public/go-path/pkg/mod/github.com/gin-gonic/gin@v1.7.2/context.go:165
github.com/gin-gonic/gin.CustomRecoveryWithWriter.func1
	/home/phantom/public/go-path/pkg/mod/github.com/gin-gonic/gin@v1.7.2/recovery.go:99
github.com/gin-gonic/gin.(*Context).Next
	/home/phantom/public/go-path/pkg/mod/github.com/gin-gonic/gin@v1.7.2/context.go:165
github.com/gin-gonic/gin.LoggerWithConfig.func1
	/home/phantom/public/go-path/pkg/mod/github.com/gin-gonic/gin@v1.7.2/logger.go:241
github.com/gin-gonic/gin.(*Context).Next
	/home/phantom/public/go-path/pkg/mod/github.com/gin-gonic/gin@v1.7.2/context.go:165
github.com/gin-gonic/gin.(*Engine).handleHTTPRequest
	/home/phantom/public/go-path/pkg/mod/github.com/gin-gonic/gin@v1.7.2/gin.go:489
github.com/gin-gonic/gin.(*Engine).ServeHTTP
	/home/phantom/public/go-path/pkg/mod/github.com/gin-gonic/gin@v1.7.2/gin.go:445
net/http.serverHandler.ServeHTTP
	/usr/local/go/src/net/http/server.go:2887
net/http.(*conn).serve
	/usr/local/go/src/net/http/server.go:1952
2021-06-05T16:53:41.726+0800	[31mERROR[0m	controller/handler.go:31	pq: column transfers.id does not exist
github.com/GoAdminGroup/go-admin/modules/logger.Error
	/home/phantom/public/go-path/pkg/mod/github.com/!go!admin!group/go-admin@v1.2.23/modules/logger/logger.go:285
github.com/GoAdminGroup/go-admin/plugins/admin/controller.(*Handler).GlobalDeferHandler
	/home/phantom/public/go-path/pkg/mod/github.com/!go!admin!group/go-admin@v1.2.23/plugins/admin/controller/handler.go:31
runtime.gopanic
	/usr/local/go/src/runtime/panic.go:965
github.com/GoAdminGroup/go-admin/modules/db.CommonQuery
	/home/phantom/public/go-path/pkg/mod/github.com/!go!admin!group/go-admin@v1.2.23/modules/db/performer.go:20
github.com/GoAdminGroup/go-admin/modules/db.(*Postgresql).QueryWithConnection
	/home/phantom/public/go-path/pkg/mod/github.com/!go!admin!group/go-admin@v1.2.23/modules/db/postgresql.go:51
github.com/GoAdminGroup/go-admin/plugins/admin/modules/table.(*DefaultTable).getDataFromDatabase
	/home/phantom/public/go-path/pkg/mod/github.com/!go!admin!group/go-admin@v1.2.23/plugins/admin/modules/table/default.go:565
github.com/GoAdminGroup/go-admin/plugins/admin/modules/table.(*DefaultTable).GetData
	/home/phantom/public/go-path/pkg/mod/github.com/!go!admin!group/go-admin@v1.2.23/plugins/admin/modules/table/default.go:148
github.com/GoAdminGroup/go-admin/plugins/admin/controller.(*Handler).showTableData
	/home/phantom/public/go-path/pkg/mod/github.com/!go!admin!group/go-admin@v1.2.23/plugins/admin/controller/show.go:70
github.com/GoAdminGroup/go-admin/plugins/admin/controller.(*Handler).showTable
	/home/phantom/public/go-path/pkg/mod/github.com/!go!admin!group/go-admin@v1.2.23/plugins/admin/controller/show.go:102
github.com/GoAdminGroup/go-admin/plugins/admin/controller.(*Handler).ShowInfo
	/home/phantom/public/go-path/pkg/mod/github.com/!go!admin!group/go-admin@v1.2.23/plugins/admin/controller/show.go:60
github.com/GoAdminGroup/go-admin/context.(*Context).Next
	/home/phantom/public/go-path/pkg/mod/github.com/!go!admin!group/go-admin@v1.2.23/context/context.go:101
github.com/GoAdminGroup/go-admin/plugins/admin/modules/guard.(*Guard).CheckPrefix
	/home/phantom/public/go-path/pkg/mod/github.com/!go!admin!group/go-admin@v1.2.23/plugins/admin/modules/guard/guard.go:51
github.com/GoAdminGroup/go-admin/context.(*Context).Next
	/home/phantom/public/go-path/pkg/mod/github.com/!go!admin!group/go-admin@v1.2.23/context/context.go:101
github.com/GoAdminGroup/go-admin/modules/auth.(*Invoker).Middleware.func1
	/home/phantom/public/go-path/pkg/mod/github.com/!go!admin!group/go-admin@v1.2.23/modules/auth/middleware.go:132
github.com/GoAdminGroup/go-admin/context.(*Context).Next
	/home/phantom/public/go-path/pkg/mod/github.com/!go!admin!group/go-admin@v1.2.23/context/context.go:101
github.com/GoAdminGroup/go-admin/plugins/admin.(*Admin).globalErrorHandler
	/home/phantom/public/go-path/pkg/mod/github.com/!go!admin!group/go-admin@v1.2.23/plugins/admin/router.go:106
github.com/GoAdminGroup/go-admin/context.(*Context).Next
	/home/phantom/public/go-path/pkg/mod/github.com/!go!admin!group/go-admin@v1.2.23/context/context.go:101
github.com/GoAdminGroup/go-admin/adapter/gin.(*Gin).AddHandler.func1
	/home/phantom/public/go-path/pkg/mod/github.com/!go!admin!group/go-admin@v1.2.23/adapter/gin/gin.go:91
github.com/gin-gonic/gin.(*Context).Next
	/home/phantom/public/go-path/pkg/mod/github.com/gin-gonic/gin@v1.7.2/context.go:165
github.com/gin-gonic/gin.CustomRecoveryWithWriter.func1
	/home/phantom/public/go-path/pkg/mod/github.com/gin-gonic/gin@v1.7.2/recovery.go:99
github.com/gin-gonic/gin.(*Context).Next
	/home/phantom/public/go-path/pkg/mod/github.com/gin-gonic/gin@v1.7.2/context.go:165
github.com/gin-gonic/gin.LoggerWithConfig.func1
	/home/phantom/public/go-path/pkg/mod/github.com/gin-gonic/gin@v1.7.2/logger.go:241
github.com/gin-gonic/gin.(*Context).Next
	/home/phantom/public/go-path/pkg/mod/github.com/gin-gonic/gin@v1.7.2/context.go:165
github.com/gin-gonic/gin.(*Engine).handleHTTPRequest
	/home/phantom/public/go-path/pkg/mod/github.com/gin-gonic/gin@v1.7.2/gin.go:489
github.com/gin-gonic/gin.(*Engine).ServeHTTP
	/home/phantom/public/go-path/pkg/mod/github.com/gin-gonic/gin@v1.7.2/gin.go:445
net/http.serverHandler.ServeHTTP
	/usr/local/go/src/net/http/server.go:2887
net/http.(*conn).serve
	/usr/local/go/src/net/http/server.go:1952
2021-06-05T16:53:47.007+0800	[31mERROR[0m	controller/handler.go:31	pq: column transfers.id does not exist
github.com/GoAdminGroup/go-admin/modules/logger.Error
	/home/phantom/public/go-path/pkg/mod/github.com/!go!admin!group/go-admin@v1.2.23/modules/logger/logger.go:285
github.com/GoAdminGroup/go-admin/plugins/admin/controller.(*Handler).GlobalDeferHandler
	/home/phantom/public/go-path/pkg/mod/github.com/!go!admin!group/go-admin@v1.2.23/plugins/admin/controller/handler.go:31
runtime.gopanic
	/usr/local/go/src/runtime/panic.go:965
github.com/GoAdminGroup/go-admin/modules/db.CommonQuery
	/home/phantom/public/go-path/pkg/mod/github.com/!go!admin!group/go-admin@v1.2.23/modules/db/performer.go:20
github.com/GoAdminGroup/go-admin/modules/db.(*Postgresql).QueryWithConnection
	/home/phantom/public/go-path/pkg/mod/github.com/!go!admin!group/go-admin@v1.2.23/modules/db/postgresql.go:51
github.com/GoAdminGroup/go-admin/plugins/admin/modules/table.(*DefaultTable).getDataFromDatabase
	/home/phantom/public/go-path/pkg/mod/github.com/!go!admin!group/go-admin@v1.2.23/plugins/admin/modules/table/default.go:565
github.com/GoAdminGroup/go-admin/plugins/admin/modules/table.(*DefaultTable).GetData
	/home/phantom/public/go-path/pkg/mod/github.com/!go!admin!group/go-admin@v1.2.23/plugins/admin/modules/table/default.go:148
github.com/GoAdminGroup/go-admin/plugins/admin/controller.(*Handler).showTableData
	/home/phantom/public/go-path/pkg/mod/github.com/!go!admin!group/go-admin@v1.2.23/plugins/admin/controller/show.go:70
github.com/GoAdminGroup/go-admin/plugins/admin/controller.(*Handler).showTable
	/home/phantom/public/go-path/pkg/mod/github.com/!go!admin!group/go-admin@v1.2.23/plugins/admin/controller/show.go:102
github.com/GoAdminGroup/go-admin/plugins/admin/controller.(*Handler).ShowInfo
	/home/phantom/public/go-path/pkg/mod/github.com/!go!admin!group/go-admin@v1.2.23/plugins/admin/controller/show.go:60
github.com/GoAdminGroup/go-admin/context.(*Context).Next
	/home/phantom/public/go-path/pkg/mod/github.com/!go!admin!group/go-admin@v1.2.23/context/context.go:101
github.com/GoAdminGroup/go-admin/plugins/admin/modules/guard.(*Guard).CheckPrefix
	/home/phantom/public/go-path/pkg/mod/github.com/!go!admin!group/go-admin@v1.2.23/plugins/admin/modules/guard/guard.go:51
github.com/GoAdminGroup/go-admin/context.(*Context).Next
	/home/phantom/public/go-path/pkg/mod/github.com/!go!admin!group/go-admin@v1.2.23/context/context.go:101
github.com/GoAdminGroup/go-admin/modules/auth.(*Invoker).Middleware.func1
	/home/phantom/public/go-path/pkg/mod/github.com/!go!admin!group/go-admin@v1.2.23/modules/auth/middleware.go:132
github.com/GoAdminGroup/go-admin/context.(*Context).Next
	/home/phantom/public/go-path/pkg/mod/github.com/!go!admin!group/go-admin@v1.2.23/context/context.go:101
github.com/GoAdminGroup/go-admin/plugins/admin.(*Admin).globalErrorHandler
	/home/phantom/public/go-path/pkg/mod/github.com/!go!admin!group/go-admin@v1.2.23/plugins/admin/router.go:106
github.com/GoAdminGroup/go-admin/context.(*Context).Next
	/home/phantom/public/go-path/pkg/mod/github.com/!go!admin!group/go-admin@v1.2.23/context/context.go:101
github.com/GoAdminGroup/go-admin/adapter/gin.(*Gin).AddHandler.func1
	/home/phantom/public/go-path/pkg/mod/github.com/!go!admin!group/go-admin@v1.2.23/adapter/gin/gin.go:91
github.com/gin-gonic/gin.(*Context).Next
	/home/phantom/public/go-path/pkg/mod/github.com/gin-gonic/gin@v1.7.2/context.go:165
github.com/gin-gonic/gin.CustomRecoveryWithWriter.func1
	/home/phantom/public/go-path/pkg/mod/github.com/gin-gonic/gin@v1.7.2/recovery.go:99
github.com/gin-gonic/gin.(*Context).Next
	/home/phantom/public/go-path/pkg/mod/github.com/gin-gonic/gin@v1.7.2/context.go:165
github.com/gin-gonic/gin.LoggerWithConfig.func1
	/home/phantom/public/go-path/pkg/mod/github.com/gin-gonic/gin@v1.7.2/logger.go:241
github.com/gin-gonic/gin.(*Context).Next
	/home/phantom/public/go-path/pkg/mod/github.com/gin-gonic/gin@v1.7.2/context.go:165
github.com/gin-gonic/gin.(*Engine).handleHTTPRequest
	/home/phantom/public/go-path/pkg/mod/github.com/gin-gonic/gin@v1.7.2/gin.go:489
github.com/gin-gonic/gin.(*Engine).ServeHTTP
	/home/phantom/public/go-path/pkg/mod/github.com/gin-gonic/gin@v1.7.2/gin.go:445
net/http.serverHandler.ServeHTTP
	/usr/local/go/src/net/http/server.go:2887
net/http.(*conn).serve
	/usr/local/go/src/net/http/server.go:1952
2021-06-05T16:58:19.911+0800	[31mERROR[0m	controller/handler.go:31	service not found
github.com/GoAdminGroup/go-admin/modules/logger.Error
	/home/phantom/public/go-path/pkg/mod/github.com/!go!admin!group/go-admin@v1.2.23/modules/logger/logger.go:285
github.com/GoAdminGroup/go-admin/plugins/admin/controller.(*Handler).GlobalDeferHandler
	/home/phantom/public/go-path/pkg/mod/github.com/!go!admin!group/go-admin@v1.2.23/plugins/admin/controller/handler.go:31
runtime.gopanic
	/usr/local/go/src/runtime/panic.go:965
github.com/GoAdminGroup/go-admin/modules/service.List.Get
	/home/phantom/public/go-path/pkg/mod/github.com/!go!admin!group/go-admin@v1.2.23/modules/service/service.go:43
github.com/GoAdminGroup/go-admin/plugins/admin/modules/table.(*DefaultTable).db
	/home/phantom/public/go-path/pkg/mod/github.com/!go!admin!group/go-admin@v1.2.23/plugins/admin/modules/table/default.go:1098
github.com/GoAdminGroup/go-admin/plugins/admin/modules/table.(*DefaultTable).getDataFromDatabase
	/home/phantom/public/go-path/pkg/mod/github.com/!go!admin!group/go-admin@v1.2.23/plugins/admin/modules/table/default.go:446
github.com/GoAdminGroup/go-admin/plugins/admin/modules/table.(*DefaultTable).GetData
	/home/phantom/public/go-path/pkg/mod/github.com/!go!admin!group/go-admin@v1.2.23/plugins/admin/modules/table/default.go:148
github.com/GoAdminGroup/go-admin/plugins/admin/controller.(*Handler).showTableData
	/home/phantom/public/go-path/pkg/mod/github.com/!go!admin!group/go-admin@v1.2.23/plugins/admin/controller/show.go:70
github.com/GoAdminGroup/go-admin/plugins/admin/controller.(*Handler).showTable
	/home/phantom/public/go-path/pkg/mod/github.com/!go!admin!group/go-admin@v1.2.23/plugins/admin/controller/show.go:102
github.com/GoAdminGroup/go-admin/plugins/admin/controller.(*Handler).ShowInfo
	/home/phantom/public/go-path/pkg/mod/github.com/!go!admin!group/go-admin@v1.2.23/plugins/admin/controller/show.go:60
github.com/GoAdminGroup/go-admin/context.(*Context).Next
	/home/phantom/public/go-path/pkg/mod/github.com/!go!admin!group/go-admin@v1.2.23/context/context.go:101
github.com/GoAdminGroup/go-admin/plugins/admin/modules/guard.(*Guard).CheckPrefix
	/home/phantom/public/go-path/pkg/mod/github.com/!go!admin!group/go-admin@v1.2.23/plugins/admin/modules/guard/guard.go:51
github.com/GoAdminGroup/go-admin/context.(*Context).Next
	/home/phantom/public/go-path/pkg/mod/github.com/!go!admin!group/go-admin@v1.2.23/context/context.go:101
github.com/GoAdminGroup/go-admin/modules/auth.(*Invoker).Middleware.func1
	/home/phantom/public/go-path/pkg/mod/github.com/!go!admin!group/go-admin@v1.2.23/modules/auth/middleware.go:132
github.com/GoAdminGroup/go-admin/context.(*Context).Next
	/home/phantom/public/go-path/pkg/mod/github.com/!go!admin!group/go-admin@v1.2.23/context/context.go:101
github.com/GoAdminGroup/go-admin/plugins/admin.(*Admin).globalErrorHandler
	/home/phantom/public/go-path/pkg/mod/github.com/!go!admin!group/go-admin@v1.2.23/plugins/admin/router.go:106
github.com/GoAdminGroup/go-admin/context.(*Context).Next
	/home/phantom/public/go-path/pkg/mod/github.com/!go!admin!group/go-admin@v1.2.23/context/context.go:101
github.com/GoAdminGroup/go-admin/adapter/gin.(*Gin).AddHandler.func1
	/home/phantom/public/go-path/pkg/mod/github.com/!go!admin!group/go-admin@v1.2.23/adapter/gin/gin.go:91
github.com/gin-gonic/gin.(*Context).Next
	/home/phantom/public/go-path/pkg/mod/github.com/gin-gonic/gin@v1.7.2/context.go:165
github.com/gin-gonic/gin.CustomRecoveryWithWriter.func1
	/home/phantom/public/go-path/pkg/mod/github.com/gin-gonic/gin@v1.7.2/recovery.go:99
github.com/gin-gonic/gin.(*Context).Next
	/home/phantom/public/go-path/pkg/mod/github.com/gin-gonic/gin@v1.7.2/context.go:165
github.com/gin-gonic/gin.LoggerWithConfig.func1
	/home/phantom/public/go-path/pkg/mod/github.com/gin-gonic/gin@v1.7.2/logger.go:241
github.com/gin-gonic/gin.(*Context).Next
	/home/phantom/public/go-path/pkg/mod/github.com/gin-gonic/gin@v1.7.2/context.go:165
github.com/gin-gonic/gin.(*Engine).handleHTTPRequest
	/home/phantom/public/go-path/pkg/mod/github.com/gin-gonic/gin@v1.7.2/gin.go:489
github.com/gin-gonic/gin.(*Engine).ServeHTTP
	/home/phantom/public/go-path/pkg/mod/github.com/gin-gonic/gin@v1.7.2/gin.go:445
net/http.serverHandler.ServeHTTP
	/usr/local/go/src/net/http/server.go:2887
net/http.(*conn).serve
	/usr/local/go/src/net/http/server.go:1952
2021-06-05T17:03:56.517+0800	[31mERROR[0m	controller/handler.go:31	service not found
github.com/GoAdminGroup/go-admin/modules/logger.Error
	/home/phantom/public/go-path/pkg/mod/github.com/!go!admin!group/go-admin@v1.2.23/modules/logger/logger.go:285
github.com/GoAdminGroup/go-admin/plugins/admin/controller.(*Handler).GlobalDeferHandler
	/home/phantom/public/go-path/pkg/mod/github.com/!go!admin!group/go-admin@v1.2.23/plugins/admin/controller/handler.go:31
runtime.gopanic
	/usr/local/go/src/runtime/panic.go:965
github.com/GoAdminGroup/go-admin/modules/service.List.Get
	/home/phantom/public/go-path/pkg/mod/github.com/!go!admin!group/go-admin@v1.2.23/modules/service/service.go:43
github.com/GoAdminGroup/go-admin/plugins/admin/modules/table.(*DefaultTable).db
	/home/phantom/public/go-path/pkg/mod/github.com/!go!admin!group/go-admin@v1.2.23/plugins/admin/modules/table/default.go:1098
github.com/GoAdminGroup/go-admin/plugins/admin/modules/table.(*DefaultTable).getDataFromDatabase
	/home/phantom/public/go-path/pkg/mod/github.com/!go!admin!group/go-admin@v1.2.23/plugins/admin/modules/table/default.go:446
github.com/GoAdminGroup/go-admin/plugins/admin/modules/table.(*DefaultTable).GetData
	/home/phantom/public/go-path/pkg/mod/github.com/!go!admin!group/go-admin@v1.2.23/plugins/admin/modules/table/default.go:148
github.com/GoAdminGroup/go-admin/plugins/admin/controller.(*Handler).showTableData
	/home/phantom/public/go-path/pkg/mod/github.com/!go!admin!group/go-admin@v1.2.23/plugins/admin/controller/show.go:70
github.com/GoAdminGroup/go-admin/plugins/admin/controller.(*Handler).showTable
	/home/phantom/public/go-path/pkg/mod/github.com/!go!admin!group/go-admin@v1.2.23/plugins/admin/controller/show.go:102
github.com/GoAdminGroup/go-admin/plugins/admin/controller.(*Handler).ShowInfo
	/home/phantom/public/go-path/pkg/mod/github.com/!go!admin!group/go-admin@v1.2.23/plugins/admin/controller/show.go:60
github.com/GoAdminGroup/go-admin/context.(*Context).Next
	/home/phantom/public/go-path/pkg/mod/github.com/!go!admin!group/go-admin@v1.2.23/context/context.go:101
github.com/GoAdminGroup/go-admin/plugins/admin/modules/guard.(*Guard).CheckPrefix
	/home/phantom/public/go-path/pkg/mod/github.com/!go!admin!group/go-admin@v1.2.23/plugins/admin/modules/guard/guard.go:51
github.com/GoAdminGroup/go-admin/context.(*Context).Next
	/home/phantom/public/go-path/pkg/mod/github.com/!go!admin!group/go-admin@v1.2.23/context/context.go:101
github.com/GoAdminGroup/go-admin/modules/auth.(*Invoker).Middleware.func1
	/home/phantom/public/go-path/pkg/mod/github.com/!go!admin!group/go-admin@v1.2.23/modules/auth/middleware.go:132
github.com/GoAdminGroup/go-admin/context.(*Context).Next
	/home/phantom/public/go-path/pkg/mod/github.com/!go!admin!group/go-admin@v1.2.23/context/context.go:101
github.com/GoAdminGroup/go-admin/plugins/admin.(*Admin).globalErrorHandler
	/home/phantom/public/go-path/pkg/mod/github.com/!go!admin!group/go-admin@v1.2.23/plugins/admin/router.go:106
github.com/GoAdminGroup/go-admin/context.(*Context).Next
	/home/phantom/public/go-path/pkg/mod/github.com/!go!admin!group/go-admin@v1.2.23/context/context.go:101
github.com/GoAdminGroup/go-admin/adapter/gin.(*Gin).AddHandler.func1
	/home/phantom/public/go-path/pkg/mod/github.com/!go!admin!group/go-admin@v1.2.23/adapter/gin/gin.go:91
github.com/gin-gonic/gin.(*Context).Next
	/home/phantom/public/go-path/pkg/mod/github.com/gin-gonic/gin@v1.7.2/context.go:165
github.com/gin-gonic/gin.CustomRecoveryWithWriter.func1
	/home/phantom/public/go-path/pkg/mod/github.com/gin-gonic/gin@v1.7.2/recovery.go:99
github.com/gin-gonic/gin.(*Context).Next
	/home/phantom/public/go-path/pkg/mod/github.com/gin-gonic/gin@v1.7.2/context.go:165
github.com/gin-gonic/gin.LoggerWithConfig.func1
	/home/phantom/public/go-path/pkg/mod/github.com/gin-gonic/gin@v1.7.2/logger.go:241
github.com/gin-gonic/gin.(*Context).Next
	/home/phantom/public/go-path/pkg/mod/github.com/gin-gonic/gin@v1.7.2/context.go:165
github.com/gin-gonic/gin.(*Engine).handleHTTPRequest
	/home/phantom/public/go-path/pkg/mod/github.com/gin-gonic/gin@v1.7.2/gin.go:489
github.com/gin-gonic/gin.(*Engine).ServeHTTP
	/home/phantom/public/go-path/pkg/mod/github.com/gin-gonic/gin@v1.7.2/gin.go:445
net/http.serverHandler.ServeHTTP
	/usr/local/go/src/net/http/server.go:2887
net/http.(*conn).serve
	/usr/local/go/src/net/http/server.go:1952
2021-06-05T17:21:44.992+0800	[31mERROR[0m	controller/handler.go:31	interface conversion: interface {} is types.FieldModel, not template.HTML
github.com/GoAdminGroup/go-admin/modules/logger.Error
	/home/phantom/public/go-path/pkg/mod/github.com/!go!admin!group/go-admin@v1.2.23/modules/logger/logger.go:285
github.com/GoAdminGroup/go-admin/plugins/admin/controller.(*Handler).GlobalDeferHandler
	/home/phantom/public/go-path/pkg/mod/github.com/!go!admin!group/go-admin@v1.2.23/plugins/admin/controller/handler.go:31
runtime.gopanic
	/usr/local/go/src/runtime/panic.go:965
runtime.panicdottypeE
	/usr/local/go/src/runtime/iface.go:261
github.com/GoAdminGroup/go-admin/plugins/admin/modules/table.(*DefaultTable).getTempModelData
	/home/phantom/public/go-path/pkg/mod/github.com/!go!admin!group/go-admin@v1.2.23/plugins/admin/modules/table/default.go:327
github.com/GoAdminGroup/go-admin/plugins/admin/modules/table.(*DefaultTable).getDataFromDatabase
	/home/phantom/public/go-path/pkg/mod/github.com/!go!admin!group/go-admin@v1.2.23/plugins/admin/modules/table/default.go:574
github.com/GoAdminGroup/go-admin/plugins/admin/modules/table.(*DefaultTable).GetData
	/home/phantom/public/go-path/pkg/mod/github.com/!go!admin!group/go-admin@v1.2.23/plugins/admin/modules/table/default.go:148
github.com/GoAdminGroup/go-admin/plugins/admin/controller.(*Handler).showTableData
	/home/phantom/public/go-path/pkg/mod/github.com/!go!admin!group/go-admin@v1.2.23/plugins/admin/controller/show.go:70
github.com/GoAdminGroup/go-admin/plugins/admin/controller.(*Handler).showTable
	/home/phantom/public/go-path/pkg/mod/github.com/!go!admin!group/go-admin@v1.2.23/plugins/admin/controller/show.go:102
github.com/GoAdminGroup/go-admin/plugins/admin/controller.(*Handler).ShowInfo
	/home/phantom/public/go-path/pkg/mod/github.com/!go!admin!group/go-admin@v1.2.23/plugins/admin/controller/show.go:60
github.com/GoAdminGroup/go-admin/context.(*Context).Next
	/home/phantom/public/go-path/pkg/mod/github.com/!go!admin!group/go-admin@v1.2.23/context/context.go:101
github.com/GoAdminGroup/go-admin/plugins/admin/modules/guard.(*Guard).CheckPrefix
	/home/phantom/public/go-path/pkg/mod/github.com/!go!admin!group/go-admin@v1.2.23/plugins/admin/modules/guard/guard.go:51
github.com/GoAdminGroup/go-admin/context.(*Context).Next
	/home/phantom/public/go-path/pkg/mod/github.com/!go!admin!group/go-admin@v1.2.23/context/context.go:101
github.com/GoAdminGroup/go-admin/modules/auth.(*Invoker).Middleware.func1
	/home/phantom/public/go-path/pkg/mod/github.com/!go!admin!group/go-admin@v1.2.23/modules/auth/middleware.go:132
github.com/GoAdminGroup/go-admin/context.(*Context).Next
	/home/phantom/public/go-path/pkg/mod/github.com/!go!admin!group/go-admin@v1.2.23/context/context.go:101
github.com/GoAdminGroup/go-admin/plugins/admin.(*Admin).globalErrorHandler
	/home/phantom/public/go-path/pkg/mod/github.com/!go!admin!group/go-admin@v1.2.23/plugins/admin/router.go:106
github.com/GoAdminGroup/go-admin/context.(*Context).Next
	/home/phantom/public/go-path/pkg/mod/github.com/!go!admin!group/go-admin@v1.2.23/context/context.go:101
github.com/GoAdminGroup/go-admin/adapter/gin.(*Gin).AddHandler.func1
	/home/phantom/public/go-path/pkg/mod/github.com/!go!admin!group/go-admin@v1.2.23/adapter/gin/gin.go:91
github.com/gin-gonic/gin.(*Context).Next
	/home/phantom/public/go-path/pkg/mod/github.com/gin-gonic/gin@v1.7.2/context.go:165
github.com/gin-gonic/gin.CustomRecoveryWithWriter.func1
	/home/phantom/public/go-path/pkg/mod/github.com/gin-gonic/gin@v1.7.2/recovery.go:99
github.com/gin-gonic/gin.(*Context).Next
	/home/phantom/public/go-path/pkg/mod/github.com/gin-gonic/gin@v1.7.2/context.go:165
github.com/gin-gonic/gin.LoggerWithConfig.func1
	/home/phantom/public/go-path/pkg/mod/github.com/gin-gonic/gin@v1.7.2/logger.go:241
github.com/gin-gonic/gin.(*Context).Next
	/home/phantom/public/go-path/pkg/mod/github.com/gin-gonic/gin@v1.7.2/context.go:165
github.com/gin-gonic/gin.(*Engine).handleHTTPRequest
	/home/phantom/public/go-path/pkg/mod/github.com/gin-gonic/gin@v1.7.2/gin.go:489
github.com/gin-gonic/gin.(*Engine).ServeHTTP
	/home/phantom/public/go-path/pkg/mod/github.com/gin-gonic/gin@v1.7.2/gin.go:445
net/http.serverHandler.ServeHTTP
	/usr/local/go/src/net/http/server.go:2887
net/http.(*conn).serve
	/usr/local/go/src/net/http/server.go:1952
2021-06-05T17:21:51.606+0800	[31mERROR[0m	controller/handler.go:31	interface conversion: interface {} is types.FieldModel, not template.HTML
github.com/GoAdminGroup/go-admin/modules/logger.Error
	/home/phantom/public/go-path/pkg/mod/github.com/!go!admin!group/go-admin@v1.2.23/modules/logger/logger.go:285
github.com/GoAdminGroup/go-admin/plugins/admin/controller.(*Handler).GlobalDeferHandler
	/home/phantom/public/go-path/pkg/mod/github.com/!go!admin!group/go-admin@v1.2.23/plugins/admin/controller/handler.go:31
runtime.gopanic
	/usr/local/go/src/runtime/panic.go:965
runtime.panicdottypeE
	/usr/local/go/src/runtime/iface.go:261
github.com/GoAdminGroup/go-admin/plugins/admin/modules/table.(*DefaultTable).getTempModelData
	/home/phantom/public/go-path/pkg/mod/github.com/!go!admin!group/go-admin@v1.2.23/plugins/admin/modules/table/default.go:327
github.com/GoAdminGroup/go-admin/plugins/admin/modules/table.(*DefaultTable).getDataFromDatabase
	/home/phantom/public/go-path/pkg/mod/github.com/!go!admin!group/go-admin@v1.2.23/plugins/admin/modules/table/default.go:574
github.com/GoAdminGroup/go-admin/plugins/admin/modules/table.(*DefaultTable).GetData
	/home/phantom/public/go-path/pkg/mod/github.com/!go!admin!group/go-admin@v1.2.23/plugins/admin/modules/table/default.go:148
github.com/GoAdminGroup/go-admin/plugins/admin/controller.(*Handler).showTableData
	/home/phantom/public/go-path/pkg/mod/github.com/!go!admin!group/go-admin@v1.2.23/plugins/admin/controller/show.go:70
github.com/GoAdminGroup/go-admin/plugins/admin/controller.(*Handler).showTable
	/home/phantom/public/go-path/pkg/mod/github.com/!go!admin!group/go-admin@v1.2.23/plugins/admin/controller/show.go:102
github.com/GoAdminGroup/go-admin/plugins/admin/controller.(*Handler).ShowInfo
	/home/phantom/public/go-path/pkg/mod/github.com/!go!admin!group/go-admin@v1.2.23/plugins/admin/controller/show.go:60
github.com/GoAdminGroup/go-admin/context.(*Context).Next
	/home/phantom/public/go-path/pkg/mod/github.com/!go!admin!group/go-admin@v1.2.23/context/context.go:101
github.com/GoAdminGroup/go-admin/plugins/admin/modules/guard.(*Guard).CheckPrefix
	/home/phantom/public/go-path/pkg/mod/github.com/!go!admin!group/go-admin@v1.2.23/plugins/admin/modules/guard/guard.go:51
github.com/GoAdminGroup/go-admin/context.(*Context).Next
	/home/phantom/public/go-path/pkg/mod/github.com/!go!admin!group/go-admin@v1.2.23/context/context.go:101
github.com/GoAdminGroup/go-admin/modules/auth.(*Invoker).Middleware.func1
	/home/phantom/public/go-path/pkg/mod/github.com/!go!admin!group/go-admin@v1.2.23/modules/auth/middleware.go:132
github.com/GoAdminGroup/go-admin/context.(*Context).Next
	/home/phantom/public/go-path/pkg/mod/github.com/!go!admin!group/go-admin@v1.2.23/context/context.go:101
github.com/GoAdminGroup/go-admin/plugins/admin.(*Admin).globalErrorHandler
	/home/phantom/public/go-path/pkg/mod/github.com/!go!admin!group/go-admin@v1.2.23/plugins/admin/router.go:106
github.com/GoAdminGroup/go-admin/context.(*Context).Next
	/home/phantom/public/go-path/pkg/mod/github.com/!go!admin!group/go-admin@v1.2.23/context/context.go:101
github.com/GoAdminGroup/go-admin/adapter/gin.(*Gin).AddHandler.func1
	/home/phantom/public/go-path/pkg/mod/github.com/!go!admin!group/go-admin@v1.2.23/adapter/gin/gin.go:91
github.com/gin-gonic/gin.(*Context).Next
	/home/phantom/public/go-path/pkg/mod/github.com/gin-gonic/gin@v1.7.2/context.go:165
github.com/gin-gonic/gin.CustomRecoveryWithWriter.func1
	/home/phantom/public/go-path/pkg/mod/github.com/gin-gonic/gin@v1.7.2/recovery.go:99
github.com/gin-gonic/gin.(*Context).Next
	/home/phantom/public/go-path/pkg/mod/github.com/gin-gonic/gin@v1.7.2/context.go:165
github.com/gin-gonic/gin.LoggerWithConfig.func1
	/home/phantom/public/go-path/pkg/mod/github.com/gin-gonic/gin@v1.7.2/logger.go:241
github.com/gin-gonic/gin.(*Context).Next
	/home/phantom/public/go-path/pkg/mod/github.com/gin-gonic/gin@v1.7.2/context.go:165
github.com/gin-gonic/gin.(*Engine).handleHTTPRequest
	/home/phantom/public/go-path/pkg/mod/github.com/gin-gonic/gin@v1.7.2/gin.go:489
github.com/gin-gonic/gin.(*Engine).ServeHTTP
	/home/phantom/public/go-path/pkg/mod/github.com/gin-gonic/gin@v1.7.2/gin.go:445
net/http.serverHandler.ServeHTTP
	/usr/local/go/src/net/http/server.go:2887
net/http.(*conn).serve
	/usr/local/go/src/net/http/server.go:1952
2021-06-05T17:21:53.095+0800	[31mERROR[0m	controller/handler.go:31	interface conversion: interface {} is types.FieldModel, not template.HTML
github.com/GoAdminGroup/go-admin/modules/logger.Error
	/home/phantom/public/go-path/pkg/mod/github.com/!go!admin!group/go-admin@v1.2.23/modules/logger/logger.go:285
github.com/GoAdminGroup/go-admin/plugins/admin/controller.(*Handler).GlobalDeferHandler
	/home/phantom/public/go-path/pkg/mod/github.com/!go!admin!group/go-admin@v1.2.23/plugins/admin/controller/handler.go:31
runtime.gopanic
	/usr/local/go/src/runtime/panic.go:965
runtime.panicdottypeE
	/usr/local/go/src/runtime/iface.go:261
github.com/GoAdminGroup/go-admin/plugins/admin/modules/table.(*DefaultTable).getTempModelData
	/home/phantom/public/go-path/pkg/mod/github.com/!go!admin!group/go-admin@v1.2.23/plugins/admin/modules/table/default.go:327
github.com/GoAdminGroup/go-admin/plugins/admin/modules/table.(*DefaultTable).getDataFromDatabase
	/home/phantom/public/go-path/pkg/mod/github.com/!go!admin!group/go-admin@v1.2.23/plugins/admin/modules/table/default.go:574
github.com/GoAdminGroup/go-admin/plugins/admin/modules/table.(*DefaultTable).GetData
	/home/phantom/public/go-path/pkg/mod/github.com/!go!admin!group/go-admin@v1.2.23/plugins/admin/modules/table/default.go:148
github.com/GoAdminGroup/go-admin/plugins/admin/controller.(*Handler).showTableData
	/home/phantom/public/go-path/pkg/mod/github.com/!go!admin!group/go-admin@v1.2.23/plugins/admin/controller/show.go:70
github.com/GoAdminGroup/go-admin/plugins/admin/controller.(*Handler).showTable
	/home/phantom/public/go-path/pkg/mod/github.com/!go!admin!group/go-admin@v1.2.23/plugins/admin/controller/show.go:102
github.com/GoAdminGroup/go-admin/plugins/admin/controller.(*Handler).ShowInfo
	/home/phantom/public/go-path/pkg/mod/github.com/!go!admin!group/go-admin@v1.2.23/plugins/admin/controller/show.go:60
github.com/GoAdminGroup/go-admin/context.(*Context).Next
	/home/phantom/public/go-path/pkg/mod/github.com/!go!admin!group/go-admin@v1.2.23/context/context.go:101
github.com/GoAdminGroup/go-admin/plugins/admin/modules/guard.(*Guard).CheckPrefix
	/home/phantom/public/go-path/pkg/mod/github.com/!go!admin!group/go-admin@v1.2.23/plugins/admin/modules/guard/guard.go:51
github.com/GoAdminGroup/go-admin/context.(*Context).Next
	/home/phantom/public/go-path/pkg/mod/github.com/!go!admin!group/go-admin@v1.2.23/context/context.go:101
github.com/GoAdminGroup/go-admin/modules/auth.(*Invoker).Middleware.func1
	/home/phantom/public/go-path/pkg/mod/github.com/!go!admin!group/go-admin@v1.2.23/modules/auth/middleware.go:132
github.com/GoAdminGroup/go-admin/context.(*Context).Next
	/home/phantom/public/go-path/pkg/mod/github.com/!go!admin!group/go-admin@v1.2.23/context/context.go:101
github.com/GoAdminGroup/go-admin/plugins/admin.(*Admin).globalErrorHandler
	/home/phantom/public/go-path/pkg/mod/github.com/!go!admin!group/go-admin@v1.2.23/plugins/admin/router.go:106
github.com/GoAdminGroup/go-admin/context.(*Context).Next
	/home/phantom/public/go-path/pkg/mod/github.com/!go!admin!group/go-admin@v1.2.23/context/context.go:101
github.com/GoAdminGroup/go-admin/adapter/gin.(*Gin).AddHandler.func1
	/home/phantom/public/go-path/pkg/mod/github.com/!go!admin!group/go-admin@v1.2.23/adapter/gin/gin.go:91
github.com/gin-gonic/gin.(*Context).Next
	/home/phantom/public/go-path/pkg/mod/github.com/gin-gonic/gin@v1.7.2/context.go:165
github.com/gin-gonic/gin.CustomRecoveryWithWriter.func1
	/home/phantom/public/go-path/pkg/mod/github.com/gin-gonic/gin@v1.7.2/recovery.go:99
github.com/gin-gonic/gin.(*Context).Next
	/home/phantom/public/go-path/pkg/mod/github.com/gin-gonic/gin@v1.7.2/context.go:165
github.com/gin-gonic/gin.LoggerWithConfig.func1
	/home/phantom/public/go-path/pkg/mod/github.com/gin-gonic/gin@v1.7.2/logger.go:241
github.com/gin-gonic/gin.(*Context).Next
	/home/phantom/public/go-path/pkg/mod/github.com/gin-gonic/gin@v1.7.2/context.go:165
github.com/gin-gonic/gin.(*Engine).handleHTTPRequest
	/home/phantom/public/go-path/pkg/mod/github.com/gin-gonic/gin@v1.7.2/gin.go:489
github.com/gin-gonic/gin.(*Engine).ServeHTTP
	/home/phantom/public/go-path/pkg/mod/github.com/gin-gonic/gin@v1.7.2/gin.go:445
net/http.serverHandler.ServeHTTP
	/usr/local/go/src/net/http/server.go:2887
net/http.(*conn).serve
	/usr/local/go/src/net/http/server.go:1952
2021-06-05T17:41:31.693+0800	[31mERROR[0m	controller/edit.go:64	receive data error: wrong id
github.com/GoAdminGroup/go-admin/modules/logger.Error
	/home/phantom/public/go-path/pkg/mod/github.com/!go!admin!group/go-admin@v1.2.23/modules/logger/logger.go:285
github.com/GoAdminGroup/go-admin/plugins/admin/controller.(*Handler).showForm
	/home/phantom/public/go-path/pkg/mod/github.com/!go!admin!group/go-admin@v1.2.23/plugins/admin/controller/edit.go:64
github.com/GoAdminGroup/go-admin/plugins/admin/controller.(*Handler).ShowForm
	/home/phantom/public/go-path/pkg/mod/github.com/!go!admin!group/go-admin@v1.2.23/plugins/admin/controller/edit.go:31
github.com/GoAdminGroup/go-admin/context.(*Context).Next
	/home/phantom/public/go-path/pkg/mod/github.com/!go!admin!group/go-admin@v1.2.23/context/context.go:101
github.com/GoAdminGroup/go-admin/plugins/admin/modules/guard.(*Guard).ShowForm
	/home/phantom/public/go-path/pkg/mod/github.com/!go!admin!group/go-admin@v1.2.23/plugins/admin/modules/guard/edit.go:72
github.com/GoAdminGroup/go-admin/context.(*Context).Next
	/home/phantom/public/go-path/pkg/mod/github.com/!go!admin!group/go-admin@v1.2.23/context/context.go:101
github.com/GoAdminGroup/go-admin/plugins/admin/modules/guard.(*Guard).CheckPrefix
	/home/phantom/public/go-path/pkg/mod/github.com/!go!admin!group/go-admin@v1.2.23/plugins/admin/modules/guard/guard.go:51
github.com/GoAdminGroup/go-admin/context.(*Context).Next
	/home/phantom/public/go-path/pkg/mod/github.com/!go!admin!group/go-admin@v1.2.23/context/context.go:101
github.com/GoAdminGroup/go-admin/modules/auth.(*Invoker).Middleware.func1
	/home/phantom/public/go-path/pkg/mod/github.com/!go!admin!group/go-admin@v1.2.23/modules/auth/middleware.go:132
github.com/GoAdminGroup/go-admin/context.(*Context).Next
	/home/phantom/public/go-path/pkg/mod/github.com/!go!admin!group/go-admin@v1.2.23/context/context.go:101
github.com/GoAdminGroup/go-admin/plugins/admin.(*Admin).globalErrorHandler
	/home/phantom/public/go-path/pkg/mod/github.com/!go!admin!group/go-admin@v1.2.23/plugins/admin/router.go:106
github.com/GoAdminGroup/go-admin/context.(*Context).Next
	/home/phantom/public/go-path/pkg/mod/github.com/!go!admin!group/go-admin@v1.2.23/context/context.go:101
github.com/GoAdminGroup/go-admin/adapter/gin.(*Gin).AddHandler.func1
	/home/phantom/public/go-path/pkg/mod/github.com/!go!admin!group/go-admin@v1.2.23/adapter/gin/gin.go:91
github.com/gin-gonic/gin.(*Context).Next
	/home/phantom/public/go-path/pkg/mod/github.com/gin-gonic/gin@v1.7.2/context.go:165
github.com/gin-gonic/gin.CustomRecoveryWithWriter.func1
	/home/phantom/public/go-path/pkg/mod/github.com/gin-gonic/gin@v1.7.2/recovery.go:99
github.com/gin-gonic/gin.(*Context).Next
	/home/phantom/public/go-path/pkg/mod/github.com/gin-gonic/gin@v1.7.2/context.go:165
github.com/gin-gonic/gin.LoggerWithConfig.func1
	/home/phantom/public/go-path/pkg/mod/github.com/gin-gonic/gin@v1.7.2/logger.go:241
github.com/gin-gonic/gin.(*Context).Next
	/home/phantom/public/go-path/pkg/mod/github.com/gin-gonic/gin@v1.7.2/context.go:165
github.com/gin-gonic/gin.(*Engine).handleHTTPRequest
	/home/phantom/public/go-path/pkg/mod/github.com/gin-gonic/gin@v1.7.2/gin.go:489
github.com/gin-gonic/gin.(*Engine).ServeHTTP
	/home/phantom/public/go-path/pkg/mod/github.com/gin-gonic/gin@v1.7.2/gin.go:445
net/http.serverHandler.ServeHTTP
	/usr/local/go/src/net/http/server.go:2887
net/http.(*conn).serve
	/usr/local/go/src/net/http/server.go:1952
2021-06-05T17:42:09.044+0800	[31mERROR[0m	controller/handler.go:31	pq: zero-length delimited identifier at or near """"
github.com/GoAdminGroup/go-admin/modules/logger.Error
	/home/phantom/public/go-path/pkg/mod/github.com/!go!admin!group/go-admin@v1.2.23/modules/logger/logger.go:285
github.com/GoAdminGroup/go-admin/plugins/admin/controller.(*Handler).GlobalDeferHandler
	/home/phantom/public/go-path/pkg/mod/github.com/!go!admin!group/go-admin@v1.2.23/plugins/admin/controller/handler.go:31
runtime.gopanic
	/usr/local/go/src/runtime/panic.go:965
github.com/GoAdminGroup/go-admin/modules/db.CommonQuery
	/home/phantom/public/go-path/pkg/mod/github.com/!go!admin!group/go-admin@v1.2.23/modules/db/performer.go:20
github.com/GoAdminGroup/go-admin/modules/db.(*Postgresql).QueryWithConnection
	/home/phantom/public/go-path/pkg/mod/github.com/!go!admin!group/go-admin@v1.2.23/modules/db/postgresql.go:51
github.com/GoAdminGroup/go-admin/plugins/admin/modules/table.(*DefaultTable).GetDataWithId
	/home/phantom/public/go-path/pkg/mod/github.com/!go!admin!group/go-admin@v1.2.23/plugins/admin/modules/table/default.go:716
github.com/GoAdminGroup/go-admin/plugins/admin/controller.(*Handler).showForm
	/home/phantom/public/go-path/pkg/mod/github.com/!go!admin!group/go-admin@v1.2.23/plugins/admin/controller/edit.go:61
github.com/GoAdminGroup/go-admin/plugins/admin/controller.(*Handler).ShowForm
	/home/phantom/public/go-path/pkg/mod/github.com/!go!admin!group/go-admin@v1.2.23/plugins/admin/controller/edit.go:31
github.com/GoAdminGroup/go-admin/context.(*Context).Next
	/home/phantom/public/go-path/pkg/mod/github.com/!go!admin!group/go-admin@v1.2.23/context/context.go:101
github.com/GoAdminGroup/go-admin/plugins/admin/modules/guard.(*Guard).ShowForm
	/home/phantom/public/go-path/pkg/mod/github.com/!go!admin!group/go-admin@v1.2.23/plugins/admin/modules/guard/edit.go:72
github.com/GoAdminGroup/go-admin/context.(*Context).Next
	/home/phantom/public/go-path/pkg/mod/github.com/!go!admin!group/go-admin@v1.2.23/context/context.go:101
github.com/GoAdminGroup/go-admin/plugins/admin/modules/guard.(*Guard).CheckPrefix
	/home/phantom/public/go-path/pkg/mod/github.com/!go!admin!group/go-admin@v1.2.23/plugins/admin/modules/guard/guard.go:51
github.com/GoAdminGroup/go-admin/context.(*Context).Next
	/home/phantom/public/go-path/pkg/mod/github.com/!go!admin!group/go-admin@v1.2.23/context/context.go:101
github.com/GoAdminGroup/go-admin/modules/auth.(*Invoker).Middleware.func1
	/home/phantom/public/go-path/pkg/mod/github.com/!go!admin!group/go-admin@v1.2.23/modules/auth/middleware.go:132
github.com/GoAdminGroup/go-admin/context.(*Context).Next
	/home/phantom/public/go-path/pkg/mod/github.com/!go!admin!group/go-admin@v1.2.23/context/context.go:101
github.com/GoAdminGroup/go-admin/plugins/admin.(*Admin).globalErrorHandler
	/home/phantom/public/go-path/pkg/mod/github.com/!go!admin!group/go-admin@v1.2.23/plugins/admin/router.go:106
github.com/GoAdminGroup/go-admin/context.(*Context).Next
	/home/phantom/public/go-path/pkg/mod/github.com/!go!admin!group/go-admin@v1.2.23/context/context.go:101
github.com/GoAdminGroup/go-admin/adapter/gin.(*Gin).AddHandler.func1
	/home/phantom/public/go-path/pkg/mod/github.com/!go!admin!group/go-admin@v1.2.23/adapter/gin/gin.go:91
github.com/gin-gonic/gin.(*Context).Next
	/home/phantom/public/go-path/pkg/mod/github.com/gin-gonic/gin@v1.7.2/context.go:165
github.com/gin-gonic/gin.CustomRecoveryWithWriter.func1
	/home/phantom/public/go-path/pkg/mod/github.com/gin-gonic/gin@v1.7.2/recovery.go:99
github.com/gin-gonic/gin.(*Context).Next
	/home/phantom/public/go-path/pkg/mod/github.com/gin-gonic/gin@v1.7.2/context.go:165
github.com/gin-gonic/gin.LoggerWithConfig.func1
	/home/phantom/public/go-path/pkg/mod/github.com/gin-gonic/gin@v1.7.2/logger.go:241
github.com/gin-gonic/gin.(*Context).Next
	/home/phantom/public/go-path/pkg/mod/github.com/gin-gonic/gin@v1.7.2/context.go:165
github.com/gin-gonic/gin.(*Engine).handleHTTPRequest
	/home/phantom/public/go-path/pkg/mod/github.com/gin-gonic/gin@v1.7.2/gin.go:489
github.com/gin-gonic/gin.(*Engine).ServeHTTP
	/home/phantom/public/go-path/pkg/mod/github.com/gin-gonic/gin@v1.7.2/gin.go:445
net/http.serverHandler.ServeHTTP
	/usr/local/go/src/net/http/server.go:2887
net/http.(*conn).serve
	/usr/local/go/src/net/http/server.go:1952
2021-06-05T17:42:09.070+0800	[31mERROR[0m	controller/handler.go:31	pq: zero-length delimited identifier at or near """"
github.com/GoAdminGroup/go-admin/modules/logger.Error
	/home/phantom/public/go-path/pkg/mod/github.com/!go!admin!group/go-admin@v1.2.23/modules/logger/logger.go:285
github.com/GoAdminGroup/go-admin/plugins/admin/controller.(*Handler).GlobalDeferHandler
	/home/phantom/public/go-path/pkg/mod/github.com/!go!admin!group/go-admin@v1.2.23/plugins/admin/controller/handler.go:31
runtime.gopanic
	/usr/local/go/src/runtime/panic.go:965
github.com/GoAdminGroup/go-admin/modules/db.CommonQuery
	/home/phantom/public/go-path/pkg/mod/github.com/!go!admin!group/go-admin@v1.2.23/modules/db/performer.go:20
github.com/GoAdminGroup/go-admin/modules/db.(*Postgresql).QueryWithConnection
	/home/phantom/public/go-path/pkg/mod/github.com/!go!admin!group/go-admin@v1.2.23/modules/db/postgresql.go:51
github.com/GoAdminGroup/go-admin/plugins/admin/modules/table.(*DefaultTable).GetDataWithId
	/home/phantom/public/go-path/pkg/mod/github.com/!go!admin!group/go-admin@v1.2.23/plugins/admin/modules/table/default.go:716
github.com/GoAdminGroup/go-admin/plugins/admin/controller.(*Handler).showForm
	/home/phantom/public/go-path/pkg/mod/github.com/!go!admin!group/go-admin@v1.2.23/plugins/admin/controller/edit.go:61
github.com/GoAdminGroup/go-admin/plugins/admin/controller.(*Handler).ShowForm
	/home/phantom/public/go-path/pkg/mod/github.com/!go!admin!group/go-admin@v1.2.23/plugins/admin/controller/edit.go:31
github.com/GoAdminGroup/go-admin/context.(*Context).Next
	/home/phantom/public/go-path/pkg/mod/github.com/!go!admin!group/go-admin@v1.2.23/context/context.go:101
github.com/GoAdminGroup/go-admin/plugins/admin/modules/guard.(*Guard).ShowForm
	/home/phantom/public/go-path/pkg/mod/github.com/!go!admin!group/go-admin@v1.2.23/plugins/admin/modules/guard/edit.go:72
github.com/GoAdminGroup/go-admin/context.(*Context).Next
	/home/phantom/public/go-path/pkg/mod/github.com/!go!admin!group/go-admin@v1.2.23/context/context.go:101
github.com/GoAdminGroup/go-admin/plugins/admin/modules/guard.(*Guard).CheckPrefix
	/home/phantom/public/go-path/pkg/mod/github.com/!go!admin!group/go-admin@v1.2.23/plugins/admin/modules/guard/guard.go:51
github.com/GoAdminGroup/go-admin/context.(*Context).Next
	/home/phantom/public/go-path/pkg/mod/github.com/!go!admin!group/go-admin@v1.2.23/context/context.go:101
github.com/GoAdminGroup/go-admin/modules/auth.(*Invoker).Middleware.func1
	/home/phantom/public/go-path/pkg/mod/github.com/!go!admin!group/go-admin@v1.2.23/modules/auth/middleware.go:132
github.com/GoAdminGroup/go-admin/context.(*Context).Next
	/home/phantom/public/go-path/pkg/mod/github.com/!go!admin!group/go-admin@v1.2.23/context/context.go:101
github.com/GoAdminGroup/go-admin/plugins/admin.(*Admin).globalErrorHandler
	/home/phantom/public/go-path/pkg/mod/github.com/!go!admin!group/go-admin@v1.2.23/plugins/admin/router.go:106
github.com/GoAdminGroup/go-admin/context.(*Context).Next
	/home/phantom/public/go-path/pkg/mod/github.com/!go!admin!group/go-admin@v1.2.23/context/context.go:101
github.com/GoAdminGroup/go-admin/adapter/gin.(*Gin).AddHandler.func1
	/home/phantom/public/go-path/pkg/mod/github.com/!go!admin!group/go-admin@v1.2.23/adapter/gin/gin.go:91
github.com/gin-gonic/gin.(*Context).Next
	/home/phantom/public/go-path/pkg/mod/github.com/gin-gonic/gin@v1.7.2/context.go:165
github.com/gin-gonic/gin.CustomRecoveryWithWriter.func1
	/home/phantom/public/go-path/pkg/mod/github.com/gin-gonic/gin@v1.7.2/recovery.go:99
github.com/gin-gonic/gin.(*Context).Next
	/home/phantom/public/go-path/pkg/mod/github.com/gin-gonic/gin@v1.7.2/context.go:165
github.com/gin-gonic/gin.LoggerWithConfig.func1
	/home/phantom/public/go-path/pkg/mod/github.com/gin-gonic/gin@v1.7.2/logger.go:241
github.com/gin-gonic/gin.(*Context).Next
	/home/phantom/public/go-path/pkg/mod/github.com/gin-gonic/gin@v1.7.2/context.go:165
github.com/gin-gonic/gin.(*Engine).handleHTTPRequest
	/home/phantom/public/go-path/pkg/mod/github.com/gin-gonic/gin@v1.7.2/gin.go:489
github.com/gin-gonic/gin.(*Engine).ServeHTTP
	/home/phantom/public/go-path/pkg/mod/github.com/gin-gonic/gin@v1.7.2/gin.go:445
net/http.serverHandler.ServeHTTP
	/usr/local/go/src/net/http/server.go:2887
net/http.(*conn).serve
	/usr/local/go/src/net/http/server.go:1952
2021-06-05T19:09:35.396+0800	[31mERROR[0m	controller/handler.go:31	runtime error: invalid memory address or nil pointer dereference
github.com/GoAdminGroup/go-admin/modules/logger.Error
	/home/phantom/public/go-path/pkg/mod/github.com/!go!admin!group/go-admin@v1.2.23/modules/logger/logger.go:285
github.com/GoAdminGroup/go-admin/plugins/admin/controller.(*Handler).GlobalDeferHandler
	/home/phantom/public/go-path/pkg/mod/github.com/!go!admin!group/go-admin@v1.2.23/plugins/admin/controller/handler.go:31
runtime.gopanic
	/usr/local/go/src/runtime/panic.go:965
runtime.panicmem
	/usr/local/go/src/runtime/panic.go:212
runtime.sigpanic
	/usr/local/go/src/runtime/signal_unix.go:734
github.com/GoAdminGroup/go-admin/template/types.FieldDisplay.ToDisplay
	/home/phantom/public/go-path/pkg/mod/github.com/!go!admin!group/go-admin@v1.2.23/template/types/display.go:39
github.com/GoAdminGroup/go-admin/plugins/admin/modules/table.(*DefaultTable).getTempModelData
	/home/phantom/public/go-path/pkg/mod/github.com/!go!admin!group/go-admin@v1.2.23/plugins/admin/modules/table/default.go:356
github.com/GoAdminGroup/go-admin/plugins/admin/modules/table.(*DefaultTable).getDataFromDatabase
	/home/phantom/public/go-path/pkg/mod/github.com/!go!admin!group/go-admin@v1.2.23/plugins/admin/modules/table/default.go:574
github.com/GoAdminGroup/go-admin/plugins/admin/modules/table.(*DefaultTable).GetData
	/home/phantom/public/go-path/pkg/mod/github.com/!go!admin!group/go-admin@v1.2.23/plugins/admin/modules/table/default.go:148
github.com/GoAdminGroup/go-admin/plugins/admin/controller.(*Handler).showTableData
	/home/phantom/public/go-path/pkg/mod/github.com/!go!admin!group/go-admin@v1.2.23/plugins/admin/controller/show.go:70
github.com/GoAdminGroup/go-admin/plugins/admin/controller.(*Handler).showTable
	/home/phantom/public/go-path/pkg/mod/github.com/!go!admin!group/go-admin@v1.2.23/plugins/admin/controller/show.go:102
github.com/GoAdminGroup/go-admin/plugins/admin/controller.(*Handler).ShowInfo
	/home/phantom/public/go-path/pkg/mod/github.com/!go!admin!group/go-admin@v1.2.23/plugins/admin/controller/show.go:60
github.com/GoAdminGroup/go-admin/context.(*Context).Next
	/home/phantom/public/go-path/pkg/mod/github.com/!go!admin!group/go-admin@v1.2.23/context/context.go:101
github.com/GoAdminGroup/go-admin/plugins/admin/modules/guard.(*Guard).CheckPrefix
	/home/phantom/public/go-path/pkg/mod/github.com/!go!admin!group/go-admin@v1.2.23/plugins/admin/modules/guard/guard.go:51
github.com/GoAdminGroup/go-admin/context.(*Context).Next
	/home/phantom/public/go-path/pkg/mod/github.com/!go!admin!group/go-admin@v1.2.23/context/context.go:101
github.com/GoAdminGroup/go-admin/modules/auth.(*Invoker).Middleware.func1
	/home/phantom/public/go-path/pkg/mod/github.com/!go!admin!group/go-admin@v1.2.23/modules/auth/middleware.go:132
github.com/GoAdminGroup/go-admin/context.(*Context).Next
	/home/phantom/public/go-path/pkg/mod/github.com/!go!admin!group/go-admin@v1.2.23/context/context.go:101
github.com/GoAdminGroup/go-admin/plugins/admin.(*Admin).globalErrorHandler
	/home/phantom/public/go-path/pkg/mod/github.com/!go!admin!group/go-admin@v1.2.23/plugins/admin/router.go:106
github.com/GoAdminGroup/go-admin/context.(*Context).Next
	/home/phantom/public/go-path/pkg/mod/github.com/!go!admin!group/go-admin@v1.2.23/context/context.go:101
github.com/GoAdminGroup/go-admin/adapter/gin.(*Gin).AddHandler.func1
	/home/phantom/public/go-path/pkg/mod/github.com/!go!admin!group/go-admin@v1.2.23/adapter/gin/gin.go:91
github.com/gin-gonic/gin.(*Context).Next
	/home/phantom/public/go-path/pkg/mod/github.com/gin-gonic/gin@v1.7.2/context.go:165
github.com/gin-gonic/gin.CustomRecoveryWithWriter.func1
	/home/phantom/public/go-path/pkg/mod/github.com/gin-gonic/gin@v1.7.2/recovery.go:99
github.com/gin-gonic/gin.(*Context).Next
	/home/phantom/public/go-path/pkg/mod/github.com/gin-gonic/gin@v1.7.2/context.go:165
github.com/gin-gonic/gin.LoggerWithConfig.func1
	/home/phantom/public/go-path/pkg/mod/github.com/gin-gonic/gin@v1.7.2/logger.go:241
github.com/gin-gonic/gin.(*Context).Next
	/home/phantom/public/go-path/pkg/mod/github.com/gin-gonic/gin@v1.7.2/context.go:165
github.com/gin-gonic/gin.(*Engine).handleHTTPRequest
	/home/phantom/public/go-path/pkg/mod/github.com/gin-gonic/gin@v1.7.2/gin.go:489
github.com/gin-gonic/gin.(*Engine).ServeHTTP
	/home/phantom/public/go-path/pkg/mod/github.com/gin-gonic/gin@v1.7.2/gin.go:445
net/http.serverHandler.ServeHTTP
	/usr/local/go/src/net/http/server.go:2887
net/http.(*conn).serve
	/usr/local/go/src/net/http/server.go:1952
2021-06-05T19:12:11.272+0800	[31mERROR[0m	controller/handler.go:31	pq: relation "users" does not exist
github.com/GoAdminGroup/go-admin/modules/logger.Error
	/home/phantom/public/go-path/pkg/mod/github.com/!go!admin!group/go-admin@v1.2.23/modules/logger/logger.go:285
github.com/GoAdminGroup/go-admin/plugins/admin/controller.(*Handler).GlobalDeferHandler
	/home/phantom/public/go-path/pkg/mod/github.com/!go!admin!group/go-admin@v1.2.23/plugins/admin/controller/handler.go:31
runtime.gopanic
	/usr/local/go/src/runtime/panic.go:965
github.com/GoAdminGroup/go-admin/modules/db.CommonQuery
	/home/phantom/public/go-path/pkg/mod/github.com/!go!admin!group/go-admin@v1.2.23/modules/db/performer.go:20
github.com/GoAdminGroup/go-admin/modules/db.(*Postgresql).QueryWithConnection
	/home/phantom/public/go-path/pkg/mod/github.com/!go!admin!group/go-admin@v1.2.23/modules/db/postgresql.go:51
github.com/GoAdminGroup/go-admin/plugins/admin/modules/table.(*DefaultTable).GetDataWithId
	/home/phantom/public/go-path/pkg/mod/github.com/!go!admin!group/go-admin@v1.2.23/plugins/admin/modules/table/default.go:716
github.com/GoAdminGroup/go-admin/plugins/admin/controller.(*Handler).ShowDetail
	/home/phantom/public/go-path/pkg/mod/github.com/!go!admin!group/go-admin@v1.2.23/plugins/admin/controller/detail.go:136
github.com/GoAdminGroup/go-admin/context.(*Context).Next
	/home/phantom/public/go-path/pkg/mod/github.com/!go!admin!group/go-admin@v1.2.23/context/context.go:101
github.com/GoAdminGroup/go-admin/plugins/admin/modules/guard.(*Guard).CheckPrefix
	/home/phantom/public/go-path/pkg/mod/github.com/!go!admin!group/go-admin@v1.2.23/plugins/admin/modules/guard/guard.go:51
github.com/GoAdminGroup/go-admin/context.(*Context).Next
	/home/phantom/public/go-path/pkg/mod/github.com/!go!admin!group/go-admin@v1.2.23/context/context.go:101
github.com/GoAdminGroup/go-admin/modules/auth.(*Invoker).Middleware.func1
	/home/phantom/public/go-path/pkg/mod/github.com/!go!admin!group/go-admin@v1.2.23/modules/auth/middleware.go:132
github.com/GoAdminGroup/go-admin/context.(*Context).Next
	/home/phantom/public/go-path/pkg/mod/github.com/!go!admin!group/go-admin@v1.2.23/context/context.go:101
github.com/GoAdminGroup/go-admin/plugins/admin.(*Admin).globalErrorHandler
	/home/phantom/public/go-path/pkg/mod/github.com/!go!admin!group/go-admin@v1.2.23/plugins/admin/router.go:106
github.com/GoAdminGroup/go-admin/context.(*Context).Next
	/home/phantom/public/go-path/pkg/mod/github.com/!go!admin!group/go-admin@v1.2.23/context/context.go:101
github.com/GoAdminGroup/go-admin/adapter/gin.(*Gin).AddHandler.func1
	/home/phantom/public/go-path/pkg/mod/github.com/!go!admin!group/go-admin@v1.2.23/adapter/gin/gin.go:91
github.com/gin-gonic/gin.(*Context).Next
	/home/phantom/public/go-path/pkg/mod/github.com/gin-gonic/gin@v1.7.2/context.go:165
github.com/gin-gonic/gin.CustomRecoveryWithWriter.func1
	/home/phantom/public/go-path/pkg/mod/github.com/gin-gonic/gin@v1.7.2/recovery.go:99
github.com/gin-gonic/gin.(*Context).Next
	/home/phantom/public/go-path/pkg/mod/github.com/gin-gonic/gin@v1.7.2/context.go:165
github.com/gin-gonic/gin.LoggerWithConfig.func1
	/home/phantom/public/go-path/pkg/mod/github.com/gin-gonic/gin@v1.7.2/logger.go:241
github.com/gin-gonic/gin.(*Context).Next
	/home/phantom/public/go-path/pkg/mod/github.com/gin-gonic/gin@v1.7.2/context.go:165
github.com/gin-gonic/gin.(*Engine).handleHTTPRequest
	/home/phantom/public/go-path/pkg/mod/github.com/gin-gonic/gin@v1.7.2/gin.go:489
github.com/gin-gonic/gin.(*Engine).ServeHTTP
	/home/phantom/public/go-path/pkg/mod/github.com/gin-gonic/gin@v1.7.2/gin.go:445
net/http.serverHandler.ServeHTTP
	/usr/local/go/src/net/http/server.go:2887
net/http.(*conn).serve
	/usr/local/go/src/net/http/server.go:1952
2021-06-05T19:50:45.089+0800	[31mERROR[0m	types/info.go:736	unexpected end of JSON input
github.com/GoAdminGroup/go-admin/modules/logger.Error
	/home/phantom/public/go-path/pkg/mod/github.com/!go!admin!group/go-admin@v1.2.23/modules/logger/logger.go:285
github.com/GoAdminGroup/go-admin/template/types.Handler.Wrap.func1.1
	/home/phantom/public/go-path/pkg/mod/github.com/!go!admin!group/go-admin@v1.2.23/template/types/info.go:736
runtime.gopanic
	/usr/local/go/src/runtime/panic.go:965
github.com/GoAdminGroup/go-admin/context.(*Context).MustBindJSON
	/home/phantom/public/go-path/pkg/mod/github.com/!go!admin!group/go-admin@v1.2.23/context/context.go:167
cuckoo-admin/tables/pay.GetTransfersTable.func4
	/home/phantom/public/work/cuckoo-admin/tables/pay/transfers.go:61
github.com/GoAdminGroup/go-admin/template/types.Handler.Wrap.func1
	/home/phantom/public/go-path/pkg/mod/github.com/!go!admin!group/go-admin@v1.2.23/template/types/info.go:746
github.com/GoAdminGroup/go-admin/plugins/admin/controller.(*Handler).OperationHandler
	/home/phantom/public/go-path/pkg/mod/github.com/!go!admin!group/go-admin@v1.2.23/plugins/admin/controller/common.go:154
github.com/GoAdminGroup/go-admin/plugins/admin/controller.(*Handler).Operation
	/home/phantom/public/go-path/pkg/mod/github.com/!go!admin!group/go-admin@v1.2.23/plugins/admin/controller/operation.go:15
github.com/GoAdminGroup/go-admin/context.(*Context).Next
	/home/phantom/public/go-path/pkg/mod/github.com/!go!admin!group/go-admin@v1.2.23/context/context.go:101
github.com/GoAdminGroup/go-admin/modules/auth.(*Invoker).Middleware.func1
	/home/phantom/public/go-path/pkg/mod/github.com/!go!admin!group/go-admin@v1.2.23/modules/auth/middleware.go:132
github.com/GoAdminGroup/go-admin/context.(*Context).Next
	/home/phantom/public/go-path/pkg/mod/github.com/!go!admin!group/go-admin@v1.2.23/context/context.go:101
github.com/GoAdminGroup/go-admin/plugins/admin.(*Admin).globalErrorHandler
	/home/phantom/public/go-path/pkg/mod/github.com/!go!admin!group/go-admin@v1.2.23/plugins/admin/router.go:106
github.com/GoAdminGroup/go-admin/context.(*Context).Next
	/home/phantom/public/go-path/pkg/mod/github.com/!go!admin!group/go-admin@v1.2.23/context/context.go:101
github.com/GoAdminGroup/go-admin/adapter/gin.(*Gin).AddHandler.func1
	/home/phantom/public/go-path/pkg/mod/github.com/!go!admin!group/go-admin@v1.2.23/adapter/gin/gin.go:91
github.com/gin-gonic/gin.(*Context).Next
	/home/phantom/public/go-path/pkg/mod/github.com/gin-gonic/gin@v1.7.2/context.go:165
github.com/gin-gonic/gin.CustomRecoveryWithWriter.func1
	/home/phantom/public/go-path/pkg/mod/github.com/gin-gonic/gin@v1.7.2/recovery.go:99
github.com/gin-gonic/gin.(*Context).Next
	/home/phantom/public/go-path/pkg/mod/github.com/gin-gonic/gin@v1.7.2/context.go:165
github.com/gin-gonic/gin.LoggerWithConfig.func1
	/home/phantom/public/go-path/pkg/mod/github.com/gin-gonic/gin@v1.7.2/logger.go:241
github.com/gin-gonic/gin.(*Context).Next
	/home/phantom/public/go-path/pkg/mod/github.com/gin-gonic/gin@v1.7.2/context.go:165
github.com/gin-gonic/gin.(*Engine).handleHTTPRequest
	/home/phantom/public/go-path/pkg/mod/github.com/gin-gonic/gin@v1.7.2/gin.go:489
github.com/gin-gonic/gin.(*Engine).ServeHTTP
	/home/phantom/public/go-path/pkg/mod/github.com/gin-gonic/gin@v1.7.2/gin.go:445
net/http.serverHandler.ServeHTTP
	/usr/local/go/src/net/http/server.go:2887
net/http.(*conn).serve
	/usr/local/go/src/net/http/server.go:1952
2021-06-05T20:27:21.201+0800	[31mERROR[0m	types/info.go:736	interface conversion: interface {} is nil, not int64
github.com/GoAdminGroup/go-admin/template/types.Handler.Wrap.func1.1
	/home/phantom/public/go-path/pkg/mod/github.com/!go!admin!group/go-admin@v1.2.23/template/types/info.go:736
runtime.gopanic
	/usr/local/go/src/runtime/panic.go:965
runtime.panicdottypeE
	/usr/local/go/src/runtime/iface.go:261
cuckoo-admin/tables/pay.GetTransfersTable.func4
	/home/phantom/public/work/cuckoo-admin/tables/pay/transfers.go:80
github.com/GoAdminGroup/go-admin/template/types.Handler.Wrap.func1
	/home/phantom/public/go-path/pkg/mod/github.com/!go!admin!group/go-admin@v1.2.23/template/types/info.go:746
github.com/GoAdminGroup/go-admin/plugins/admin/controller.(*Handler).OperationHandler
	/home/phantom/public/go-path/pkg/mod/github.com/!go!admin!group/go-admin@v1.2.23/plugins/admin/controller/common.go:154
github.com/GoAdminGroup/go-admin/plugins/admin/controller.(*Handler).Operation
	/home/phantom/public/go-path/pkg/mod/github.com/!go!admin!group/go-admin@v1.2.23/plugins/admin/controller/operation.go:15
github.com/GoAdminGroup/go-admin/context.(*Context).Next
	/home/phantom/public/go-path/pkg/mod/github.com/!go!admin!group/go-admin@v1.2.23/context/context.go:101
github.com/GoAdminGroup/go-admin/modules/auth.(*Invoker).Middleware.func1
	/home/phantom/public/go-path/pkg/mod/github.com/!go!admin!group/go-admin@v1.2.23/modules/auth/middleware.go:132
github.com/GoAdminGroup/go-admin/context.(*Context).Next
	/home/phantom/public/go-path/pkg/mod/github.com/!go!admin!group/go-admin@v1.2.23/context/context.go:101
github.com/GoAdminGroup/go-admin/plugins/admin.(*Admin).globalErrorHandler
	/home/phantom/public/go-path/pkg/mod/github.com/!go!admin!group/go-admin@v1.2.23/plugins/admin/router.go:106
github.com/GoAdminGroup/go-admin/context.(*Context).Next
	/home/phantom/public/go-path/pkg/mod/github.com/!go!admin!group/go-admin@v1.2.23/context/context.go:101
github.com/GoAdminGroup/go-admin/adapter/gin.(*Gin).AddHandler.func1
	/home/phantom/public/go-path/pkg/mod/github.com/!go!admin!group/go-admin@v1.2.23/adapter/gin/gin.go:91
github.com/gin-gonic/gin.(*Context).Next
	/home/phantom/public/go-path/pkg/mod/github.com/gin-gonic/gin@v1.7.2/context.go:165
github.com/gin-gonic/gin.CustomRecoveryWithWriter.func1
	/home/phantom/public/go-path/pkg/mod/github.com/gin-gonic/gin@v1.7.2/recovery.go:99
github.com/gin-gonic/gin.(*Context).Next
	/home/phantom/public/go-path/pkg/mod/github.com/gin-gonic/gin@v1.7.2/context.go:165
github.com/gin-gonic/gin.LoggerWithConfig.func1
	/home/phantom/public/go-path/pkg/mod/github.com/gin-gonic/gin@v1.7.2/logger.go:241
github.com/gin-gonic/gin.(*Context).Next
	/home/phantom/public/go-path/pkg/mod/github.com/gin-gonic/gin@v1.7.2/context.go:165
github.com/gin-gonic/gin.(*Engine).handleHTTPRequest
	/home/phantom/public/go-path/pkg/mod/github.com/gin-gonic/gin@v1.7.2/gin.go:489
github.com/gin-gonic/gin.(*Engine).ServeHTTP
	/home/phantom/public/go-path/pkg/mod/github.com/gin-gonic/gin@v1.7.2/gin.go:445
net/http.serverHandler.ServeHTTP
	/usr/local/go/src/net/http/server.go:2887
net/http.(*conn).serve
	/usr/local/go/src/net/http/server.go:1952
2021-06-05T20:44:20.542+0800	[31mERROR[0m	controller/handler.go:31	pq: zero-length delimited identifier at or near """"
github.com/GoAdminGroup/go-admin/plugins/admin/controller.(*Handler).GlobalDeferHandler
	/home/phantom/public/go-path/pkg/mod/github.com/!go!admin!group/go-admin@v1.2.23/plugins/admin/controller/handler.go:31
runtime.gopanic
	/usr/local/go/src/runtime/panic.go:965
github.com/GoAdminGroup/go-admin/modules/db.CommonQuery
	/home/phantom/public/go-path/pkg/mod/github.com/!go!admin!group/go-admin@v1.2.23/modules/db/performer.go:20
github.com/GoAdminGroup/go-admin/modules/db.(*Postgresql).QueryWithConnection
	/home/phantom/public/go-path/pkg/mod/github.com/!go!admin!group/go-admin@v1.2.23/modules/db/postgresql.go:51
github.com/GoAdminGroup/go-admin/plugins/admin/modules/table.(*DefaultTable).GetDataWithId
	/home/phantom/public/go-path/pkg/mod/github.com/!go!admin!group/go-admin@v1.2.23/plugins/admin/modules/table/default.go:716
github.com/GoAdminGroup/go-admin/plugins/admin/controller.(*Handler).showForm
	/home/phantom/public/go-path/pkg/mod/github.com/!go!admin!group/go-admin@v1.2.23/plugins/admin/controller/edit.go:61
github.com/GoAdminGroup/go-admin/plugins/admin/controller.(*Handler).ShowForm
	/home/phantom/public/go-path/pkg/mod/github.com/!go!admin!group/go-admin@v1.2.23/plugins/admin/controller/edit.go:31
github.com/GoAdminGroup/go-admin/context.(*Context).Next
	/home/phantom/public/go-path/pkg/mod/github.com/!go!admin!group/go-admin@v1.2.23/context/context.go:101
github.com/GoAdminGroup/go-admin/plugins/admin/modules/guard.(*Guard).ShowForm
	/home/phantom/public/go-path/pkg/mod/github.com/!go!admin!group/go-admin@v1.2.23/plugins/admin/modules/guard/edit.go:72
github.com/GoAdminGroup/go-admin/context.(*Context).Next
	/home/phantom/public/go-path/pkg/mod/github.com/!go!admin!group/go-admin@v1.2.23/context/context.go:101
github.com/GoAdminGroup/go-admin/plugins/admin/modules/guard.(*Guard).CheckPrefix
	/home/phantom/public/go-path/pkg/mod/github.com/!go!admin!group/go-admin@v1.2.23/plugins/admin/modules/guard/guard.go:51
github.com/GoAdminGroup/go-admin/context.(*Context).Next
	/home/phantom/public/go-path/pkg/mod/github.com/!go!admin!group/go-admin@v1.2.23/context/context.go:101
github.com/GoAdminGroup/go-admin/modules/auth.(*Invoker).Middleware.func1
	/home/phantom/public/go-path/pkg/mod/github.com/!go!admin!group/go-admin@v1.2.23/modules/auth/middleware.go:132
github.com/GoAdminGroup/go-admin/context.(*Context).Next
	/home/phantom/public/go-path/pkg/mod/github.com/!go!admin!group/go-admin@v1.2.23/context/context.go:101
github.com/GoAdminGroup/go-admin/plugins/admin.(*Admin).globalErrorHandler
	/home/phantom/public/go-path/pkg/mod/github.com/!go!admin!group/go-admin@v1.2.23/plugins/admin/router.go:106
github.com/GoAdminGroup/go-admin/context.(*Context).Next
	/home/phantom/public/go-path/pkg/mod/github.com/!go!admin!group/go-admin@v1.2.23/context/context.go:101
github.com/GoAdminGroup/go-admin/adapter/gin.(*Gin).AddHandler.func1
	/home/phantom/public/go-path/pkg/mod/github.com/!go!admin!group/go-admin@v1.2.23/adapter/gin/gin.go:91
github.com/gin-gonic/gin.(*Context).Next
	/home/phantom/public/go-path/pkg/mod/github.com/gin-gonic/gin@v1.7.2/context.go:165
github.com/gin-gonic/gin.CustomRecoveryWithWriter.func1
	/home/phantom/public/go-path/pkg/mod/github.com/gin-gonic/gin@v1.7.2/recovery.go:99
github.com/gin-gonic/gin.(*Context).Next
	/home/phantom/public/go-path/pkg/mod/github.com/gin-gonic/gin@v1.7.2/context.go:165
github.com/gin-gonic/gin.LoggerWithConfig.func1
	/home/phantom/public/go-path/pkg/mod/github.com/gin-gonic/gin@v1.7.2/logger.go:241
github.com/gin-gonic/gin.(*Context).Next
	/home/phantom/public/go-path/pkg/mod/github.com/gin-gonic/gin@v1.7.2/context.go:165
github.com/gin-gonic/gin.(*Engine).handleHTTPRequest
	/home/phantom/public/go-path/pkg/mod/github.com/gin-gonic/gin@v1.7.2/gin.go:489
github.com/gin-gonic/gin.(*Engine).ServeHTTP
	/home/phantom/public/go-path/pkg/mod/github.com/gin-gonic/gin@v1.7.2/gin.go:445
net/http.serverHandler.ServeHTTP
	/usr/local/go/src/net/http/server.go:2887
net/http.(*conn).serve
	/usr/local/go/src/net/http/server.go:1952
2021-06-05T20:44:20.565+0800	[31mERROR[0m	controller/handler.go:31	pq: zero-length delimited identifier at or near """"
github.com/GoAdminGroup/go-admin/plugins/admin/controller.(*Handler).GlobalDeferHandler
	/home/phantom/public/go-path/pkg/mod/github.com/!go!admin!group/go-admin@v1.2.23/plugins/admin/controller/handler.go:31
runtime.gopanic
	/usr/local/go/src/runtime/panic.go:965
github.com/GoAdminGroup/go-admin/modules/db.CommonQuery
	/home/phantom/public/go-path/pkg/mod/github.com/!go!admin!group/go-admin@v1.2.23/modules/db/performer.go:20
github.com/GoAdminGroup/go-admin/modules/db.(*Postgresql).QueryWithConnection
	/home/phantom/public/go-path/pkg/mod/github.com/!go!admin!group/go-admin@v1.2.23/modules/db/postgresql.go:51
github.com/GoAdminGroup/go-admin/plugins/admin/modules/table.(*DefaultTable).GetDataWithId
	/home/phantom/public/go-path/pkg/mod/github.com/!go!admin!group/go-admin@v1.2.23/plugins/admin/modules/table/default.go:716
github.com/GoAdminGroup/go-admin/plugins/admin/controller.(*Handler).showForm
	/home/phantom/public/go-path/pkg/mod/github.com/!go!admin!group/go-admin@v1.2.23/plugins/admin/controller/edit.go:61
github.com/GoAdminGroup/go-admin/plugins/admin/controller.(*Handler).ShowForm
	/home/phantom/public/go-path/pkg/mod/github.com/!go!admin!group/go-admin@v1.2.23/plugins/admin/controller/edit.go:31
github.com/GoAdminGroup/go-admin/context.(*Context).Next
	/home/phantom/public/go-path/pkg/mod/github.com/!go!admin!group/go-admin@v1.2.23/context/context.go:101
github.com/GoAdminGroup/go-admin/plugins/admin/modules/guard.(*Guard).ShowForm
	/home/phantom/public/go-path/pkg/mod/github.com/!go!admin!group/go-admin@v1.2.23/plugins/admin/modules/guard/edit.go:72
github.com/GoAdminGroup/go-admin/context.(*Context).Next
	/home/phantom/public/go-path/pkg/mod/github.com/!go!admin!group/go-admin@v1.2.23/context/context.go:101
github.com/GoAdminGroup/go-admin/plugins/admin/modules/guard.(*Guard).CheckPrefix
	/home/phantom/public/go-path/pkg/mod/github.com/!go!admin!group/go-admin@v1.2.23/plugins/admin/modules/guard/guard.go:51
github.com/GoAdminGroup/go-admin/context.(*Context).Next
	/home/phantom/public/go-path/pkg/mod/github.com/!go!admin!group/go-admin@v1.2.23/context/context.go:101
github.com/GoAdminGroup/go-admin/modules/auth.(*Invoker).Middleware.func1
	/home/phantom/public/go-path/pkg/mod/github.com/!go!admin!group/go-admin@v1.2.23/modules/auth/middleware.go:132
github.com/GoAdminGroup/go-admin/context.(*Context).Next
	/home/phantom/public/go-path/pkg/mod/github.com/!go!admin!group/go-admin@v1.2.23/context/context.go:101
github.com/GoAdminGroup/go-admin/plugins/admin.(*Admin).globalErrorHandler
	/home/phantom/public/go-path/pkg/mod/github.com/!go!admin!group/go-admin@v1.2.23/plugins/admin/router.go:106
github.com/GoAdminGroup/go-admin/context.(*Context).Next
	/home/phantom/public/go-path/pkg/mod/github.com/!go!admin!group/go-admin@v1.2.23/context/context.go:101
github.com/GoAdminGroup/go-admin/adapter/gin.(*Gin).AddHandler.func1
	/home/phantom/public/go-path/pkg/mod/github.com/!go!admin!group/go-admin@v1.2.23/adapter/gin/gin.go:91
github.com/gin-gonic/gin.(*Context).Next
	/home/phantom/public/go-path/pkg/mod/github.com/gin-gonic/gin@v1.7.2/context.go:165
github.com/gin-gonic/gin.CustomRecoveryWithWriter.func1
	/home/phantom/public/go-path/pkg/mod/github.com/gin-gonic/gin@v1.7.2/recovery.go:99
github.com/gin-gonic/gin.(*Context).Next
	/home/phantom/public/go-path/pkg/mod/github.com/gin-gonic/gin@v1.7.2/context.go:165
github.com/gin-gonic/gin.LoggerWithConfig.func1
	/home/phantom/public/go-path/pkg/mod/github.com/gin-gonic/gin@v1.7.2/logger.go:241
github.com/gin-gonic/gin.(*Context).Next
	/home/phantom/public/go-path/pkg/mod/github.com/gin-gonic/gin@v1.7.2/context.go:165
github.com/gin-gonic/gin.(*Engine).handleHTTPRequest
	/home/phantom/public/go-path/pkg/mod/github.com/gin-gonic/gin@v1.7.2/gin.go:489
github.com/gin-gonic/gin.(*Engine).ServeHTTP
	/home/phantom/public/go-path/pkg/mod/github.com/gin-gonic/gin@v1.7.2/gin.go:445
net/http.serverHandler.ServeHTTP
	/usr/local/go/src/net/http/server.go:2887
net/http.(*conn).serve
	/usr/local/go/src/net/http/server.go:1952
2021-06-05T20:48:25.786+0800	[31mERROR[0m	controller/handler.go:31	pq: zero-length delimited identifier at or near """"
github.com/GoAdminGroup/go-admin/plugins/admin/controller.(*Handler).GlobalDeferHandler
	/home/phantom/public/go-path/pkg/mod/github.com/!go!admin!group/go-admin@v1.2.23/plugins/admin/controller/handler.go:31
runtime.gopanic
	/usr/local/go/src/runtime/panic.go:965
github.com/GoAdminGroup/go-admin/modules/db.CommonQuery
	/home/phantom/public/go-path/pkg/mod/github.com/!go!admin!group/go-admin@v1.2.23/modules/db/performer.go:20
github.com/GoAdminGroup/go-admin/modules/db.(*Postgresql).QueryWithConnection
	/home/phantom/public/go-path/pkg/mod/github.com/!go!admin!group/go-admin@v1.2.23/modules/db/postgresql.go:51
github.com/GoAdminGroup/go-admin/plugins/admin/modules/table.(*DefaultTable).GetDataWithId
	/home/phantom/public/go-path/pkg/mod/github.com/!go!admin!group/go-admin@v1.2.23/plugins/admin/modules/table/default.go:716
github.com/GoAdminGroup/go-admin/plugins/admin/controller.(*Handler).showForm
	/home/phantom/public/go-path/pkg/mod/github.com/!go!admin!group/go-admin@v1.2.23/plugins/admin/controller/edit.go:61
github.com/GoAdminGroup/go-admin/plugins/admin/controller.(*Handler).ShowForm
	/home/phantom/public/go-path/pkg/mod/github.com/!go!admin!group/go-admin@v1.2.23/plugins/admin/controller/edit.go:31
github.com/GoAdminGroup/go-admin/context.(*Context).Next
	/home/phantom/public/go-path/pkg/mod/github.com/!go!admin!group/go-admin@v1.2.23/context/context.go:101
github.com/GoAdminGroup/go-admin/plugins/admin/modules/guard.(*Guard).ShowForm
	/home/phantom/public/go-path/pkg/mod/github.com/!go!admin!group/go-admin@v1.2.23/plugins/admin/modules/guard/edit.go:72
github.com/GoAdminGroup/go-admin/context.(*Context).Next
	/home/phantom/public/go-path/pkg/mod/github.com/!go!admin!group/go-admin@v1.2.23/context/context.go:101
github.com/GoAdminGroup/go-admin/plugins/admin/modules/guard.(*Guard).CheckPrefix
	/home/phantom/public/go-path/pkg/mod/github.com/!go!admin!group/go-admin@v1.2.23/plugins/admin/modules/guard/guard.go:51
github.com/GoAdminGroup/go-admin/context.(*Context).Next
	/home/phantom/public/go-path/pkg/mod/github.com/!go!admin!group/go-admin@v1.2.23/context/context.go:101
github.com/GoAdminGroup/go-admin/modules/auth.(*Invoker).Middleware.func1
	/home/phantom/public/go-path/pkg/mod/github.com/!go!admin!group/go-admin@v1.2.23/modules/auth/middleware.go:132
github.com/GoAdminGroup/go-admin/context.(*Context).Next
	/home/phantom/public/go-path/pkg/mod/github.com/!go!admin!group/go-admin@v1.2.23/context/context.go:101
github.com/GoAdminGroup/go-admin/plugins/admin.(*Admin).globalErrorHandler
	/home/phantom/public/go-path/pkg/mod/github.com/!go!admin!group/go-admin@v1.2.23/plugins/admin/router.go:106
github.com/GoAdminGroup/go-admin/context.(*Context).Next
	/home/phantom/public/go-path/pkg/mod/github.com/!go!admin!group/go-admin@v1.2.23/context/context.go:101
github.com/GoAdminGroup/go-admin/adapter/gin.(*Gin).AddHandler.func1
	/home/phantom/public/go-path/pkg/mod/github.com/!go!admin!group/go-admin@v1.2.23/adapter/gin/gin.go:91
github.com/gin-gonic/gin.(*Context).Next
	/home/phantom/public/go-path/pkg/mod/github.com/gin-gonic/gin@v1.7.2/context.go:165
github.com/gin-gonic/gin.CustomRecoveryWithWriter.func1
	/home/phantom/public/go-path/pkg/mod/github.com/gin-gonic/gin@v1.7.2/recovery.go:99
github.com/gin-gonic/gin.(*Context).Next
	/home/phantom/public/go-path/pkg/mod/github.com/gin-gonic/gin@v1.7.2/context.go:165
github.com/gin-gonic/gin.LoggerWithConfig.func1
	/home/phantom/public/go-path/pkg/mod/github.com/gin-gonic/gin@v1.7.2/logger.go:241
github.com/gin-gonic/gin.(*Context).Next
	/home/phantom/public/go-path/pkg/mod/github.com/gin-gonic/gin@v1.7.2/context.go:165
github.com/gin-gonic/gin.(*Engine).handleHTTPRequest
	/home/phantom/public/go-path/pkg/mod/github.com/gin-gonic/gin@v1.7.2/gin.go:489
github.com/gin-gonic/gin.(*Engine).ServeHTTP
	/home/phantom/public/go-path/pkg/mod/github.com/gin-gonic/gin@v1.7.2/gin.go:445
net/http.serverHandler.ServeHTTP
	/usr/local/go/src/net/http/server.go:2887
net/http.(*conn).serve
	/usr/local/go/src/net/http/server.go:1952
2021-06-05T20:48:25.807+0800	[31mERROR[0m	controller/handler.go:31	pq: zero-length delimited identifier at or near """"
github.com/GoAdminGroup/go-admin/plugins/admin/controller.(*Handler).GlobalDeferHandler
	/home/phantom/public/go-path/pkg/mod/github.com/!go!admin!group/go-admin@v1.2.23/plugins/admin/controller/handler.go:31
runtime.gopanic
	/usr/local/go/src/runtime/panic.go:965
github.com/GoAdminGroup/go-admin/modules/db.CommonQuery
	/home/phantom/public/go-path/pkg/mod/github.com/!go!admin!group/go-admin@v1.2.23/modules/db/performer.go:20
github.com/GoAdminGroup/go-admin/modules/db.(*Postgresql).QueryWithConnection
	/home/phantom/public/go-path/pkg/mod/github.com/!go!admin!group/go-admin@v1.2.23/modules/db/postgresql.go:51
github.com/GoAdminGroup/go-admin/plugins/admin/modules/table.(*DefaultTable).GetDataWithId
	/home/phantom/public/go-path/pkg/mod/github.com/!go!admin!group/go-admin@v1.2.23/plugins/admin/modules/table/default.go:716
github.com/GoAdminGroup/go-admin/plugins/admin/controller.(*Handler).showForm
	/home/phantom/public/go-path/pkg/mod/github.com/!go!admin!group/go-admin@v1.2.23/plugins/admin/controller/edit.go:61
github.com/GoAdminGroup/go-admin/plugins/admin/controller.(*Handler).ShowForm
	/home/phantom/public/go-path/pkg/mod/github.com/!go!admin!group/go-admin@v1.2.23/plugins/admin/controller/edit.go:31
github.com/GoAdminGroup/go-admin/context.(*Context).Next
	/home/phantom/public/go-path/pkg/mod/github.com/!go!admin!group/go-admin@v1.2.23/context/context.go:101
github.com/GoAdminGroup/go-admin/plugins/admin/modules/guard.(*Guard).ShowForm
	/home/phantom/public/go-path/pkg/mod/github.com/!go!admin!group/go-admin@v1.2.23/plugins/admin/modules/guard/edit.go:72
github.com/GoAdminGroup/go-admin/context.(*Context).Next
	/home/phantom/public/go-path/pkg/mod/github.com/!go!admin!group/go-admin@v1.2.23/context/context.go:101
github.com/GoAdminGroup/go-admin/plugins/admin/modules/guard.(*Guard).CheckPrefix
	/home/phantom/public/go-path/pkg/mod/github.com/!go!admin!group/go-admin@v1.2.23/plugins/admin/modules/guard/guard.go:51
github.com/GoAdminGroup/go-admin/context.(*Context).Next
	/home/phantom/public/go-path/pkg/mod/github.com/!go!admin!group/go-admin@v1.2.23/context/context.go:101
github.com/GoAdminGroup/go-admin/modules/auth.(*Invoker).Middleware.func1
	/home/phantom/public/go-path/pkg/mod/github.com/!go!admin!group/go-admin@v1.2.23/modules/auth/middleware.go:132
github.com/GoAdminGroup/go-admin/context.(*Context).Next
	/home/phantom/public/go-path/pkg/mod/github.com/!go!admin!group/go-admin@v1.2.23/context/context.go:101
github.com/GoAdminGroup/go-admin/plugins/admin.(*Admin).globalErrorHandler
	/home/phantom/public/go-path/pkg/mod/github.com/!go!admin!group/go-admin@v1.2.23/plugins/admin/router.go:106
github.com/GoAdminGroup/go-admin/context.(*Context).Next
	/home/phantom/public/go-path/pkg/mod/github.com/!go!admin!group/go-admin@v1.2.23/context/context.go:101
github.com/GoAdminGroup/go-admin/adapter/gin.(*Gin).AddHandler.func1
	/home/phantom/public/go-path/pkg/mod/github.com/!go!admin!group/go-admin@v1.2.23/adapter/gin/gin.go:91
github.com/gin-gonic/gin.(*Context).Next
	/home/phantom/public/go-path/pkg/mod/github.com/gin-gonic/gin@v1.7.2/context.go:165
github.com/gin-gonic/gin.CustomRecoveryWithWriter.func1
	/home/phantom/public/go-path/pkg/mod/github.com/gin-gonic/gin@v1.7.2/recovery.go:99
github.com/gin-gonic/gin.(*Context).Next
	/home/phantom/public/go-path/pkg/mod/github.com/gin-gonic/gin@v1.7.2/context.go:165
github.com/gin-gonic/gin.LoggerWithConfig.func1
	/home/phantom/public/go-path/pkg/mod/github.com/gin-gonic/gin@v1.7.2/logger.go:241
github.com/gin-gonic/gin.(*Context).Next
	/home/phantom/public/go-path/pkg/mod/github.com/gin-gonic/gin@v1.7.2/context.go:165
github.com/gin-gonic/gin.(*Engine).handleHTTPRequest
	/home/phantom/public/go-path/pkg/mod/github.com/gin-gonic/gin@v1.7.2/gin.go:489
github.com/gin-gonic/gin.(*Engine).ServeHTTP
	/home/phantom/public/go-path/pkg/mod/github.com/gin-gonic/gin@v1.7.2/gin.go:445
net/http.serverHandler.ServeHTTP
	/usr/local/go/src/net/http/server.go:2887
net/http.(*conn).serve
	/usr/local/go/src/net/http/server.go:1952
2021-06-05T20:49:58.304+0800	[31mERROR[0m	controller/handler.go:31	pq: zero-length delimited identifier at or near """"
github.com/GoAdminGroup/go-admin/plugins/admin/controller.(*Handler).GlobalDeferHandler
	/home/phantom/public/go-path/pkg/mod/github.com/!go!admin!group/go-admin@v1.2.23/plugins/admin/controller/handler.go:31
runtime.gopanic
	/usr/local/go/src/runtime/panic.go:965
github.com/GoAdminGroup/go-admin/modules/db.CommonQuery
	/home/phantom/public/go-path/pkg/mod/github.com/!go!admin!group/go-admin@v1.2.23/modules/db/performer.go:20
github.com/GoAdminGroup/go-admin/modules/db.(*Postgresql).QueryWithConnection
	/home/phantom/public/go-path/pkg/mod/github.com/!go!admin!group/go-admin@v1.2.23/modules/db/postgresql.go:51
github.com/GoAdminGroup/go-admin/plugins/admin/modules/table.(*DefaultTable).GetDataWithId
	/home/phantom/public/go-path/pkg/mod/github.com/!go!admin!group/go-admin@v1.2.23/plugins/admin/modules/table/default.go:716
github.com/GoAdminGroup/go-admin/plugins/admin/controller.(*Handler).showForm
	/home/phantom/public/go-path/pkg/mod/github.com/!go!admin!group/go-admin@v1.2.23/plugins/admin/controller/edit.go:61
github.com/GoAdminGroup/go-admin/plugins/admin/controller.(*Handler).ShowForm
	/home/phantom/public/go-path/pkg/mod/github.com/!go!admin!group/go-admin@v1.2.23/plugins/admin/controller/edit.go:31
github.com/GoAdminGroup/go-admin/context.(*Context).Next
	/home/phantom/public/go-path/pkg/mod/github.com/!go!admin!group/go-admin@v1.2.23/context/context.go:101
github.com/GoAdminGroup/go-admin/plugins/admin/modules/guard.(*Guard).ShowForm
	/home/phantom/public/go-path/pkg/mod/github.com/!go!admin!group/go-admin@v1.2.23/plugins/admin/modules/guard/edit.go:72
github.com/GoAdminGroup/go-admin/context.(*Context).Next
	/home/phantom/public/go-path/pkg/mod/github.com/!go!admin!group/go-admin@v1.2.23/context/context.go:101
github.com/GoAdminGroup/go-admin/plugins/admin/modules/guard.(*Guard).CheckPrefix
	/home/phantom/public/go-path/pkg/mod/github.com/!go!admin!group/go-admin@v1.2.23/plugins/admin/modules/guard/guard.go:51
github.com/GoAdminGroup/go-admin/context.(*Context).Next
	/home/phantom/public/go-path/pkg/mod/github.com/!go!admin!group/go-admin@v1.2.23/context/context.go:101
github.com/GoAdminGroup/go-admin/modules/auth.(*Invoker).Middleware.func1
	/home/phantom/public/go-path/pkg/mod/github.com/!go!admin!group/go-admin@v1.2.23/modules/auth/middleware.go:132
github.com/GoAdminGroup/go-admin/context.(*Context).Next
	/home/phantom/public/go-path/pkg/mod/github.com/!go!admin!group/go-admin@v1.2.23/context/context.go:101
github.com/GoAdminGroup/go-admin/plugins/admin.(*Admin).globalErrorHandler
	/home/phantom/public/go-path/pkg/mod/github.com/!go!admin!group/go-admin@v1.2.23/plugins/admin/router.go:106
github.com/GoAdminGroup/go-admin/context.(*Context).Next
	/home/phantom/public/go-path/pkg/mod/github.com/!go!admin!group/go-admin@v1.2.23/context/context.go:101
github.com/GoAdminGroup/go-admin/adapter/gin.(*Gin).AddHandler.func1
	/home/phantom/public/go-path/pkg/mod/github.com/!go!admin!group/go-admin@v1.2.23/adapter/gin/gin.go:91
github.com/gin-gonic/gin.(*Context).Next
	/home/phantom/public/go-path/pkg/mod/github.com/gin-gonic/gin@v1.7.2/context.go:165
github.com/gin-gonic/gin.CustomRecoveryWithWriter.func1
	/home/phantom/public/go-path/pkg/mod/github.com/gin-gonic/gin@v1.7.2/recovery.go:99
github.com/gin-gonic/gin.(*Context).Next
	/home/phantom/public/go-path/pkg/mod/github.com/gin-gonic/gin@v1.7.2/context.go:165
github.com/gin-gonic/gin.LoggerWithConfig.func1
	/home/phantom/public/go-path/pkg/mod/github.com/gin-gonic/gin@v1.7.2/logger.go:241
github.com/gin-gonic/gin.(*Context).Next
	/home/phantom/public/go-path/pkg/mod/github.com/gin-gonic/gin@v1.7.2/context.go:165
github.com/gin-gonic/gin.(*Engine).handleHTTPRequest
	/home/phantom/public/go-path/pkg/mod/github.com/gin-gonic/gin@v1.7.2/gin.go:489
github.com/gin-gonic/gin.(*Engine).ServeHTTP
	/home/phantom/public/go-path/pkg/mod/github.com/gin-gonic/gin@v1.7.2/gin.go:445
net/http.serverHandler.ServeHTTP
	/usr/local/go/src/net/http/server.go:2887
net/http.(*conn).serve
	/usr/local/go/src/net/http/server.go:1952
2021-06-05T20:49:58.328+0800	[31mERROR[0m	controller/handler.go:31	pq: zero-length delimited identifier at or near """"
github.com/GoAdminGroup/go-admin/plugins/admin/controller.(*Handler).GlobalDeferHandler
	/home/phantom/public/go-path/pkg/mod/github.com/!go!admin!group/go-admin@v1.2.23/plugins/admin/controller/handler.go:31
runtime.gopanic
	/usr/local/go/src/runtime/panic.go:965
github.com/GoAdminGroup/go-admin/modules/db.CommonQuery
	/home/phantom/public/go-path/pkg/mod/github.com/!go!admin!group/go-admin@v1.2.23/modules/db/performer.go:20
github.com/GoAdminGroup/go-admin/modules/db.(*Postgresql).QueryWithConnection
	/home/phantom/public/go-path/pkg/mod/github.com/!go!admin!group/go-admin@v1.2.23/modules/db/postgresql.go:51
github.com/GoAdminGroup/go-admin/plugins/admin/modules/table.(*DefaultTable).GetDataWithId
	/home/phantom/public/go-path/pkg/mod/github.com/!go!admin!group/go-admin@v1.2.23/plugins/admin/modules/table/default.go:716
github.com/GoAdminGroup/go-admin/plugins/admin/controller.(*Handler).showForm
	/home/phantom/public/go-path/pkg/mod/github.com/!go!admin!group/go-admin@v1.2.23/plugins/admin/controller/edit.go:61
github.com/GoAdminGroup/go-admin/plugins/admin/controller.(*Handler).ShowForm
	/home/phantom/public/go-path/pkg/mod/github.com/!go!admin!group/go-admin@v1.2.23/plugins/admin/controller/edit.go:31
github.com/GoAdminGroup/go-admin/context.(*Context).Next
	/home/phantom/public/go-path/pkg/mod/github.com/!go!admin!group/go-admin@v1.2.23/context/context.go:101
github.com/GoAdminGroup/go-admin/plugins/admin/modules/guard.(*Guard).ShowForm
	/home/phantom/public/go-path/pkg/mod/github.com/!go!admin!group/go-admin@v1.2.23/plugins/admin/modules/guard/edit.go:72
github.com/GoAdminGroup/go-admin/context.(*Context).Next
	/home/phantom/public/go-path/pkg/mod/github.com/!go!admin!group/go-admin@v1.2.23/context/context.go:101
github.com/GoAdminGroup/go-admin/plugins/admin/modules/guard.(*Guard).CheckPrefix
	/home/phantom/public/go-path/pkg/mod/github.com/!go!admin!group/go-admin@v1.2.23/plugins/admin/modules/guard/guard.go:51
github.com/GoAdminGroup/go-admin/context.(*Context).Next
	/home/phantom/public/go-path/pkg/mod/github.com/!go!admin!group/go-admin@v1.2.23/context/context.go:101
github.com/GoAdminGroup/go-admin/modules/auth.(*Invoker).Middleware.func1
	/home/phantom/public/go-path/pkg/mod/github.com/!go!admin!group/go-admin@v1.2.23/modules/auth/middleware.go:132
github.com/GoAdminGroup/go-admin/context.(*Context).Next
	/home/phantom/public/go-path/pkg/mod/github.com/!go!admin!group/go-admin@v1.2.23/context/context.go:101
github.com/GoAdminGroup/go-admin/plugins/admin.(*Admin).globalErrorHandler
	/home/phantom/public/go-path/pkg/mod/github.com/!go!admin!group/go-admin@v1.2.23/plugins/admin/router.go:106
github.com/GoAdminGroup/go-admin/context.(*Context).Next
	/home/phantom/public/go-path/pkg/mod/github.com/!go!admin!group/go-admin@v1.2.23/context/context.go:101
github.com/GoAdminGroup/go-admin/adapter/gin.(*Gin).AddHandler.func1
	/home/phantom/public/go-path/pkg/mod/github.com/!go!admin!group/go-admin@v1.2.23/adapter/gin/gin.go:91
github.com/gin-gonic/gin.(*Context).Next
	/home/phantom/public/go-path/pkg/mod/github.com/gin-gonic/gin@v1.7.2/context.go:165
github.com/gin-gonic/gin.CustomRecoveryWithWriter.func1
	/home/phantom/public/go-path/pkg/mod/github.com/gin-gonic/gin@v1.7.2/recovery.go:99
github.com/gin-gonic/gin.(*Context).Next
	/home/phantom/public/go-path/pkg/mod/github.com/gin-gonic/gin@v1.7.2/context.go:165
github.com/gin-gonic/gin.LoggerWithConfig.func1
	/home/phantom/public/go-path/pkg/mod/github.com/gin-gonic/gin@v1.7.2/logger.go:241
github.com/gin-gonic/gin.(*Context).Next
	/home/phantom/public/go-path/pkg/mod/github.com/gin-gonic/gin@v1.7.2/context.go:165
github.com/gin-gonic/gin.(*Engine).handleHTTPRequest
	/home/phantom/public/go-path/pkg/mod/github.com/gin-gonic/gin@v1.7.2/gin.go:489
github.com/gin-gonic/gin.(*Engine).ServeHTTP
	/home/phantom/public/go-path/pkg/mod/github.com/gin-gonic/gin@v1.7.2/gin.go:445
net/http.serverHandler.ServeHTTP
	/usr/local/go/src/net/http/server.go:2887
net/http.(*conn).serve
	/usr/local/go/src/net/http/server.go:1952
