2021-06-05T15:52:38.055+0800	[34mINFO[0m	engine/engine.go:402	=====> 初始化数据库连接
2021-06-05T15:56:32.046+0800	[34mINFO[0m	engine/engine.go:402	=====> 初始化数据库连接
2021-06-05T15:56:32.049+0800	[34mINFO[0m	engine/engine.go:402	=====> 初始化配置
2021-06-05T15:56:32.094+0800	[34mINFO[0m	engine/engine.go:402	=====> 初始化导航栏按钮
2021-06-05T15:56:32.095+0800	[34mINFO[0m	engine/engine.go:402	=====> 初始化插件
2021-06-05T15:56:32.095+0800	[34mINFO[0m	engine/engine.go:402	=====> 初始化成功🍺🍺
2021-06-05T16:03:21.756+0800	[34mINFO[0m	engine/engine.go:402	=====> 初始化数据库连接
2021-06-05T16:03:21.759+0800	[34mINFO[0m	engine/engine.go:402	=====> 初始化配置
2021-06-05T16:03:21.761+0800	[34mINFO[0m	engine/engine.go:402	=====> 初始化导航栏按钮
2021-06-05T16:03:21.762+0800	[34mINFO[0m	engine/engine.go:402	=====> 初始化插件
2021-06-05T16:03:21.762+0800	[34mINFO[0m	engine/engine.go:402	=====> 初始化成功🍺🍺
2021-06-05T16:05:11.041+0800	[34mINFO[0m	engine/engine.go:402	=====> 初始化数据库连接
2021-06-05T16:05:11.043+0800	[34mINFO[0m	engine/engine.go:402	=====> 初始化配置
2021-06-05T16:05:11.045+0800	[34mINFO[0m	engine/engine.go:402	=====> 初始化导航栏按钮
2021-06-05T16:05:11.046+0800	[34mINFO[0m	engine/engine.go:402	=====> 初始化插件
2021-06-05T16:05:11.046+0800	[34mINFO[0m	engine/engine.go:402	=====> 初始化成功🍺🍺
2021-06-05T16:06:06.730+0800	[34mINFO[0m	engine/engine.go:402	=====> 初始化数据库连接
2021-06-05T16:06:06.733+0800	[34mINFO[0m	engine/engine.go:402	=====> 初始化配置
2021-06-05T16:06:06.735+0800	[34mINFO[0m	engine/engine.go:402	=====> 初始化导航栏按钮
2021-06-05T16:06:06.735+0800	[34mINFO[0m	engine/engine.go:402	=====> 初始化插件
2021-06-05T16:06:06.735+0800	[34mINFO[0m	engine/engine.go:402	=====> 初始化成功🍺🍺
2021-06-05T16:49:03.703+0800	[34mINFO[0m	engine/engine.go:402	=====> 初始化数据库连接
2021-06-05T16:49:03.706+0800	[34mINFO[0m	engine/engine.go:402	=====> 初始化配置
2021-06-05T16:49:03.708+0800	[34mINFO[0m	engine/engine.go:402	=====> 初始化导航栏按钮
2021-06-05T16:49:03.708+0800	[34mINFO[0m	engine/engine.go:402	=====> 初始化插件
2021-06-05T16:49:03.709+0800	[34mINFO[0m	engine/engine.go:402	=====> 初始化成功🍺🍺
2021-06-05T16:50:24.074+0800	[34mINFO[0m	engine/engine.go:402	=====> 初始化数据库连接
2021-06-05T16:50:24.077+0800	[34mINFO[0m	engine/engine.go:402	=====> 初始化配置
2021-06-05T16:50:24.079+0800	[34mINFO[0m	engine/engine.go:402	=====> 初始化导航栏按钮
2021-06-05T16:50:24.079+0800	[34mINFO[0m	engine/engine.go:402	=====> 初始化插件
2021-06-05T16:50:24.080+0800	[34mINFO[0m	engine/engine.go:402	=====> 初始化成功🍺🍺
2021-06-05T16:53:32.823+0800	[34mINFO[0m	engine/engine.go:402	=====> 初始化数据库连接
2021-06-05T16:53:32.826+0800	[34mINFO[0m	engine/engine.go:402	=====> 初始化配置
2021-06-05T16:53:32.829+0800	[34mINFO[0m	engine/engine.go:402	=====> 初始化导航栏按钮
2021-06-05T16:53:32.829+0800	[34mINFO[0m	engine/engine.go:402	=====> 初始化插件
2021-06-05T16:53:32.829+0800	[34mINFO[0m	engine/engine.go:402	=====> 初始化成功🍺🍺
2021-06-05T16:58:11.826+0800	[34mINFO[0m	engine/engine.go:402	=====> 初始化数据库连接
2021-06-05T16:58:11.830+0800	[34mINFO[0m	engine/engine.go:402	=====> 初始化配置
2021-06-05T16:58:11.832+0800	[34mINFO[0m	engine/engine.go:402	=====> 初始化导航栏按钮
2021-06-05T16:58:11.833+0800	[34mINFO[0m	engine/engine.go:402	=====> 初始化插件
2021-06-05T16:58:11.833+0800	[34mINFO[0m	engine/engine.go:402	=====> 初始化成功🍺🍺
2021-06-05T17:04:31.231+0800	[34mINFO[0m	engine/engine.go:402	=====> 初始化数据库连接
2021-06-05T17:04:31.234+0800	[34mINFO[0m	engine/engine.go:402	=====> 初始化配置
2021-06-05T17:04:31.236+0800	[34mINFO[0m	engine/engine.go:402	=====> 初始化导航栏按钮
2021-06-05T17:04:31.236+0800	[34mINFO[0m	engine/engine.go:402	=====> 初始化插件
2021-06-05T17:04:31.237+0800	[34mINFO[0m	engine/engine.go:402	=====> 初始化成功🍺🍺
2021-06-05T17:19:52.213+0800	[34mINFO[0m	engine/engine.go:402	=====> 初始化数据库连接
2021-06-05T17:19:52.216+0800	[34mINFO[0m	engine/engine.go:402	=====> 初始化配置
2021-06-05T17:19:52.218+0800	[34mINFO[0m	engine/engine.go:402	=====> 初始化导航栏按钮
2021-06-05T17:19:52.218+0800	[34mINFO[0m	engine/engine.go:402	=====> 初始化插件
2021-06-05T17:19:52.218+0800	[34mINFO[0m	engine/engine.go:402	=====> 初始化成功🍺🍺
2021-06-05T17:20:58.412+0800	[34mINFO[0m	engine/engine.go:402	=====> 初始化数据库连接
2021-06-05T17:20:58.415+0800	[34mINFO[0m	engine/engine.go:402	=====> 初始化配置
2021-06-05T17:20:58.417+0800	[34mINFO[0m	engine/engine.go:402	=====> 初始化导航栏按钮
2021-06-05T17:20:58.417+0800	[34mINFO[0m	engine/engine.go:402	=====> 初始化插件
2021-06-05T17:20:58.417+0800	[34mINFO[0m	engine/engine.go:402	=====> 初始化成功🍺🍺
2021-06-05T17:21:26.814+0800	[34mINFO[0m	engine/engine.go:402	=====> 初始化数据库连接
2021-06-05T17:21:26.816+0800	[34mINFO[0m	engine/engine.go:402	=====> 初始化配置
2021-06-05T17:21:26.818+0800	[34mINFO[0m	engine/engine.go:402	=====> 初始化导航栏按钮
2021-06-05T17:21:26.818+0800	[34mINFO[0m	engine/engine.go:402	=====> 初始化插件
2021-06-05T17:21:26.818+0800	[34mINFO[0m	engine/engine.go:402	=====> 初始化成功🍺🍺
2021-06-05T17:21:42.808+0800	[34mINFO[0m	engine/engine.go:402	=====> 初始化数据库连接
2021-06-05T17:21:42.811+0800	[34mINFO[0m	engine/engine.go:402	=====> 初始化配置
2021-06-05T17:21:42.814+0800	[34mINFO[0m	engine/engine.go:402	=====> 初始化导航栏按钮
2021-06-05T17:21:42.814+0800	[34mINFO[0m	engine/engine.go:402	=====> 初始化插件
2021-06-05T17:21:42.815+0800	[34mINFO[0m	engine/engine.go:402	=====> 初始化成功🍺🍺
2021-06-05T17:21:56.395+0800	[34mINFO[0m	engine/engine.go:402	=====> 初始化数据库连接
2021-06-05T17:21:56.398+0800	[34mINFO[0m	engine/engine.go:402	=====> 初始化配置
2021-06-05T17:21:56.400+0800	[34mINFO[0m	engine/engine.go:402	=====> 初始化导航栏按钮
2021-06-05T17:21:56.401+0800	[34mINFO[0m	engine/engine.go:402	=====> 初始化插件
2021-06-05T17:21:56.401+0800	[34mINFO[0m	engine/engine.go:402	=====> 初始化成功🍺🍺
2021-06-05T17:22:26.792+0800	[34mINFO[0m	engine/engine.go:402	=====> 初始化数据库连接
2021-06-05T17:22:26.795+0800	[34mINFO[0m	engine/engine.go:402	=====> 初始化配置
2021-06-05T17:22:26.797+0800	[34mINFO[0m	engine/engine.go:402	=====> 初始化导航栏按钮
2021-06-05T17:22:26.798+0800	[34mINFO[0m	engine/engine.go:402	=====> 初始化插件
2021-06-05T17:22:26.798+0800	[34mINFO[0m	engine/engine.go:402	=====> 初始化成功🍺🍺
2021-06-05T17:26:52.855+0800	[34mINFO[0m	engine/engine.go:402	=====> 初始化数据库连接
2021-06-05T17:26:52.858+0800	[34mINFO[0m	engine/engine.go:402	=====> 初始化配置
2021-06-05T17:26:52.859+0800	[34mINFO[0m	engine/engine.go:402	=====> 初始化导航栏按钮
2021-06-05T17:26:52.859+0800	[34mINFO[0m	engine/engine.go:402	=====> 初始化插件
2021-06-05T17:26:52.860+0800	[34mINFO[0m	engine/engine.go:402	=====> 初始化成功🍺🍺
2021-06-05T17:27:31.630+0800	[34mINFO[0m	engine/engine.go:402	=====> 初始化数据库连接
2021-06-05T17:27:31.633+0800	[34mINFO[0m	engine/engine.go:402	=====> 初始化配置
2021-06-05T17:27:31.635+0800	[34mINFO[0m	engine/engine.go:402	=====> 初始化导航栏按钮
2021-06-05T17:27:31.636+0800	[34mINFO[0m	engine/engine.go:402	=====> 初始化插件
2021-06-05T17:27:31.636+0800	[34mINFO[0m	engine/engine.go:402	=====> 初始化成功🍺🍺
2021-06-05T17:30:01.480+0800	[34mINFO[0m	engine/engine.go:402	=====> 初始化数据库连接
2021-06-05T17:30:01.484+0800	[34mINFO[0m	engine/engine.go:402	=====> 初始化配置
2021-06-05T17:30:01.485+0800	[34mINFO[0m	engine/engine.go:402	=====> 初始化导航栏按钮
2021-06-05T17:30:01.485+0800	[34mINFO[0m	engine/engine.go:402	=====> 初始化插件
2021-06-05T17:30:01.485+0800	[34mINFO[0m	engine/engine.go:402	=====> 初始化成功🍺🍺
2021-06-05T17:32:20.328+0800	[34mINFO[0m	engine/engine.go:402	=====> 初始化数据库连接
2021-06-05T17:32:20.330+0800	[34mINFO[0m	engine/engine.go:402	=====> 初始化配置
2021-06-05T17:32:20.333+0800	[34mINFO[0m	engine/engine.go:402	=====> 初始化导航栏按钮
2021-06-05T17:32:20.333+0800	[34mINFO[0m	engine/engine.go:402	=====> 初始化插件
2021-06-05T17:32:20.333+0800	[34mINFO[0m	engine/engine.go:402	=====> 初始化成功🍺🍺
2021-06-05T17:36:12.114+0800	[34mINFO[0m	engine/engine.go:402	=====> 初始化数据库连接
2021-06-05T17:36:12.117+0800	[34mINFO[0m	engine/engine.go:402	=====> 初始化配置
2021-06-05T17:36:12.120+0800	[34mINFO[0m	engine/engine.go:402	=====> 初始化导航栏按钮
2021-06-05T17:36:12.121+0800	[34mINFO[0m	engine/engine.go:402	=====> 初始化插件
2021-06-05T17:36:12.121+0800	[34mINFO[0m	engine/engine.go:402	=====> 初始化成功🍺🍺
2021-06-05T17:42:04.035+0800	[34mINFO[0m	engine/engine.go:402	=====> 初始化数据库连接
2021-06-05T17:42:04.038+0800	[34mINFO[0m	engine/engine.go:402	=====> 初始化配置
2021-06-05T17:42:04.041+0800	[34mINFO[0m	engine/engine.go:402	=====> 初始化导航栏按钮
2021-06-05T17:42:04.041+0800	[34mINFO[0m	engine/engine.go:402	=====> 初始化插件
2021-06-05T17:42:04.041+0800	[34mINFO[0m	engine/engine.go:402	=====> 初始化成功🍺🍺
2021-06-05T17:43:09.223+0800	[34mINFO[0m	engine/engine.go:402	=====> 初始化数据库连接
2021-06-05T17:43:09.226+0800	[34mINFO[0m	engine/engine.go:402	=====> 初始化配置
2021-06-05T17:43:09.228+0800	[34mINFO[0m	engine/engine.go:402	=====> 初始化导航栏按钮
2021-06-05T17:43:09.228+0800	[34mINFO[0m	engine/engine.go:402	=====> 初始化插件
2021-06-05T17:43:09.229+0800	[34mINFO[0m	engine/engine.go:402	=====> 初始化成功🍺🍺
2021-06-05T17:44:35.611+0800	[34mINFO[0m	engine/engine.go:402	=====> 初始化数据库连接
2021-06-05T17:44:35.614+0800	[34mINFO[0m	engine/engine.go:402	=====> 初始化配置
2021-06-05T17:44:35.617+0800	[34mINFO[0m	engine/engine.go:402	=====> 初始化导航栏按钮
2021-06-05T17:44:35.617+0800	[34mINFO[0m	engine/engine.go:402	=====> 初始化插件
2021-06-05T17:44:35.617+0800	[34mINFO[0m	engine/engine.go:402	=====> 初始化成功🍺🍺
2021-06-05T17:48:11.394+0800	[34mINFO[0m	engine/engine.go:402	=====> 初始化数据库连接
2021-06-05T17:48:11.398+0800	[34mINFO[0m	engine/engine.go:402	=====> 初始化配置
2021-06-05T17:48:11.400+0800	[34mINFO[0m	engine/engine.go:402	=====> 初始化导航栏按钮
2021-06-05T17:48:11.400+0800	[34mINFO[0m	engine/engine.go:402	=====> 初始化插件
2021-06-05T17:48:11.400+0800	[34mINFO[0m	engine/engine.go:402	=====> 初始化成功🍺🍺
2021-06-05T17:48:48.757+0800	[34mINFO[0m	engine/engine.go:402	=====> 初始化数据库连接
2021-06-05T17:48:48.760+0800	[34mINFO[0m	engine/engine.go:402	=====> 初始化配置
2021-06-05T17:48:48.762+0800	[34mINFO[0m	engine/engine.go:402	=====> 初始化导航栏按钮
2021-06-05T17:48:48.762+0800	[34mINFO[0m	engine/engine.go:402	=====> 初始化插件
2021-06-05T17:48:48.762+0800	[34mINFO[0m	engine/engine.go:402	=====> 初始化成功🍺🍺
2021-06-05T17:51:28.700+0800	[34mINFO[0m	engine/engine.go:402	=====> 初始化数据库连接
2021-06-05T17:51:28.703+0800	[34mINFO[0m	engine/engine.go:402	=====> 初始化配置
2021-06-05T17:51:28.705+0800	[34mINFO[0m	engine/engine.go:402	=====> 初始化导航栏按钮
2021-06-05T17:51:28.705+0800	[34mINFO[0m	engine/engine.go:402	=====> 初始化插件
2021-06-05T17:51:28.705+0800	[34mINFO[0m	engine/engine.go:402	=====> 初始化成功🍺🍺
2021-06-05T17:52:32.272+0800	[34mINFO[0m	engine/engine.go:402	=====> 初始化数据库连接
2021-06-05T17:52:32.276+0800	[34mINFO[0m	engine/engine.go:402	=====> 初始化配置
2021-06-05T17:52:32.279+0800	[34mINFO[0m	engine/engine.go:402	=====> 初始化导航栏按钮
2021-06-05T17:52:32.279+0800	[34mINFO[0m	engine/engine.go:402	=====> 初始化插件
2021-06-05T17:52:32.279+0800	[34mINFO[0m	engine/engine.go:402	=====> 初始化成功🍺🍺
2021-06-05T17:52:48.931+0800	[34mINFO[0m	engine/engine.go:402	=====> 初始化数据库连接
2021-06-05T17:52:48.934+0800	[34mINFO[0m	engine/engine.go:402	=====> 初始化配置
2021-06-05T17:52:48.937+0800	[34mINFO[0m	engine/engine.go:402	=====> 初始化导航栏按钮
2021-06-05T17:52:48.937+0800	[34mINFO[0m	engine/engine.go:402	=====> 初始化插件
2021-06-05T17:52:48.937+0800	[34mINFO[0m	engine/engine.go:402	=====> 初始化成功🍺🍺
2021-06-05T17:53:20.152+0800	[34mINFO[0m	engine/engine.go:402	=====> 初始化数据库连接
2021-06-05T17:53:20.155+0800	[34mINFO[0m	engine/engine.go:402	=====> 初始化配置
2021-06-05T17:53:20.157+0800	[34mINFO[0m	engine/engine.go:402	=====> 初始化导航栏按钮
2021-06-05T17:53:20.157+0800	[34mINFO[0m	engine/engine.go:402	=====> 初始化插件
2021-06-05T17:53:20.157+0800	[34mINFO[0m	engine/engine.go:402	=====> 初始化成功🍺🍺
2021-06-05T17:55:12.401+0800	[34mINFO[0m	engine/engine.go:402	=====> 初始化数据库连接
2021-06-05T17:55:12.405+0800	[34mINFO[0m	engine/engine.go:402	=====> 初始化配置
2021-06-05T17:55:12.408+0800	[34mINFO[0m	engine/engine.go:402	=====> 初始化导航栏按钮
2021-06-05T17:55:12.408+0800	[34mINFO[0m	engine/engine.go:402	=====> 初始化插件
2021-06-05T17:55:12.408+0800	[34mINFO[0m	engine/engine.go:402	=====> 初始化成功🍺🍺
2021-06-05T17:56:04.688+0800	[34mINFO[0m	engine/engine.go:402	=====> 初始化数据库连接
2021-06-05T17:56:04.691+0800	[34mINFO[0m	engine/engine.go:402	=====> 初始化配置
2021-06-05T17:56:04.694+0800	[34mINFO[0m	engine/engine.go:402	=====> 初始化导航栏按钮
2021-06-05T17:56:04.694+0800	[34mINFO[0m	engine/engine.go:402	=====> 初始化插件
2021-06-05T17:56:04.694+0800	[34mINFO[0m	engine/engine.go:402	=====> 初始化成功🍺🍺
2021-06-05T17:56:32.443+0800	[34mINFO[0m	engine/engine.go:402	=====> 初始化数据库连接
2021-06-05T17:56:32.446+0800	[34mINFO[0m	engine/engine.go:402	=====> 初始化配置
2021-06-05T17:56:32.448+0800	[34mINFO[0m	engine/engine.go:402	=====> 初始化导航栏按钮
2021-06-05T17:56:32.448+0800	[34mINFO[0m	engine/engine.go:402	=====> 初始化插件
2021-06-05T17:56:32.448+0800	[34mINFO[0m	engine/engine.go:402	=====> 初始化成功🍺🍺
2021-06-05T17:57:19.730+0800	[34mINFO[0m	engine/engine.go:402	=====> 初始化数据库连接
2021-06-05T17:57:19.733+0800	[34mINFO[0m	engine/engine.go:402	=====> 初始化配置
2021-06-05T17:57:19.735+0800	[34mINFO[0m	engine/engine.go:402	=====> 初始化导航栏按钮
2021-06-05T17:57:19.735+0800	[34mINFO[0m	engine/engine.go:402	=====> 初始化插件
2021-06-05T17:57:19.735+0800	[34mINFO[0m	engine/engine.go:402	=====> 初始化成功🍺🍺
2021-06-05T17:57:33.793+0800	[34mINFO[0m	engine/engine.go:402	=====> 初始化数据库连接
2021-06-05T17:57:33.796+0800	[34mINFO[0m	engine/engine.go:402	=====> 初始化配置
2021-06-05T17:57:33.799+0800	[34mINFO[0m	engine/engine.go:402	=====> 初始化导航栏按钮
2021-06-05T17:57:33.799+0800	[34mINFO[0m	engine/engine.go:402	=====> 初始化插件
2021-06-05T17:57:33.799+0800	[34mINFO[0m	engine/engine.go:402	=====> 初始化成功🍺🍺
2021-06-05T17:59:17.622+0800	[34mINFO[0m	engine/engine.go:402	=====> 初始化数据库连接
2021-06-05T17:59:17.625+0800	[34mINFO[0m	engine/engine.go:402	=====> 初始化配置
2021-06-05T17:59:17.628+0800	[34mINFO[0m	engine/engine.go:402	=====> 初始化导航栏按钮
2021-06-05T17:59:17.628+0800	[34mINFO[0m	engine/engine.go:402	=====> 初始化插件
2021-06-05T17:59:17.628+0800	[34mINFO[0m	engine/engine.go:402	=====> 初始化成功🍺🍺
2021-06-05T18:00:53.791+0800	[34mINFO[0m	engine/engine.go:402	=====> 初始化数据库连接
2021-06-05T18:00:53.795+0800	[34mINFO[0m	engine/engine.go:402	=====> 初始化配置
2021-06-05T18:00:53.796+0800	[34mINFO[0m	engine/engine.go:402	=====> 初始化导航栏按钮
2021-06-05T18:00:53.796+0800	[34mINFO[0m	engine/engine.go:402	=====> 初始化插件
2021-06-05T18:00:53.797+0800	[34mINFO[0m	engine/engine.go:402	=====> 初始化成功🍺🍺
2021-06-05T18:01:53.565+0800	[34mINFO[0m	engine/engine.go:402	=====> 初始化数据库连接
2021-06-05T18:01:53.567+0800	[34mINFO[0m	engine/engine.go:402	=====> 初始化配置
2021-06-05T18:01:53.569+0800	[34mINFO[0m	engine/engine.go:402	=====> 初始化导航栏按钮
2021-06-05T18:01:53.570+0800	[34mINFO[0m	engine/engine.go:402	=====> 初始化插件
2021-06-05T18:01:53.570+0800	[34mINFO[0m	engine/engine.go:402	=====> 初始化成功🍺🍺
2021-06-05T18:02:37.362+0800	[34mINFO[0m	engine/engine.go:402	=====> 初始化数据库连接
2021-06-05T18:02:37.365+0800	[34mINFO[0m	engine/engine.go:402	=====> 初始化配置
2021-06-05T18:02:37.367+0800	[34mINFO[0m	engine/engine.go:402	=====> 初始化导航栏按钮
2021-06-05T18:02:37.367+0800	[34mINFO[0m	engine/engine.go:402	=====> 初始化插件
2021-06-05T18:02:37.367+0800	[34mINFO[0m	engine/engine.go:402	=====> 初始化成功🍺🍺
2021-06-05T18:07:17.995+0800	[34mINFO[0m	engine/engine.go:402	=====> 初始化数据库连接
2021-06-05T18:07:17.999+0800	[34mINFO[0m	engine/engine.go:402	=====> 初始化配置
2021-06-05T18:07:18.000+0800	[34mINFO[0m	engine/engine.go:402	=====> 初始化导航栏按钮
2021-06-05T18:07:18.001+0800	[34mINFO[0m	engine/engine.go:402	=====> 初始化插件
2021-06-05T18:07:18.001+0800	[34mINFO[0m	engine/engine.go:402	=====> 初始化成功🍺🍺
2021-06-05T18:11:01.522+0800	[34mINFO[0m	engine/engine.go:402	=====> 初始化数据库连接
2021-06-05T18:11:01.525+0800	[34mINFO[0m	engine/engine.go:402	=====> 初始化配置
2021-06-05T18:11:01.528+0800	[34mINFO[0m	engine/engine.go:402	=====> 初始化导航栏按钮
2021-06-05T18:11:01.528+0800	[34mINFO[0m	engine/engine.go:402	=====> 初始化插件
2021-06-05T18:11:01.528+0800	[34mINFO[0m	engine/engine.go:402	=====> 初始化成功🍺🍺
2021-06-05T18:13:21.834+0800	[34mINFO[0m	engine/engine.go:402	=====> 初始化数据库连接
2021-06-05T18:13:21.837+0800	[34mINFO[0m	engine/engine.go:402	=====> 初始化配置
2021-06-05T18:13:21.840+0800	[34mINFO[0m	engine/engine.go:402	=====> 初始化导航栏按钮
2021-06-05T18:13:21.840+0800	[34mINFO[0m	engine/engine.go:402	=====> 初始化插件
2021-06-05T18:13:21.840+0800	[34mINFO[0m	engine/engine.go:402	=====> 初始化成功🍺🍺
2021-06-05T18:13:57.035+0800	[34mINFO[0m	engine/engine.go:402	=====> 初始化数据库连接
2021-06-05T18:13:57.039+0800	[34mINFO[0m	engine/engine.go:402	=====> 初始化配置
2021-06-05T18:13:57.041+0800	[34mINFO[0m	engine/engine.go:402	=====> 初始化导航栏按钮
2021-06-05T18:13:57.041+0800	[34mINFO[0m	engine/engine.go:402	=====> 初始化插件
2021-06-05T18:13:57.041+0800	[34mINFO[0m	engine/engine.go:402	=====> 初始化成功🍺🍺
2021-06-05T18:18:00.529+0800	[34mINFO[0m	engine/engine.go:402	=====> 初始化数据库连接
2021-06-05T18:18:00.533+0800	[34mINFO[0m	engine/engine.go:402	=====> 初始化配置
2021-06-05T18:18:00.535+0800	[34mINFO[0m	engine/engine.go:402	=====> 初始化导航栏按钮
2021-06-05T18:18:00.536+0800	[34mINFO[0m	engine/engine.go:402	=====> 初始化插件
2021-06-05T18:18:00.536+0800	[34mINFO[0m	engine/engine.go:402	=====> 初始化成功🍺🍺
2021-06-05T18:18:25.887+0800	[34mINFO[0m	engine/engine.go:402	=====> 初始化数据库连接
2021-06-05T18:18:25.891+0800	[34mINFO[0m	engine/engine.go:402	=====> 初始化配置
2021-06-05T18:18:25.892+0800	[34mINFO[0m	engine/engine.go:402	=====> 初始化导航栏按钮
2021-06-05T18:18:25.893+0800	[34mINFO[0m	engine/engine.go:402	=====> 初始化插件
2021-06-05T18:18:25.893+0800	[34mINFO[0m	engine/engine.go:402	=====> 初始化成功🍺🍺
2021-06-05T18:19:55.060+0800	[34mINFO[0m	engine/engine.go:402	=====> 初始化数据库连接
2021-06-05T18:19:55.064+0800	[34mINFO[0m	engine/engine.go:402	=====> 初始化配置
2021-06-05T18:19:55.066+0800	[34mINFO[0m	engine/engine.go:402	=====> 初始化导航栏按钮
2021-06-05T18:19:55.067+0800	[34mINFO[0m	engine/engine.go:402	=====> 初始化插件
2021-06-05T18:19:55.067+0800	[34mINFO[0m	engine/engine.go:402	=====> 初始化成功🍺🍺
2021-06-05T18:21:37.276+0800	[34mINFO[0m	engine/engine.go:402	=====> 初始化数据库连接
2021-06-05T18:21:37.279+0800	[34mINFO[0m	engine/engine.go:402	=====> 初始化配置
2021-06-05T18:21:37.281+0800	[34mINFO[0m	engine/engine.go:402	=====> 初始化导航栏按钮
2021-06-05T18:21:37.281+0800	[34mINFO[0m	engine/engine.go:402	=====> 初始化插件
2021-06-05T18:21:37.281+0800	[34mINFO[0m	engine/engine.go:402	=====> 初始化成功🍺🍺
2021-06-05T18:32:07.770+0800	[34mINFO[0m	engine/engine.go:402	=====> 初始化数据库连接
2021-06-05T18:32:07.774+0800	[34mINFO[0m	engine/engine.go:402	=====> 初始化配置
2021-06-05T18:32:07.775+0800	[34mINFO[0m	engine/engine.go:402	=====> 初始化导航栏按钮
2021-06-05T18:32:07.775+0800	[34mINFO[0m	engine/engine.go:402	=====> 初始化插件
2021-06-05T18:32:07.775+0800	[34mINFO[0m	engine/engine.go:402	=====> 初始化成功🍺🍺
2021-06-05T18:34:55.035+0800	[34mINFO[0m	engine/engine.go:402	=====> 初始化数据库连接
2021-06-05T18:34:55.039+0800	[34mINFO[0m	engine/engine.go:402	=====> 初始化配置
2021-06-05T18:34:55.041+0800	[34mINFO[0m	engine/engine.go:402	=====> 初始化导航栏按钮
2021-06-05T18:34:55.041+0800	[34mINFO[0m	engine/engine.go:402	=====> 初始化插件
2021-06-05T18:34:55.042+0800	[34mINFO[0m	engine/engine.go:402	=====> 初始化成功🍺🍺
2021-06-05T18:49:17.552+0800	[34mINFO[0m	engine/engine.go:402	=====> 初始化数据库连接
2021-06-05T18:49:17.555+0800	[34mINFO[0m	engine/engine.go:402	=====> 初始化配置
2021-06-05T18:49:17.557+0800	[34mINFO[0m	engine/engine.go:402	=====> 初始化导航栏按钮
2021-06-05T18:49:17.557+0800	[34mINFO[0m	engine/engine.go:402	=====> 初始化插件
2021-06-05T18:49:17.557+0800	[34mINFO[0m	engine/engine.go:402	=====> 初始化成功🍺🍺
2021-06-05T19:11:49.031+0800	[34mINFO[0m	engine/engine.go:402	=====> 初始化数据库连接
2021-06-05T19:11:49.034+0800	[34mINFO[0m	engine/engine.go:402	=====> 初始化配置
2021-06-05T19:11:49.036+0800	[34mINFO[0m	engine/engine.go:402	=====> 初始化导航栏按钮
2021-06-05T19:11:49.036+0800	[34mINFO[0m	engine/engine.go:402	=====> 初始化插件
2021-06-05T19:11:49.036+0800	[34mINFO[0m	engine/engine.go:402	=====> 初始化成功🍺🍺
2021-06-05T19:12:45.032+0800	[34mINFO[0m	engine/engine.go:402	=====> 初始化数据库连接
2021-06-05T19:12:45.035+0800	[34mINFO[0m	engine/engine.go:402	=====> 初始化配置
2021-06-05T19:12:45.037+0800	[34mINFO[0m	engine/engine.go:402	=====> 初始化导航栏按钮
2021-06-05T19:12:45.038+0800	[34mINFO[0m	engine/engine.go:402	=====> 初始化插件
2021-06-05T19:12:45.038+0800	[34mINFO[0m	engine/engine.go:402	=====> 初始化成功🍺🍺
2021-06-05T19:13:45.471+0800	[34mINFO[0m	engine/engine.go:402	=====> 初始化数据库连接
2021-06-05T19:13:45.475+0800	[34mINFO[0m	engine/engine.go:402	=====> 初始化配置
2021-06-05T19:13:45.482+0800	[34mINFO[0m	engine/engine.go:402	=====> 初始化导航栏按钮
2021-06-05T19:13:45.483+0800	[34mINFO[0m	engine/engine.go:402	=====> 初始化插件
2021-06-05T19:13:45.483+0800	[34mINFO[0m	engine/engine.go:402	=====> 初始化成功🍺🍺
2021-06-05T19:14:14.429+0800	[34mINFO[0m	engine/engine.go:402	=====> 初始化数据库连接
2021-06-05T19:14:14.433+0800	[34mINFO[0m	engine/engine.go:402	=====> 初始化配置
2021-06-05T19:14:14.434+0800	[34mINFO[0m	engine/engine.go:402	=====> 初始化导航栏按钮
2021-06-05T19:14:14.434+0800	[34mINFO[0m	engine/engine.go:402	=====> 初始化插件
2021-06-05T19:14:14.434+0800	[34mINFO[0m	engine/engine.go:402	=====> 初始化成功🍺🍺
2021-06-05T19:21:11.513+0800	[34mINFO[0m	engine/engine.go:402	=====> 初始化数据库连接
2021-06-05T19:21:11.516+0800	[34mINFO[0m	engine/engine.go:402	=====> 初始化配置
2021-06-05T19:21:11.517+0800	[34mINFO[0m	engine/engine.go:402	=====> 初始化导航栏按钮
2021-06-05T19:21:11.517+0800	[34mINFO[0m	engine/engine.go:402	=====> 初始化插件
2021-06-05T19:21:11.517+0800	[34mINFO[0m	engine/engine.go:402	=====> 初始化成功🍺🍺
2021-06-05T19:21:35.191+0800	[34mINFO[0m	engine/engine.go:402	=====> 初始化数据库连接
2021-06-05T19:21:35.195+0800	[34mINFO[0m	engine/engine.go:402	=====> 初始化配置
2021-06-05T19:21:35.197+0800	[34mINFO[0m	engine/engine.go:402	=====> 初始化导航栏按钮
2021-06-05T19:21:35.197+0800	[34mINFO[0m	engine/engine.go:402	=====> 初始化插件
2021-06-05T19:21:35.197+0800	[34mINFO[0m	engine/engine.go:402	=====> 初始化成功🍺🍺
2021-06-05T19:22:18.964+0800	[34mINFO[0m	engine/engine.go:402	=====> 初始化数据库连接
2021-06-05T19:22:18.967+0800	[34mINFO[0m	engine/engine.go:402	=====> 初始化配置
2021-06-05T19:22:18.970+0800	[34mINFO[0m	engine/engine.go:402	=====> 初始化导航栏按钮
2021-06-05T19:22:18.970+0800	[34mINFO[0m	engine/engine.go:402	=====> 初始化插件
2021-06-05T19:22:18.970+0800	[34mINFO[0m	engine/engine.go:402	=====> 初始化成功🍺🍺
2021-06-05T19:26:23.029+0800	[34mINFO[0m	engine/engine.go:402	=====> 初始化数据库连接
2021-06-05T19:26:23.033+0800	[34mINFO[0m	engine/engine.go:402	=====> 初始化配置
2021-06-05T19:26:23.034+0800	[34mINFO[0m	engine/engine.go:402	=====> 初始化导航栏按钮
2021-06-05T19:26:23.034+0800	[34mINFO[0m	engine/engine.go:402	=====> 初始化插件
2021-06-05T19:26:23.034+0800	[34mINFO[0m	engine/engine.go:402	=====> 初始化成功🍺🍺
2021-06-05T19:38:16.903+0800	[34mINFO[0m	engine/engine.go:402	=====> 初始化数据库连接
2021-06-05T19:38:16.907+0800	[34mINFO[0m	engine/engine.go:402	=====> 初始化配置
2021-06-05T19:38:16.910+0800	[34mINFO[0m	engine/engine.go:402	=====> 初始化导航栏按钮
2021-06-05T19:38:16.910+0800	[34mINFO[0m	engine/engine.go:402	=====> 初始化插件
2021-06-05T19:38:16.910+0800	[34mINFO[0m	engine/engine.go:402	=====> 初始化成功🍺🍺
2021-06-05T19:39:45.307+0800	[34mINFO[0m	engine/engine.go:402	=====> 初始化数据库连接
2021-06-05T19:39:45.310+0800	[34mINFO[0m	engine/engine.go:402	=====> 初始化配置
2021-06-05T19:39:45.312+0800	[34mINFO[0m	engine/engine.go:402	=====> 初始化导航栏按钮
2021-06-05T19:39:45.313+0800	[34mINFO[0m	engine/engine.go:402	=====> 初始化插件
2021-06-05T19:39:45.313+0800	[34mINFO[0m	engine/engine.go:402	=====> 初始化成功🍺🍺
2021-06-05T19:45:42.381+0800	[34mINFO[0m	engine/engine.go:402	=====> 初始化数据库连接
2021-06-05T19:45:42.384+0800	[34mINFO[0m	engine/engine.go:402	=====> 初始化配置
2021-06-05T19:45:42.386+0800	[34mINFO[0m	engine/engine.go:402	=====> 初始化导航栏按钮
2021-06-05T19:45:42.386+0800	[34mINFO[0m	engine/engine.go:402	=====> 初始化插件
2021-06-05T19:45:42.386+0800	[34mINFO[0m	engine/engine.go:402	=====> 初始化成功🍺🍺
2021-06-05T19:47:47.200+0800	[34mINFO[0m	engine/engine.go:402	=====> 初始化数据库连接
2021-06-05T19:47:47.204+0800	[34mINFO[0m	engine/engine.go:402	=====> 初始化配置
2021-06-05T19:47:47.206+0800	[34mINFO[0m	engine/engine.go:402	=====> 初始化导航栏按钮
2021-06-05T19:47:47.206+0800	[34mINFO[0m	engine/engine.go:402	=====> 初始化插件
2021-06-05T19:47:47.206+0800	[34mINFO[0m	engine/engine.go:402	=====> 初始化成功🍺🍺
2021-06-05T19:50:38.048+0800	[34mINFO[0m	engine/engine.go:402	=====> 初始化数据库连接
2021-06-05T19:50:38.052+0800	[34mINFO[0m	engine/engine.go:402	=====> 初始化配置
2021-06-05T19:50:38.054+0800	[34mINFO[0m	engine/engine.go:402	=====> 初始化导航栏按钮
2021-06-05T19:50:38.054+0800	[34mINFO[0m	engine/engine.go:402	=====> 初始化插件
2021-06-05T19:50:38.054+0800	[34mINFO[0m	engine/engine.go:402	=====> 初始化成功🍺🍺
2021-06-05T19:57:49.239+0800	[34mINFO[0m	engine/engine.go:402	=====> 初始化数据库连接
2021-06-05T19:57:49.242+0800	[34mINFO[0m	engine/engine.go:402	=====> 初始化配置
2021-06-05T19:57:49.244+0800	[34mINFO[0m	engine/engine.go:402	=====> 初始化导航栏按钮
2021-06-05T19:57:49.245+0800	[34mINFO[0m	engine/engine.go:402	=====> 初始化插件
2021-06-05T19:57:49.245+0800	[34mINFO[0m	engine/engine.go:402	=====> 初始化成功🍺🍺
2021-06-05T20:12:32.280+0800	[34mINFO[0m	engine/engine.go:402	=====> 初始化数据库连接
2021-06-05T20:12:32.283+0800	[34mINFO[0m	engine/engine.go:402	=====> 初始化配置
2021-06-05T20:12:32.285+0800	[34mINFO[0m	engine/engine.go:402	=====> 初始化导航栏按钮
2021-06-05T20:12:32.285+0800	[34mINFO[0m	engine/engine.go:402	=====> 初始化插件
2021-06-05T20:12:32.285+0800	[34mINFO[0m	engine/engine.go:402	=====> 初始化成功🍺🍺
2021-06-05T20:13:26.563+0800	[34mINFO[0m	engine/engine.go:402	=====> 初始化数据库连接
2021-06-05T20:13:26.567+0800	[34mINFO[0m	engine/engine.go:402	=====> 初始化配置
2021-06-05T20:13:26.569+0800	[34mINFO[0m	engine/engine.go:402	=====> 初始化导航栏按钮
2021-06-05T20:13:26.569+0800	[34mINFO[0m	engine/engine.go:402	=====> 初始化插件
2021-06-05T20:13:26.569+0800	[34mINFO[0m	engine/engine.go:402	=====> 初始化成功🍺🍺
2021-06-05T20:13:45.230+0800	[34mINFO[0m	engine/engine.go:402	=====> 初始化数据库连接
2021-06-05T20:13:45.233+0800	[34mINFO[0m	engine/engine.go:402	=====> 初始化配置
2021-06-05T20:13:45.236+0800	[34mINFO[0m	engine/engine.go:402	=====> 初始化导航栏按钮
2021-06-05T20:13:45.236+0800	[34mINFO[0m	engine/engine.go:402	=====> 初始化插件
2021-06-05T20:13:45.236+0800	[34mINFO[0m	engine/engine.go:402	=====> 初始化成功🍺🍺
2021-06-05T20:27:11.267+0800	[34mINFO[0m	engine/engine.go:402	=====> 初始化数据库连接
2021-06-05T20:27:11.271+0800	[34mINFO[0m	engine/engine.go:402	=====> 初始化配置
2021-06-05T20:27:11.273+0800	[34mINFO[0m	engine/engine.go:402	=====> 初始化导航栏按钮
2021-06-05T20:27:11.274+0800	[34mINFO[0m	engine/engine.go:402	=====> 初始化插件
2021-06-05T20:27:11.274+0800	[34mINFO[0m	engine/engine.go:402	=====> 初始化成功🍺🍺
2021-06-05T20:27:44.768+0800	[34mINFO[0m	engine/engine.go:402	=====> 初始化数据库连接
2021-06-05T20:27:44.772+0800	[34mINFO[0m	engine/engine.go:402	=====> 初始化配置
2021-06-05T20:27:44.775+0800	[34mINFO[0m	engine/engine.go:402	=====> 初始化导航栏按钮
2021-06-05T20:27:44.776+0800	[34mINFO[0m	engine/engine.go:402	=====> 初始化插件
2021-06-05T20:27:44.776+0800	[34mINFO[0m	engine/engine.go:402	=====> 初始化成功🍺🍺
2021-06-05T20:28:47.051+0800	[34mINFO[0m	engine/engine.go:402	=====> 初始化数据库连接
2021-06-05T20:28:47.054+0800	[34mINFO[0m	engine/engine.go:402	=====> 初始化配置
2021-06-05T20:28:47.056+0800	[34mINFO[0m	engine/engine.go:402	=====> 初始化导航栏按钮
2021-06-05T20:28:47.056+0800	[34mINFO[0m	engine/engine.go:402	=====> 初始化插件
2021-06-05T20:28:47.056+0800	[34mINFO[0m	engine/engine.go:402	=====> 初始化成功🍺🍺
2021-06-05T20:30:53.820+0800	[34mINFO[0m	engine/engine.go:402	=====> 初始化数据库连接
2021-06-05T20:30:53.824+0800	[34mINFO[0m	engine/engine.go:402	=====> 初始化配置
2021-06-05T20:30:53.826+0800	[34mINFO[0m	engine/engine.go:402	=====> 初始化导航栏按钮
2021-06-05T20:30:53.826+0800	[34mINFO[0m	engine/engine.go:402	=====> 初始化插件
2021-06-05T20:30:53.827+0800	[34mINFO[0m	engine/engine.go:402	=====> 初始化成功🍺🍺
2021-06-05T20:32:25.482+0800	[34mINFO[0m	engine/engine.go:402	=====> 初始化数据库连接
2021-06-05T20:32:25.487+0800	[34mINFO[0m	engine/engine.go:402	=====> 初始化配置
2021-06-05T20:32:25.490+0800	[34mINFO[0m	engine/engine.go:402	=====> 初始化导航栏按钮
2021-06-05T20:32:25.490+0800	[34mINFO[0m	engine/engine.go:402	=====> 初始化插件
2021-06-05T20:32:25.490+0800	[34mINFO[0m	engine/engine.go:402	=====> 初始化成功🍺🍺
2021-06-05T20:37:14.192+0800	[34mINFO[0m	engine/engine.go:402	=====> 初始化数据库连接
2021-06-05T20:37:14.195+0800	[34mINFO[0m	engine/engine.go:402	=====> 初始化配置
2021-06-05T20:37:14.199+0800	[34mINFO[0m	engine/engine.go:402	=====> 初始化导航栏按钮
2021-06-05T20:37:14.199+0800	[34mINFO[0m	engine/engine.go:402	=====> 初始化插件
2021-06-05T20:37:14.199+0800	[34mINFO[0m	engine/engine.go:402	=====> 初始化成功🍺🍺
2021-06-05T20:39:15.885+0800	[34mINFO[0m	engine/engine.go:402	=====> 初始化数据库连接
2021-06-05T20:39:15.890+0800	[34mINFO[0m	engine/engine.go:402	=====> 初始化配置
2021-06-05T20:39:15.893+0800	[34mINFO[0m	engine/engine.go:402	=====> 初始化导航栏按钮
2021-06-05T20:39:15.893+0800	[34mINFO[0m	engine/engine.go:402	=====> 初始化插件
2021-06-05T20:39:15.894+0800	[34mINFO[0m	engine/engine.go:402	=====> 初始化成功🍺🍺
2021-06-05T20:42:25.698+0800	[34mINFO[0m	engine/engine.go:402	=====> 初始化数据库连接
2021-06-05T20:42:25.702+0800	[34mINFO[0m	engine/engine.go:402	=====> 初始化配置
2021-06-05T20:42:25.704+0800	[34mINFO[0m	engine/engine.go:402	=====> 初始化导航栏按钮
2021-06-05T20:42:25.705+0800	[34mINFO[0m	engine/engine.go:402	=====> 初始化插件
2021-06-05T20:42:25.705+0800	[34mINFO[0m	engine/engine.go:402	=====> 初始化成功🍺🍺
2021-06-05T20:43:08.984+0800	[34mINFO[0m	engine/engine.go:402	=====> 初始化数据库连接
2021-06-05T20:43:08.989+0800	[34mINFO[0m	engine/engine.go:402	=====> 初始化配置
2021-06-05T20:43:08.991+0800	[34mINFO[0m	engine/engine.go:402	=====> 初始化导航栏按钮
2021-06-05T20:43:08.991+0800	[34mINFO[0m	engine/engine.go:402	=====> 初始化插件
2021-06-05T20:43:08.991+0800	[34mINFO[0m	engine/engine.go:402	=====> 初始化成功🍺🍺
2021-06-05T20:43:32.239+0800	[34mINFO[0m	engine/engine.go:402	=====> 初始化数据库连接
2021-06-05T20:43:32.242+0800	[34mINFO[0m	engine/engine.go:402	=====> 初始化配置
2021-06-05T20:43:32.245+0800	[34mINFO[0m	engine/engine.go:402	=====> 初始化导航栏按钮
2021-06-05T20:43:32.245+0800	[34mINFO[0m	engine/engine.go:402	=====> 初始化插件
2021-06-05T20:43:32.245+0800	[34mINFO[0m	engine/engine.go:402	=====> 初始化成功🍺🍺
2021-06-05T20:44:08.469+0800	[34mINFO[0m	engine/engine.go:402	=====> 初始化数据库连接
2021-06-05T20:44:08.473+0800	[34mINFO[0m	engine/engine.go:402	=====> 初始化配置
2021-06-05T20:44:08.475+0800	[34mINFO[0m	engine/engine.go:402	=====> 初始化导航栏按钮
2021-06-05T20:44:08.475+0800	[34mINFO[0m	engine/engine.go:402	=====> 初始化插件
2021-06-05T20:44:08.476+0800	[34mINFO[0m	engine/engine.go:402	=====> 初始化成功🍺🍺
2021-06-05T20:47:43.988+0800	[34mINFO[0m	engine/engine.go:402	=====> 初始化数据库连接
2021-06-05T20:47:43.993+0800	[34mINFO[0m	engine/engine.go:402	=====> 初始化配置
2021-06-05T20:47:43.995+0800	[34mINFO[0m	engine/engine.go:402	=====> 初始化导航栏按钮
2021-06-05T20:47:43.996+0800	[34mINFO[0m	engine/engine.go:402	=====> 初始化插件
2021-06-05T20:47:43.996+0800	[34mINFO[0m	engine/engine.go:402	=====> 初始化成功🍺🍺
2021-06-05T20:48:19.963+0800	[34mINFO[0m	engine/engine.go:402	=====> 初始化数据库连接
2021-06-05T20:48:19.967+0800	[34mINFO[0m	engine/engine.go:402	=====> 初始化配置
2021-06-05T20:48:19.969+0800	[34mINFO[0m	engine/engine.go:402	=====> 初始化导航栏按钮
2021-06-05T20:48:19.969+0800	[34mINFO[0m	engine/engine.go:402	=====> 初始化插件
2021-06-05T20:48:19.969+0800	[34mINFO[0m	engine/engine.go:402	=====> 初始化成功🍺🍺
2021-06-05T20:49:51.502+0800	[34mINFO[0m	engine/engine.go:402	=====> 初始化数据库连接
2021-06-05T20:49:51.505+0800	[34mINFO[0m	engine/engine.go:402	=====> 初始化配置
2021-06-05T20:49:51.507+0800	[34mINFO[0m	engine/engine.go:402	=====> 初始化导航栏按钮
2021-06-05T20:49:51.508+0800	[34mINFO[0m	engine/engine.go:402	=====> 初始化插件
2021-06-05T20:49:51.508+0800	[34mINFO[0m	engine/engine.go:402	=====> 初始化成功🍺🍺
2021-06-05T20:53:18.830+0800	[34mINFO[0m	engine/engine.go:402	=====> 初始化数据库连接
2021-06-05T20:53:18.834+0800	[34mINFO[0m	engine/engine.go:402	=====> 初始化配置
2021-06-05T20:53:18.837+0800	[34mINFO[0m	engine/engine.go:402	=====> 初始化导航栏按钮
2021-06-05T20:53:18.837+0800	[34mINFO[0m	engine/engine.go:402	=====> 初始化插件
2021-06-05T20:53:18.837+0800	[34mINFO[0m	engine/engine.go:402	=====> 初始化成功🍺🍺
2021-06-05T20:55:50.647+0800	[34mINFO[0m	engine/engine.go:402	=====> 初始化数据库连接
2021-06-05T20:55:50.650+0800	[34mINFO[0m	engine/engine.go:402	=====> 初始化配置
2021-06-05T20:55:50.653+0800	[34mINFO[0m	engine/engine.go:402	=====> 初始化导航栏按钮
2021-06-05T20:55:50.653+0800	[34mINFO[0m	engine/engine.go:402	=====> 初始化插件
2021-06-05T20:55:50.654+0800	[34mINFO[0m	engine/engine.go:402	=====> 初始化成功🍺🍺
